Determining if the pthread_create exist failed with the following output:
Change Dir: /home/mikroszolos/kcl/robotics/ros/ws_moveit/build/geometric_shapes/CMakeFiles/CMakeTmp

Run Build Command:"/usr/bin/make" "cmTC_27e3e/fast"
/usr/bin/make -f CMakeFiles/cmTC_27e3e.dir/build.make CMakeFiles/cmTC_27e3e.dir/build
make[1]: Entering directory '/home/mikroszolos/kcl/robotics/ros/ws_moveit/build/geometric_shapes/CMakeFiles/CMakeTmp'
Building C object CMakeFiles/cmTC_27e3e.dir/CheckSymbolExists.c.o
/usr/bin/cc    -o CMakeFiles/cmTC_27e3e.dir/CheckSymbolExists.c.o   -c /home/mikroszolos/kcl/robotics/ros/ws_moveit/build/geometric_shapes/CMakeFiles/CMakeTmp/CheckSymbolExists.c
Linking C executable cmTC_27e3e
/usr/bin/cmake -E cmake_link_script CMakeFiles/cmTC_27e3e.dir/link.txt --verbose=1
/usr/bin/cc      -rdynamic CMakeFiles/cmTC_27e3e.dir/CheckSymbolExists.c.o  -o cmTC_27e3e 
CMakeFiles/cmTC_27e3e.dir/CheckSymbolExists.c.o: In function `main':
CheckSymbolExists.c:(.text+0x1b): undefined reference to `pthread_create'
collect2: error: ld returned 1 exit status
CMakeFiles/cmTC_27e3e.dir/build.make:97: recipe for target 'cmTC_27e3e' failed
make[1]: *** [cmTC_27e3e] Error 1
make[1]: Leaving directory '/home/mikroszolos/kcl/robotics/ros/ws_moveit/build/geometric_shapes/CMakeFiles/CMakeTmp'
Makefile:126: recipe for target 'cmTC_27e3e/fast' failed
make: *** [cmTC_27e3e/fast] Error 2

File /home/mikroszolos/kcl/robotics/ros/ws_moveit/build/geometric_shapes/CMakeFiles/CMakeTmp/CheckSymbolExists.c:
/* */
#include <pthread.h>

int main(int argc, char** argv)
{
  (void)argv;
#ifndef pthread_create
  return ((int*)(&pthread_create))[argc];
#else
  (void)argc;
  return 0;
#endif
}

Determining if the function pthread_create exists in the pthreads failed with the following output:
Change Dir: /home/mikroszolos/kcl/robotics/ros/ws_moveit/build/geometric_shapes/CMakeFiles/CMakeTmp

Run Build Command:"/usr/bin/make" "cmTC_3d8a8/fast"
/usr/bin/make -f CMakeFiles/cmTC_3d8a8.dir/build.make CMakeFiles/cmTC_3d8a8.dir/build
make[1]: Entering directory '/home/mikroszolos/kcl/robotics/ros/ws_moveit/build/geometric_shapes/CMakeFiles/CMakeTmp'
Building C object CMakeFiles/cmTC_3d8a8.dir/CheckFunctionExists.c.o
/usr/bin/cc   -DCHECK_FUNCTION_EXISTS=pthread_create   -o CMakeFiles/cmTC_3d8a8.dir/CheckFunctionExists.c.o   -c /usr/share/cmake-3.10/Modules/CheckFunctionExists.c
Linking C executable cmTC_3d8a8
/usr/bin/cmake -E cmake_link_script CMakeFiles/cmTC_3d8a8.dir/link.txt --verbose=1
/usr/bin/cc  -DCHECK_FUNCTION_EXISTS=pthread_create    -rdynamic CMakeFiles/cmTC_3d8a8.dir/CheckFunctionExists.c.o  -o cmTC_3d8a8 -lpthreads 
/usr/bin/ld: cannot find -lpthreads
collect2: error: ld returned 1 exit status
CMakeFiles/cmTC_3d8a8.dir/build.make:97: recipe for target 'cmTC_3d8a8' failed
make[1]: *** [cmTC_3d8a8] Error 1
make[1]: Leaving directory '/home/mikroszolos/kcl/robotics/ros/ws_moveit/build/geometric_shapes/CMakeFiles/CMakeTmp'
Makefile:126: recipe for target 'cmTC_3d8a8/fast' failed
make: *** [cmTC_3d8a8/fast] Error 2


