[3.922s] running egg_info
[3.922s] writing C:\kcl\robotics\ros\assignment2\build\py_srvcli\py_srvcli.egg-info\PKG-INFO
[3.922s] writing dependency_links to C:\kcl\robotics\ros\assignment2\build\py_srvcli\py_srvcli.egg-info\dependency_links.txt
[3.922s] writing entry points to C:\kcl\robotics\ros\assignment2\build\py_srvcli\py_srvcli.egg-info\entry_points.txt
[3.922s] writing requirements to C:\kcl\robotics\ros\assignment2\build\py_srvcli\py_srvcli.egg-info\requires.txt
[3.922s] writing top-level names to C:\kcl\robotics\ros\assignment2\build\py_srvcli\py_srvcli.egg-info\top_level.txt
[3.953s] reading manifest file 'C:\kcl\robotics\ros\assignment2\build\py_srvcli\py_srvcli.egg-info\SOURCES.txt'
[3.953s] writing manifest file 'C:\kcl\robotics\ros\assignment2\build\py_srvcli\py_srvcli.egg-info\SOURCES.txt'
[3.953s] running build
[3.953s] running build_py
[3.953s] running install
[3.953s] running install_lib
[3.969s] running install_data
[3.969s] running install_egg_info
[3.969s] removing 'C:\kcl\robotics\ros\assignment2\install\Lib\site-packages\py_srvcli-0.0.0-py3.7.egg-info' (and everything under it)
[3.969s] Copying C:\kcl\robotics\ros\assignment2\build\py_srvcli\py_srvcli.egg-info to C:\kcl\robotics\ros\assignment2\install\Lib\site-packages\py_srvcli-0.0.0-py3.7.egg-info
[3.985s] running install_scripts
[4.000s] Installing client-script.py script to C:\kcl\robotics\ros\assignment2\install\lib\py_srvcli
[4.000s] Installing client.exe script to C:\kcl\robotics\ros\assignment2\install\lib\py_srvcli
[4.016s] Installing service-script.py script to C:\kcl\robotics\ros\assignment2\install\lib\py_srvcli
[4.016s] Installing service.exe script to C:\kcl\robotics\ros\assignment2\install\lib\py_srvcli
