[35m[1mScanning dependencies of target moveit_setup_assistant_tools_autogen[0m
[  2%] [34m[1mAutomatic MOC for target moveit_setup_assistant_tools[0m
[  2%] Built target moveit_setup_assistant_tools_autogen
[35m[1mScanning dependencies of target moveit_setup_assistant_tools[0m
[  5%] [32mBuilding CXX object CMakeFiles/moveit_setup_assistant_tools.dir/src/tools/compute_default_collisions.cpp.o[0m
[  7%] [32mBuilding CXX object CMakeFiles/moveit_setup_assistant_tools.dir/src/tools/moveit_config_data.cpp.o[0m
[ 10%] [32mBuilding CXX object CMakeFiles/moveit_setup_assistant_tools.dir/src/tools/collision_linear_model.cpp.o[0m
[ 12%] [32mBuilding CXX object CMakeFiles/moveit_setup_assistant_tools.dir/src/tools/collision_matrix_model.cpp.o[0m
[ 15%] [32mBuilding CXX object CMakeFiles/moveit_setup_assistant_tools.dir/src/tools/rotated_header_view.cpp.o[0m
[ 17%] [32mBuilding CXX object CMakeFiles/moveit_setup_assistant_tools.dir/moveit_setup_assistant_tools_autogen/mocs_compilation.cpp.o[0m
[ 20%] [32m[1mLinking CXX shared library /home/mikroszolos/kcl/robotics/ros/ws_moveit/devel/.private/moveit_setup_assistant/lib/libmoveit_setup_assistant_tools.so[0m
[ 20%] Built target moveit_setup_assistant_tools
[35m[1mScanning dependencies of target moveit_setup_assistant_updater_autogen[0m
[ 23%] [34m[1mAutomatic MOC for target moveit_setup_assistant_updater[0m
[ 23%] Built target moveit_setup_assistant_updater_autogen
[35m[1mScanning dependencies of target moveit_setup_assistant_widgets_autogen[0m
[ 25%] [34m[1mAutomatic MOC for target moveit_setup_assistant_widgets[0m
[ 25%] Built target moveit_setup_assistant_widgets_autogen
[35m[1mScanning dependencies of target moveit_setup_assistant_updater[0m
[ 28%] [32mBuilding CXX object CMakeFiles/moveit_setup_assistant_updater.dir/src/collisions_updater.cpp.o[0m
[ 30%] [32mBuilding CXX object CMakeFiles/moveit_setup_assistant_updater.dir/moveit_setup_assistant_updater_autogen/mocs_compilation.cpp.o[0m
[ 33%] [32m[1mLinking CXX executable /home/mikroszolos/kcl/robotics/ros/ws_moveit/devel/.private/moveit_setup_assistant/lib/moveit_setup_assistant/collisions_updater[0m
[ 33%] Built target moveit_setup_assistant_updater
[35m[1mScanning dependencies of target moveit_setup_assistant_widgets[0m
[ 35%] [32mBuilding CXX object CMakeFiles/moveit_setup_assistant_widgets.dir/src/widgets/start_screen_widget.cpp.o[0m
[ 38%] [32mBuilding CXX object CMakeFiles/moveit_setup_assistant_widgets.dir/src/widgets/planning_groups_widget.cpp.o[0m
[ 41%] [32mBuilding CXX object CMakeFiles/moveit_setup_assistant_widgets.dir/src/widgets/double_list_widget.cpp.o[0m
[ 43%] [32mBuilding CXX object CMakeFiles/moveit_setup_assistant_widgets.dir/src/widgets/kinematic_chain_widget.cpp.o[0m
[ 46%] [32mBuilding CXX object CMakeFiles/moveit_setup_assistant_widgets.dir/src/widgets/group_edit_widget.cpp.o[0m
[ 48%] [32mBuilding CXX object CMakeFiles/moveit_setup_assistant_widgets.dir/src/widgets/default_collisions_widget.cpp.o[0m
[ 51%] [32mBuilding CXX object CMakeFiles/moveit_setup_assistant_widgets.dir/src/widgets/robot_poses_widget.cpp.o[0m
[ 53%] [32mBuilding CXX object CMakeFiles/moveit_setup_assistant_widgets.dir/src/widgets/end_effectors_widget.cpp.o[0m
[ 56%] [32mBuilding CXX object CMakeFiles/moveit_setup_assistant_widgets.dir/src/widgets/virtual_joints_widget.cpp.o[0m
[ 58%] [32mBuilding CXX object CMakeFiles/moveit_setup_assistant_widgets.dir/src/widgets/passive_joints_widget.cpp.o[0m
[ 61%] [32mBuilding CXX object CMakeFiles/moveit_setup_assistant_widgets.dir/src/widgets/perception_widget.cpp.o[0m
[ 64%] [32mBuilding CXX object CMakeFiles/moveit_setup_assistant_widgets.dir/src/widgets/configuration_files_widget.cpp.o[0m
[ 66%] [32mBuilding CXX object CMakeFiles/moveit_setup_assistant_widgets.dir/src/widgets/ros_controllers_widget.cpp.o[0m
[ 69%] [32mBuilding CXX object CMakeFiles/moveit_setup_assistant_widgets.dir/src/widgets/controller_edit_widget.cpp.o[0m
[ 71%] [32mBuilding CXX object CMakeFiles/moveit_setup_assistant_widgets.dir/src/widgets/navigation_widget.cpp.o[0m
[ 74%] [32mBuilding CXX object CMakeFiles/moveit_setup_assistant_widgets.dir/src/widgets/header_widget.cpp.o[0m
[ 76%] [32mBuilding CXX object CMakeFiles/moveit_setup_assistant_widgets.dir/src/widgets/setup_assistant_widget.cpp.o[0m
[ 79%] [32mBuilding CXX object CMakeFiles/moveit_setup_assistant_widgets.dir/src/widgets/setup_screen_widget.cpp.o[0m
[ 82%] [32mBuilding CXX object CMakeFiles/moveit_setup_assistant_widgets.dir/src/widgets/simulation_widget.cpp.o[0m
[ 84%] [32mBuilding CXX object CMakeFiles/moveit_setup_assistant_widgets.dir/src/widgets/author_information_widget.cpp.o[0m
[ 87%] [32mBuilding CXX object CMakeFiles/moveit_setup_assistant_widgets.dir/moveit_setup_assistant_widgets_autogen/mocs_compilation.cpp.o[0m
[ 89%] [32m[1mLinking CXX shared library /home/mikroszolos/kcl/robotics/ros/ws_moveit/devel/.private/moveit_setup_assistant/lib/libmoveit_setup_assistant_widgets.so[0m
[ 89%] Built target moveit_setup_assistant_widgets
[35m[1mScanning dependencies of target moveit_setup_assistant_autogen[0m
[ 92%] [34m[1mAutomatic MOC for target moveit_setup_assistant[0m
[ 92%] Built target moveit_setup_assistant_autogen
[35m[1mScanning dependencies of target moveit_setup_assistant[0m
[ 94%] [32mBuilding CXX object CMakeFiles/moveit_setup_assistant.dir/src/setup_assistant_main.cpp.o[0m
[ 97%] [32mBuilding CXX object CMakeFiles/moveit_setup_assistant.dir/moveit_setup_assistant_autogen/mocs_compilation.cpp.o[0m
[100%] [32m[1mLinking CXX executable /home/mikroszolos/kcl/robotics/ros/ws_moveit/devel/.private/moveit_setup_assistant/lib/moveit_setup_assistant/moveit_setup_assistant[0m
[100%] Built target moveit_setup_assistant
