[3.344s] running egg_info
[3.344s] writing C:\kcl\robotics\ros\assignment2\build\py_pubsub\py_pubsub.egg-info\PKG-INFO
[3.344s] writing dependency_links to C:\kcl\robotics\ros\assignment2\build\py_pubsub\py_pubsub.egg-info\dependency_links.txt
[3.344s] writing entry points to C:\kcl\robotics\ros\assignment2\build\py_pubsub\py_pubsub.egg-info\entry_points.txt
[3.344s] writing requirements to C:\kcl\robotics\ros\assignment2\build\py_pubsub\py_pubsub.egg-info\requires.txt
[3.344s] writing top-level names to C:\kcl\robotics\ros\assignment2\build\py_pubsub\py_pubsub.egg-info\top_level.txt
[3.344s] reading manifest file 'C:\kcl\robotics\ros\assignment2\build\py_pubsub\py_pubsub.egg-info\SOURCES.txt'
[3.344s] writing manifest file 'C:\kcl\robotics\ros\assignment2\build\py_pubsub\py_pubsub.egg-info\SOURCES.txt'
[3.344s] running build
[3.344s] running build_py
[3.344s] running install
[3.344s] running install_lib
[3.344s] running install_data
[3.344s] running install_egg_info
[3.344s] removing 'C:\kcl\robotics\ros\assignment2\install\Lib\site-packages\py_pubsub-0.0.0-py3.7.egg-info' (and everything under it)
[3.344s] Copying C:\kcl\robotics\ros\assignment2\build\py_pubsub\py_pubsub.egg-info to C:\kcl\robotics\ros\assignment2\install\Lib\site-packages\py_pubsub-0.0.0-py3.7.egg-info
[3.391s] running install_scripts
[3.391s] Installing listener-script.py script to C:\kcl\robotics\ros\assignment2\install\lib\py_pubsub
[3.391s] Installing listener.exe script to C:\kcl\robotics\ros\assignment2\install\lib\py_pubsub
[3.391s] Installing talker-script.py script to C:\kcl\robotics\ros\assignment2\install\lib\py_pubsub
[3.391s] Installing talker.exe script to C:\kcl\robotics\ros\assignment2\install\lib\py_pubsub
[3.391s] writing list of installed files to 'C:\kcl\robotics\ros\assignment2\build\py_pubsub\install.log'
