[2.406s] Invoking command in 'C:\kcl\robotics\ros\ros2_example_ws\build\examples_rclpy_executors': PUBLIC=%PUBLIC%
PyCharm Community Edition=C:\Program Files\JetBrains\PyCharm Community Edition 2019.2.3\bin; PYTHONPATH=C:\kcl\robotics\ros\ros2_example_ws\install\examples_rclpy_executors\Lib\site-packages;%PYTHONPATH% c:\python37\python.exe setup.py develop --prefix C:\kcl\robotics\ros\ros2_example_ws\install\examples_rclpy_executors --editable --build-directory C:\kcl\robotics\ros\ros2_example_ws\build\examples_rclpy_executors\build --no-deps install_data --install-dir C:\kcl\robotics\ros\ros2_example_ws\install\examples_rclpy_executors
[3.406s] running develop
[3.906s] running egg_info
[3.906s] creating examples_rclpy_executors.egg-info
[3.906s] writing examples_rclpy_executors.egg-info\PKG-INFO
[3.922s] writing dependency_links to examples_rclpy_executors.egg-info\dependency_links.txt
[3.937s] writing entry points to examples_rclpy_executors.egg-info\entry_points.txt
[3.937s] writing requirements to examples_rclpy_executors.egg-info\requires.txt
[3.937s] writing top-level names to examples_rclpy_executors.egg-info\top_level.txt
[3.937s] writing manifest file 'examples_rclpy_executors.egg-info\SOURCES.txt'
[4.234s] reading manifest file 'examples_rclpy_executors.egg-info\SOURCES.txt'
[4.234s] writing manifest file 'examples_rclpy_executors.egg-info\SOURCES.txt'
[4.265s] running build_ext
[4.359s] Creating C:\kcl\robotics\ros\ros2_example_ws\install\examples_rclpy_executors/Lib/site-packages\site.py
[4.469s] Creating C:\kcl\robotics\ros\ros2_example_ws\install\examples_rclpy_executors/Lib/site-packages\examples-rclpy-executors.egg-link (link to .)
[4.469s] Installing callback_group-script.py script to C:\kcl\robotics\ros\ros2_example_ws\install\examples_rclpy_executors/lib/examples_rclpy_executors
[4.469s] Installing callback_group.exe script to C:\kcl\robotics\ros\ros2_example_ws\install\examples_rclpy_executors/lib/examples_rclpy_executors
[4.469s] Installing composed-script.py script to C:\kcl\robotics\ros\ros2_example_ws\install\examples_rclpy_executors/lib/examples_rclpy_executors
[4.469s] Installing composed.exe script to C:\kcl\robotics\ros\ros2_example_ws\install\examples_rclpy_executors/lib/examples_rclpy_executors
[4.469s] Installing custom_callback_group-script.py script to C:\kcl\robotics\ros\ros2_example_ws\install\examples_rclpy_executors/lib/examples_rclpy_executors
[4.469s] Installing custom_callback_group.exe script to C:\kcl\robotics\ros\ros2_example_ws\install\examples_rclpy_executors/lib/examples_rclpy_executors
[4.469s] Installing custom_executor-script.py script to C:\kcl\robotics\ros\ros2_example_ws\install\examples_rclpy_executors/lib/examples_rclpy_executors
[4.469s] Installing custom_executor.exe script to C:\kcl\robotics\ros\ros2_example_ws\install\examples_rclpy_executors/lib/examples_rclpy_executors
[4.484s] Installing listener-script.py script to C:\kcl\robotics\ros\ros2_example_ws\install\examples_rclpy_executors/lib/examples_rclpy_executors
[4.484s] Installing listener.exe script to C:\kcl\robotics\ros\ros2_example_ws\install\examples_rclpy_executors/lib/examples_rclpy_executors
[4.484s] Installing talker-script.py script to C:\kcl\robotics\ros\ros2_example_ws\install\examples_rclpy_executors/lib/examples_rclpy_executors
[4.484s] Installing talker.exe script to C:\kcl\robotics\ros\ros2_example_ws\install\examples_rclpy_executors/lib/examples_rclpy_executors
[4.484s] 
[4.484s] Installed c:\kcl\robotics\ros\ros2_example_ws\build\examples_rclpy_executors
[4.484s] running install_data
[4.484s] creating C:\kcl\robotics\ros\ros2_example_ws\install\examples_rclpy_executors\share\ament_index
[4.484s] creating C:\kcl\robotics\ros\ros2_example_ws\install\examples_rclpy_executors\share\ament_index\resource_index
[4.484s] creating C:\kcl\robotics\ros\ros2_example_ws\install\examples_rclpy_executors\share\ament_index\resource_index\packages
[4.484s] copying resource\examples_rclpy_executors -> C:\kcl\robotics\ros\ros2_example_ws\install\examples_rclpy_executors\share\ament_index\resource_index\packages
[4.484s] copying package.xml -> C:\kcl\robotics\ros\ros2_example_ws\install\examples_rclpy_executors\share\examples_rclpy_executors
[4.719s] Invoked command in 'C:\kcl\robotics\ros\ros2_example_ws\build\examples_rclpy_executors' returned '0': PUBLIC=%PUBLIC%
PyCharm Community Edition=C:\Program Files\JetBrains\PyCharm Community Edition 2019.2.3\bin; PYTHONPATH=C:\kcl\robotics\ros\ros2_example_ws\install\examples_rclpy_executors\Lib\site-packages;%PYTHONPATH% c:\python37\python.exe setup.py develop --prefix C:\kcl\robotics\ros\ros2_example_ws\install\examples_rclpy_executors --editable --build-directory C:\kcl\robotics\ros\ros2_example_ws\build\examples_rclpy_executors\build --no-deps install_data --install-dir C:\kcl\robotics\ros\ros2_example_ws\install\examples_rclpy_executors
