[1.563s] running egg_info
[1.563s] writing C:\kcl\robotics\ros\assignment2\build\py_srvcli\py_srvcli.egg-info\PKG-INFO
[1.563s] writing dependency_links to C:\kcl\robotics\ros\assignment2\build\py_srvcli\py_srvcli.egg-info\dependency_links.txt
[1.563s] writing entry points to C:\kcl\robotics\ros\assignment2\build\py_srvcli\py_srvcli.egg-info\entry_points.txt
[1.563s] writing requirements to C:\kcl\robotics\ros\assignment2\build\py_srvcli\py_srvcli.egg-info\requires.txt
[1.563s] writing top-level names to C:\kcl\robotics\ros\assignment2\build\py_srvcli\py_srvcli.egg-info\top_level.txt
[1.594s] reading manifest file 'C:\kcl\robotics\ros\assignment2\build\py_srvcli\py_srvcli.egg-info\SOURCES.txt'
[1.594s] writing manifest file 'C:\kcl\robotics\ros\assignment2\build\py_srvcli\py_srvcli.egg-info\SOURCES.txt'
[1.594s] running build
[1.594s] running build_py
[1.594s] running install
[1.594s] running install_lib
[1.594s] running install_data
[1.610s] running install_egg_info
[1.610s] removing 'C:\kcl\robotics\ros\assignment2\install\Lib\site-packages\py_srvcli-0.0.0-py3.7.egg-info' (and everything under it)
[1.610s] Copying C:\kcl\robotics\ros\assignment2\build\py_srvcli\py_srvcli.egg-info to C:\kcl\robotics\ros\assignment2\install\Lib\site-packages\py_srvcli-0.0.0-py3.7.egg-info
[1.625s] running install_scripts
[1.657s] Installing client-script.py script to C:\kcl\robotics\ros\assignment2\install\lib\py_srvcli
[1.657s] Installing client.exe script to C:\kcl\robotics\ros\assignment2\install\lib\py_srvcli
[1.657s] Installing service-script.py script to C:\kcl\robotics\ros\assignment2\install\lib\py_srvcli
[1.657s] Installing service.exe script to C:\kcl\robotics\ros\assignment2\install\lib\py_srvcli
