[4.016s] Invoking command in 'C:\kcl\robotics\ros\ros2_example_ws\build\examples_rclpy_minimal_action_server': PUBLIC=%PUBLIC%
PyCharm Community Edition=C:\Program Files\JetBrains\PyCharm Community Edition 2019.2.3\bin; PYTHONPATH=C:\kcl\robotics\ros\ros2_example_ws\install\examples_rclpy_minimal_action_server\Lib\site-packages;%PYTHONPATH% c:\python37\python.exe setup.py develop --prefix C:\kcl\robotics\ros\ros2_example_ws\install\examples_rclpy_minimal_action_server --editable --build-directory C:\kcl\robotics\ros\ros2_example_ws\build\examples_rclpy_minimal_action_server\build --no-deps install_data --install-dir C:\kcl\robotics\ros\ros2_example_ws\install\examples_rclpy_minimal_action_server
[4.859s] running develop
[6.031s] running egg_info
[6.031s] creating examples_rclpy_minimal_action_server.egg-info
[6.031s] writing examples_rclpy_minimal_action_server.egg-info\PKG-INFO
[6.031s] writing dependency_links to examples_rclpy_minimal_action_server.egg-info\dependency_links.txt
[6.031s] writing entry points to examples_rclpy_minimal_action_server.egg-info\entry_points.txt
[6.031s] writing requirements to examples_rclpy_minimal_action_server.egg-info\requires.txt
[6.031s] writing top-level names to examples_rclpy_minimal_action_server.egg-info\top_level.txt
[6.031s] writing manifest file 'examples_rclpy_minimal_action_server.egg-info\SOURCES.txt'
[6.031s] reading manifest file 'examples_rclpy_minimal_action_server.egg-info\SOURCES.txt'
[6.031s] writing manifest file 'examples_rclpy_minimal_action_server.egg-info\SOURCES.txt'
[6.031s] running build_ext
[6.031s] Creating C:\kcl\robotics\ros\ros2_example_ws\install\examples_rclpy_minimal_action_server/Lib/site-packages\site.py
[6.031s] Creating C:\kcl\robotics\ros\ros2_example_ws\install\examples_rclpy_minimal_action_server/Lib/site-packages\examples-rclpy-minimal-action-server.egg-link (link to .)
[6.031s] Installing server-script.py script to C:\kcl\robotics\ros\ros2_example_ws\install\examples_rclpy_minimal_action_server/lib/examples_rclpy_minimal_action_server
[6.047s] Installing server.exe script to C:\kcl\robotics\ros\ros2_example_ws\install\examples_rclpy_minimal_action_server/lib/examples_rclpy_minimal_action_server
[6.047s] Installing server_defer-script.py script to C:\kcl\robotics\ros\ros2_example_ws\install\examples_rclpy_minimal_action_server/lib/examples_rclpy_minimal_action_server
[6.047s] Installing server_defer.exe script to C:\kcl\robotics\ros\ros2_example_ws\install\examples_rclpy_minimal_action_server/lib/examples_rclpy_minimal_action_server
[6.047s] Installing server_not_composable-script.py script to C:\kcl\robotics\ros\ros2_example_ws\install\examples_rclpy_minimal_action_server/lib/examples_rclpy_minimal_action_server
[6.047s] Installing server_not_composable.exe script to C:\kcl\robotics\ros\ros2_example_ws\install\examples_rclpy_minimal_action_server/lib/examples_rclpy_minimal_action_server
[6.047s] Installing server_queue_goals-script.py script to C:\kcl\robotics\ros\ros2_example_ws\install\examples_rclpy_minimal_action_server/lib/examples_rclpy_minimal_action_server
[6.047s] Installing server_queue_goals.exe script to C:\kcl\robotics\ros\ros2_example_ws\install\examples_rclpy_minimal_action_server/lib/examples_rclpy_minimal_action_server
[6.047s] Installing server_single_goal-script.py script to C:\kcl\robotics\ros\ros2_example_ws\install\examples_rclpy_minimal_action_server/lib/examples_rclpy_minimal_action_server
[6.047s] Installing server_single_goal.exe script to C:\kcl\robotics\ros\ros2_example_ws\install\examples_rclpy_minimal_action_server/lib/examples_rclpy_minimal_action_server
[6.047s] 
[6.047s] Installed c:\kcl\robotics\ros\ros2_example_ws\build\examples_rclpy_minimal_action_server
[6.047s] running install_data
[6.047s] creating C:\kcl\robotics\ros\ros2_example_ws\install\examples_rclpy_minimal_action_server\share\ament_index
[6.047s] creating C:\kcl\robotics\ros\ros2_example_ws\install\examples_rclpy_minimal_action_server\share\ament_index\resource_index
[6.047s] creating C:\kcl\robotics\ros\ros2_example_ws\install\examples_rclpy_minimal_action_server\share\ament_index\resource_index\packages
[6.047s] copying resource\examples_rclpy_minimal_action_server -> C:\kcl\robotics\ros\ros2_example_ws\install\examples_rclpy_minimal_action_server\share\ament_index\resource_index\packages
[6.047s] copying package.xml -> C:\kcl\robotics\ros\ros2_example_ws\install\examples_rclpy_minimal_action_server\share\examples_rclpy_minimal_action_server
[6.047s] Invoked command in 'C:\kcl\robotics\ros\ros2_example_ws\build\examples_rclpy_minimal_action_server' returned '0': PUBLIC=%PUBLIC%
PyCharm Community Edition=C:\Program Files\JetBrains\PyCharm Community Edition 2019.2.3\bin; PYTHONPATH=C:\kcl\robotics\ros\ros2_example_ws\install\examples_rclpy_minimal_action_server\Lib\site-packages;%PYTHONPATH% c:\python37\python.exe setup.py develop --prefix C:\kcl\robotics\ros\ros2_example_ws\install\examples_rclpy_minimal_action_server --editable --build-directory C:\kcl\robotics\ros\ros2_example_ws\build\examples_rclpy_minimal_action_server\build --no-deps install_data --install-dir C:\kcl\robotics\ros\ros2_example_ws\install\examples_rclpy_minimal_action_server
