[4.469s] Invoking command in 'C:\kcl\robotics\ros\ros2_example_ws\build\examples_rclpy_minimal_client': PUBLIC=%PUBLIC%
PyCharm Community Edition=C:\Program Files\JetBrains\PyCharm Community Edition 2019.2.3\bin; PYTHONPATH=C:\kcl\robotics\ros\ros2_example_ws\install\examples_rclpy_minimal_client\Lib\site-packages;%PYTHONPATH% c:\python37\python.exe setup.py develop --prefix C:\kcl\robotics\ros\ros2_example_ws\install\examples_rclpy_minimal_client --editable --build-directory C:\kcl\robotics\ros\ros2_example_ws\build\examples_rclpy_minimal_client\build --no-deps install_data --install-dir C:\kcl\robotics\ros\ros2_example_ws\install\examples_rclpy_minimal_client
[5.766s] running develop
[5.766s] running egg_info
[5.766s] creating examples_rclpy_minimal_client.egg-info
[5.766s] writing examples_rclpy_minimal_client.egg-info\PKG-INFO
[5.766s] writing dependency_links to examples_rclpy_minimal_client.egg-info\dependency_links.txt
[5.766s] writing entry points to examples_rclpy_minimal_client.egg-info\entry_points.txt
[5.828s] writing requirements to examples_rclpy_minimal_client.egg-info\requires.txt
[5.828s] writing top-level names to examples_rclpy_minimal_client.egg-info\top_level.txt
[5.828s] writing manifest file 'examples_rclpy_minimal_client.egg-info\SOURCES.txt'
[5.828s] reading manifest file 'examples_rclpy_minimal_client.egg-info\SOURCES.txt'
[5.828s] writing manifest file 'examples_rclpy_minimal_client.egg-info\SOURCES.txt'
[5.828s] running build_ext
[5.828s] Creating C:\kcl\robotics\ros\ros2_example_ws\install\examples_rclpy_minimal_client/Lib/site-packages\site.py
[5.828s] Creating C:\kcl\robotics\ros\ros2_example_ws\install\examples_rclpy_minimal_client/Lib/site-packages\examples-rclpy-minimal-client.egg-link (link to .)
[5.828s] Installing client-script.py script to C:\kcl\robotics\ros\ros2_example_ws\install\examples_rclpy_minimal_client/lib/examples_rclpy_minimal_client
[5.828s] Installing client.exe script to C:\kcl\robotics\ros\ros2_example_ws\install\examples_rclpy_minimal_client/lib/examples_rclpy_minimal_client
[5.828s] Installing client_async-script.py script to C:\kcl\robotics\ros\ros2_example_ws\install\examples_rclpy_minimal_client/lib/examples_rclpy_minimal_client
[5.828s] Installing client_async.exe script to C:\kcl\robotics\ros\ros2_example_ws\install\examples_rclpy_minimal_client/lib/examples_rclpy_minimal_client
[5.828s] Installing client_async_callback-script.py script to C:\kcl\robotics\ros\ros2_example_ws\install\examples_rclpy_minimal_client/lib/examples_rclpy_minimal_client
[5.828s] Installing client_async_callback.exe script to C:\kcl\robotics\ros\ros2_example_ws\install\examples_rclpy_minimal_client/lib/examples_rclpy_minimal_client
[5.828s] Installing client_async_member_function-script.py script to C:\kcl\robotics\ros\ros2_example_ws\install\examples_rclpy_minimal_client/lib/examples_rclpy_minimal_client
[5.828s] Installing client_async_member_function.exe script to C:\kcl\robotics\ros\ros2_example_ws\install\examples_rclpy_minimal_client/lib/examples_rclpy_minimal_client
[5.828s] 
[5.828s] Installed c:\kcl\robotics\ros\ros2_example_ws\build\examples_rclpy_minimal_client
[5.828s] running install_data
[5.828s] creating C:\kcl\robotics\ros\ros2_example_ws\install\examples_rclpy_minimal_client\share\ament_index
[5.828s] creating C:\kcl\robotics\ros\ros2_example_ws\install\examples_rclpy_minimal_client\share\ament_index\resource_index
[5.828s] creating C:\kcl\robotics\ros\ros2_example_ws\install\examples_rclpy_minimal_client\share\ament_index\resource_index\packages
[5.828s] copying resource\examples_rclpy_minimal_client -> C:\kcl\robotics\ros\ros2_example_ws\install\examples_rclpy_minimal_client\share\ament_index\resource_index\packages
[6.985s] copying package.xml -> C:\kcl\robotics\ros\ros2_example_ws\install\examples_rclpy_minimal_client\share\examples_rclpy_minimal_client
[7.063s] Invoked command in 'C:\kcl\robotics\ros\ros2_example_ws\build\examples_rclpy_minimal_client' returned '0': PUBLIC=%PUBLIC%
PyCharm Community Edition=C:\Program Files\JetBrains\PyCharm Community Edition 2019.2.3\bin; PYTHONPATH=C:\kcl\robotics\ros\ros2_example_ws\install\examples_rclpy_minimal_client\Lib\site-packages;%PYTHONPATH% c:\python37\python.exe setup.py develop --prefix C:\kcl\robotics\ros\ros2_example_ws\install\examples_rclpy_minimal_client --editable --build-directory C:\kcl\robotics\ros\ros2_example_ws\build\examples_rclpy_minimal_client\build --no-deps install_data --install-dir C:\kcl\robotics\ros\ros2_example_ws\install\examples_rclpy_minimal_client
