[0.652s] [34mcolcon[0m [30mDEBUG[0m [32mCommand line arguments: ['C:\\Python37\\Scripts\\colcon', 'build', '--packages-select', 'py_pubsub', '--merge-install'][0m
[0.653s] [34mcolcon[0m [30mDEBUG[0m [32mParsed command line arguments: Namespace(ament_cmake_args=None, base_paths=['.'], build_base='build', catkin_cmake_args=None, catkin_skip_building_tests=False, cmake_args=None, cmake_clean_cache=False, cmake_clean_first=False, cmake_force_configure=False, cmake_target=None, cmake_target_skip_unavailable=False, continue_on_error=False, event_handlers=None, executor='parallel', ignore_user_meta=False, install_base='install', log_base=None, log_level=None, main=<bound method BuildVerb.main of <colcon_core.verb.build.BuildVerb object at 0x000001E3A3214D88>>, merge_install=True, metas=['./colcon.meta'], packages_above=None, packages_above_depth=None, packages_end=None, packages_ignore=None, packages_ignore_regex=None, packages_select=['py_pubsub'], packages_select_build_failed=False, packages_select_by_dep=None, packages_select_regex=None, packages_select_test_failures=False, packages_skip=None, packages_skip_build_finished=False, packages_skip_by_dep=None, packages_skip_regex=None, packages_skip_test_passed=False, packages_skip_up_to=None, packages_start=None, packages_up_to=None, parallel_workers=8, paths=None, symlink_install=False, test_result_base=None, verb_extension=<colcon_core.verb.build.BuildVerb object at 0x000001E3A3214D88>, verb_name='build', verb_parser=<colcon_defaults.argument_parser.defaults.DefaultArgumentsDecorator object at 0x000001E3A321D3C8>)[0m
[0.735s] [34mcolcon.colcon_core.package_discovery[0m [30mLevel 1[0m discover_packages(colcon_meta) check parameters
[0.735s] [34mcolcon.colcon_core.package_discovery[0m [30mLevel 1[0m discover_packages(recursive) check parameters
[0.735s] [34mcolcon.colcon_core.package_discovery[0m [30mLevel 1[0m discover_packages(ignore) check parameters
[0.735s] [34mcolcon.colcon_core.package_discovery[0m [30mLevel 1[0m discover_packages(path) check parameters
[0.735s] [34mcolcon.colcon_core.package_discovery[0m [30mLevel 1[0m discover_packages(colcon_meta) discover
[0.736s] [34mcolcon.colcon_core.package_discovery[0m [30mLevel 1[0m discover_packages(recursive) discover
[0.736s] [34mcolcon.colcon_core.package_discovery[0m [30mINFO[0m Crawling recursively for packages in 'C:\kcl\robotics\ros\assignment2'
[0.736s] [34mcolcon.colcon_core.package_identification[0m [30mLevel 1[0m _identify(.) by extensions ['ignore', 'ignore_ament_install']
[0.736s] [34mcolcon.colcon_core.package_identification[0m [30mLevel 1[0m _identify(.) by extension 'ignore'
[0.736s] [34mcolcon.colcon_core.package_identification[0m [30mLevel 1[0m _identify(.) by extension 'ignore_ament_install'
[0.736s] [34mcolcon.colcon_core.package_identification[0m [30mLevel 1[0m _identify(.) by extensions ['colcon_pkg']
[0.736s] [34mcolcon.colcon_core.package_identification[0m [30mLevel 1[0m _identify(.) by extension 'colcon_pkg'
[0.736s] [34mcolcon.colcon_core.package_identification[0m [30mLevel 1[0m _identify(.) by extensions ['colcon_meta']
[0.736s] [34mcolcon.colcon_core.package_identification[0m [30mLevel 1[0m _identify(.) by extension 'colcon_meta'
[0.736s] [34mcolcon.colcon_core.package_identification[0m [30mLevel 1[0m _identify(.) by extensions ['ros']
[0.737s] [34mcolcon.colcon_core.package_identification[0m [30mLevel 1[0m _identify(.) by extension 'ros'
[0.753s] [34mcolcon.colcon_core.package_identification[0m [30mLevel 1[0m _identify(.) by extensions ['cmake', 'python']
[0.753s] [34mcolcon.colcon_core.package_identification[0m [30mLevel 1[0m _identify(.) by extension 'cmake'
[0.753s] [34mcolcon.colcon_core.package_identification[0m [30mLevel 1[0m _identify(.) by extension 'python'
[0.753s] [34mcolcon.colcon_core.package_identification[0m [30mLevel 1[0m _identify(.) by extensions ['python_setup_py']
[0.753s] [34mcolcon.colcon_core.package_identification[0m [30mLevel 1[0m _identify(.) by extension 'python_setup_py'
[0.754s] [34mcolcon.colcon_core.package_identification[0m [30mLevel 1[0m _identify(build) by extensions ['ignore', 'ignore_ament_install']
[0.754s] [34mcolcon.colcon_core.package_identification[0m [30mLevel 1[0m _identify(build) by extension 'ignore'
[0.754s] [34mcolcon.colcon_core.package_identification[0m [30mLevel 1[0m _identify(build) ignored
[0.754s] [34mcolcon.colcon_core.package_identification[0m [30mLevel 1[0m _identify(install) by extensions ['ignore', 'ignore_ament_install']
[0.754s] [34mcolcon.colcon_core.package_identification[0m [30mLevel 1[0m _identify(install) by extension 'ignore'
[0.754s] [34mcolcon.colcon_core.package_identification[0m [30mLevel 1[0m _identify(install) ignored
[0.755s] [34mcolcon.colcon_core.package_identification[0m [30mLevel 1[0m _identify(log) by extensions ['ignore', 'ignore_ament_install']
[0.755s] [34mcolcon.colcon_core.package_identification[0m [30mLevel 1[0m _identify(log) by extension 'ignore'
[0.755s] [34mcolcon.colcon_core.package_identification[0m [30mLevel 1[0m _identify(log) ignored
[0.756s] [34mcolcon.colcon_core.package_identification[0m [30mLevel 1[0m _identify(src) by extensions ['ignore', 'ignore_ament_install']
[0.756s] [34mcolcon.colcon_core.package_identification[0m [30mLevel 1[0m _identify(src) by extension 'ignore'
[0.756s] [34mcolcon.colcon_core.package_identification[0m [30mLevel 1[0m _identify(src) by extension 'ignore_ament_install'
[0.756s] [34mcolcon.colcon_core.package_identification[0m [30mLevel 1[0m _identify(src) by extensions ['colcon_pkg']
[0.756s] [34mcolcon.colcon_core.package_identification[0m [30mLevel 1[0m _identify(src) by extension 'colcon_pkg'
[0.756s] [34mcolcon.colcon_core.package_identification[0m [30mLevel 1[0m _identify(src) by extensions ['colcon_meta']
[0.756s] [34mcolcon.colcon_core.package_identification[0m [30mLevel 1[0m _identify(src) by extension 'colcon_meta'
[0.756s] [34mcolcon.colcon_core.package_identification[0m [30mLevel 1[0m _identify(src) by extensions ['ros']
[0.756s] [34mcolcon.colcon_core.package_identification[0m [30mLevel 1[0m _identify(src) by extension 'ros'
[0.757s] [34mcolcon.colcon_core.package_identification[0m [30mLevel 1[0m _identify(src) by extensions ['cmake', 'python']
[0.757s] [34mcolcon.colcon_core.package_identification[0m [30mLevel 1[0m _identify(src) by extension 'cmake'
[0.757s] [34mcolcon.colcon_core.package_identification[0m [30mLevel 1[0m _identify(src) by extension 'python'
[0.757s] [34mcolcon.colcon_core.package_identification[0m [30mLevel 1[0m _identify(src) by extensions ['python_setup_py']
[0.757s] [34mcolcon.colcon_core.package_identification[0m [30mLevel 1[0m _identify(src) by extension 'python_setup_py'
[0.757s] [34mcolcon.colcon_core.package_identification[0m [30mLevel 1[0m _identify(src\kokos) by extensions ['ignore', 'ignore_ament_install']
[0.757s] [34mcolcon.colcon_core.package_identification[0m [30mLevel 1[0m _identify(src\kokos) by extension 'ignore'
[0.757s] [34mcolcon.colcon_core.package_identification[0m [30mLevel 1[0m _identify(src\kokos) by extension 'ignore_ament_install'
[0.757s] [34mcolcon.colcon_core.package_identification[0m [30mLevel 1[0m _identify(src\kokos) by extensions ['colcon_pkg']
[0.758s] [34mcolcon.colcon_core.package_identification[0m [30mLevel 1[0m _identify(src\kokos) by extension 'colcon_pkg'
[0.758s] [34mcolcon.colcon_core.package_identification[0m [30mLevel 1[0m _identify(src\kokos) by extensions ['colcon_meta']
[0.758s] [34mcolcon.colcon_core.package_identification[0m [30mLevel 1[0m _identify(src\kokos) by extension 'colcon_meta'
[0.758s] [34mcolcon.colcon_core.package_identification[0m [30mLevel 1[0m _identify(src\kokos) by extensions ['ros']
[0.758s] [34mcolcon.colcon_core.package_identification[0m [30mLevel 1[0m _identify(src\kokos) by extension 'ros'
[0.762s] [34mcolcon.colcon_core.package_identification[0m [30mDEBUG[0m [32mPackage 'src\kokos' with type 'ros.ament_python' and name 'kokos'[0m
[0.762s] [34mcolcon.colcon_core.package_identification[0m [30mLevel 1[0m _identify(src\py_pubsub) by extensions ['ignore', 'ignore_ament_install']
[0.762s] [34mcolcon.colcon_core.package_identification[0m [30mLevel 1[0m _identify(src\py_pubsub) by extension 'ignore'
[0.762s] [34mcolcon.colcon_core.package_identification[0m [30mLevel 1[0m _identify(src\py_pubsub) by extension 'ignore_ament_install'
[0.763s] [34mcolcon.colcon_core.package_identification[0m [30mLevel 1[0m _identify(src\py_pubsub) by extensions ['colcon_pkg']
[0.763s] [34mcolcon.colcon_core.package_identification[0m [30mLevel 1[0m _identify(src\py_pubsub) by extension 'colcon_pkg'
[0.763s] [34mcolcon.colcon_core.package_identification[0m [30mLevel 1[0m _identify(src\py_pubsub) by extensions ['colcon_meta']
[0.763s] [34mcolcon.colcon_core.package_identification[0m [30mLevel 1[0m _identify(src\py_pubsub) by extension 'colcon_meta'
[0.763s] [34mcolcon.colcon_core.package_identification[0m [30mLevel 1[0m _identify(src\py_pubsub) by extensions ['ros']
[0.763s] [34mcolcon.colcon_core.package_identification[0m [30mLevel 1[0m _identify(src\py_pubsub) by extension 'ros'
[0.764s] [34mcolcon.colcon_core.package_identification[0m [30mDEBUG[0m [32mPackage 'src\py_pubsub' with type 'ros.ament_python' and name 'py_pubsub'[0m
[0.764s] [34mcolcon.colcon_core.package_discovery[0m [30mLevel 1[0m discover_packages(recursive) using defaults
[0.764s] [34mcolcon.colcon_core.package_discovery[0m [30mLevel 1[0m discover_packages(ignore) discover
[0.764s] [34mcolcon.colcon_core.package_discovery[0m [30mLevel 1[0m discover_packages(ignore) using defaults
[0.764s] [34mcolcon.colcon_core.package_discovery[0m [30mLevel 1[0m discover_packages(path) discover
[0.764s] [34mcolcon.colcon_core.package_discovery[0m [30mLevel 1[0m discover_packages(path) using defaults
[0.787s] [34mcolcon.colcon_core.package_selection[0m [30mINFO[0m Skipping not selected package 'kokos' in 'src\kokos'
[0.799s] [34mcolcon.colcon_core.verb[0m [30mLevel 5[0m set package 'py_pubsub' build argument 'cmake_args' from command line to 'None'
[0.799s] [34mcolcon.colcon_core.verb[0m [30mLevel 5[0m set package 'py_pubsub' build argument 'cmake_target' from command line to 'None'
[0.799s] [34mcolcon.colcon_core.verb[0m [30mLevel 5[0m set package 'py_pubsub' build argument 'cmake_target_skip_unavailable' from command line to 'False'
[0.799s] [34mcolcon.colcon_core.verb[0m [30mLevel 5[0m set package 'py_pubsub' build argument 'cmake_clean_cache' from command line to 'False'
[0.799s] [34mcolcon.colcon_core.verb[0m [30mLevel 5[0m set package 'py_pubsub' build argument 'cmake_clean_first' from command line to 'False'
[0.799s] [34mcolcon.colcon_core.verb[0m [30mLevel 5[0m set package 'py_pubsub' build argument 'cmake_force_configure' from command line to 'False'
[0.799s] [34mcolcon.colcon_core.verb[0m [30mLevel 5[0m set package 'py_pubsub' build argument 'ament_cmake_args' from command line to 'None'
[0.799s] [34mcolcon.colcon_core.verb[0m [30mLevel 5[0m set package 'py_pubsub' build argument 'catkin_cmake_args' from command line to 'None'
[0.799s] [34mcolcon.colcon_core.verb[0m [30mLevel 5[0m set package 'py_pubsub' build argument 'catkin_skip_building_tests' from command line to 'False'
[0.799s] [34mcolcon.colcon_core.verb[0m [30mDEBUG[0m [32mBuilding package 'py_pubsub' with the following arguments: {'ament_cmake_args': None, 'build_base': 'C:\\kcl\\robotics\\ros\\assignment2\\build\\py_pubsub', 'catkin_cmake_args': None, 'catkin_skip_building_tests': False, 'cmake_args': None, 'cmake_clean_cache': False, 'cmake_clean_first': False, 'cmake_force_configure': False, 'cmake_target': None, 'cmake_target_skip_unavailable': False, 'install_base': 'C:\\kcl\\robotics\\ros\\assignment2\\install', 'merge_install': True, 'path': 'C:\\kcl\\robotics\\ros\\assignment2\\src\\py_pubsub', 'symlink_install': False, 'test_result_base': None}[0m
[0.802s] [34mcolcon.colcon_core.executor[0m [30mINFO[0m Executing jobs using 'parallel' executor
[0.824s] [34mcolcon.colcon_parallel_executor.executor.parallel[0m [30mDEBUG[0m [32mrun_until_complete[0m
[0.824s] [34mcolcon.colcon_ros.task.ament_python.build[0m [30mINFO[0m Building ROS package in 'C:\kcl\robotics\ros\assignment2\src\py_pubsub' with build type 'ament_python'
[0.824s] [34mcolcon.colcon_core.shell[0m [30mLevel 1[0m create_environment_hook('py_pubsub', 'ament_prefix_path')
[0.833s] [34mcolcon.colcon_core.plugin_system[0m [30mINFO[0m Skipping extension 'colcon_core.shell.sh': Not used on Windows systems
[0.834s] [34mcolcon.colcon_core.shell[0m [30mINFO[0m Creating environment hook 'C:\kcl\robotics\ros\assignment2\install\share\py_pubsub\hook\ament_prefix_path.ps1'
[0.837s] [34mcolcon.colcon_core.shell[0m [30mINFO[0m Creating environment hook 'C:\kcl\robotics\ros\assignment2\install\share\py_pubsub\hook\ament_prefix_path.bat'
[0.839s] [34mcolcon.colcon_core.shell[0m [30mINFO[0m Creating environment descriptor 'C:\kcl\robotics\ros\assignment2\install\share\py_pubsub\hook\ament_prefix_path.dsv'
[0.847s] [34mcolcon.colcon_core.shell[0m [30mINFO[0m Skip shell extension 'powershell' for command environment: Not usable outside of PowerShell
[1.350s] [34mcolcon.colcon_parallel_executor.executor.parallel[0m [30mDEBUG[0m [32mrun_until_complete finished with 'Command '['c:\\python37\\python.exe', '-c', "import sys;sys.path.insert(0, 'c:/python37/lib');from colcon_python_setup_py.package_identification.python_setup_py import get_setup_arguments;output = repr(get_setup_arguments('src/py_pubsub/setup.py'));sys.stdout.buffer.write(output.encode('utf-8'))"]' returned non-zero exit status 1.'[0m
[1.350s] [34mcolcon.colcon_core.event_reactor[0m [30mDEBUG[0m [32mjoining thread[0m
[1.363s] [34mcolcon.colcon_core.plugin_system[0m [30mINFO[0m Skipping extension 'colcon_notification.desktop_notification.notify2': 'notify2' not found
[1.363s] [34mcolcon.colcon_core.plugin_system[0m [30mINFO[0m Skipping extension 'colcon_notification.desktop_notification.notify_send': Not used on non-Linux systems
[1.363s] [34mcolcon.colcon_core.plugin_system[0m [30mINFO[0m Skipping extension 'colcon_notification.desktop_notification.terminal_notifier': Not used on non-Darwin systems
[1.363s] [34mcolcon.colcon_notification.desktop_notification[0m [30mINFO[0m Sending desktop notification using 'win32'
[6.400s] [34mcolcon.colcon_core.event_reactor[0m [30mDEBUG[0m [32mjoined thread[0m
[6.410s] [34mcolcon.colcon_core.shell[0m [30mINFO[0m Creating prefix script 'C:\kcl\robotics\ros\assignment2\install\local_setup.ps1'
[6.413s] [34mcolcon.colcon_core.shell[0m [30mINFO[0m Creating prefix util module 'C:\kcl\robotics\ros\assignment2\install\_local_setup_util_ps1.py'
[6.417s] [34mcolcon.colcon_core.shell[0m [30mINFO[0m Creating prefix chain script 'C:\kcl\robotics\ros\assignment2\install\setup.ps1'
[6.425s] [34mcolcon.colcon_core.shell[0m [30mINFO[0m Creating prefix script 'C:\kcl\robotics\ros\assignment2\install\local_setup.bat'
[6.426s] [34mcolcon.colcon_core.shell[0m [30mINFO[0m Creating prefix util module 'C:\kcl\robotics\ros\assignment2\install\_local_setup_util_bat.py'
[6.428s] [34mcolcon.colcon_core.shell[0m [30mINFO[0m Creating prefix chain script 'C:\kcl\robotics\ros\assignment2\install\setup.bat'
