[0.780s] [34mcolcon[0m [30mDEBUG[0m [32mCommand line arguments: ['C:\\Python37\\Scripts\\colcon', 'build', '--merge-install'][0m
[0.781s] [34mcolcon[0m [30mDEBUG[0m [32mParsed command line arguments: Namespace(ament_cmake_args=None, base_paths=['.'], build_base='build', catkin_cmake_args=None, catkin_skip_building_tests=False, cmake_args=None, cmake_clean_cache=False, cmake_clean_first=False, cmake_force_configure=False, cmake_target=None, cmake_target_skip_unavailable=False, continue_on_error=False, event_handlers=None, executor='parallel', ignore_user_meta=False, install_base='install', log_base=None, log_level=None, main=<bound method BuildVerb.main of <colcon_core.verb.build.BuildVerb object at 0x00000228FBF73588>>, merge_install=True, metas=['./colcon.meta'], packages_above=None, packages_above_depth=None, packages_end=None, packages_ignore=None, packages_ignore_regex=None, packages_select=None, packages_select_build_failed=False, packages_select_by_dep=None, packages_select_regex=None, packages_select_test_failures=False, packages_skip=None, packages_skip_build_finished=False, packages_skip_by_dep=None, packages_skip_regex=None, packages_skip_test_passed=False, packages_skip_up_to=None, packages_start=None, packages_up_to=None, parallel_workers=8, paths=None, symlink_install=False, test_result_base=None, verb_extension=<colcon_core.verb.build.BuildVerb object at 0x00000228FBF73588>, verb_name='build', verb_parser=<colcon_defaults.argument_parser.defaults.DefaultArgumentsDecorator object at 0x00000228FBF73B48>)[0m
[0.884s] [34mcolcon.colcon_core.package_discovery[0m [30mLevel 1[0m discover_packages(colcon_meta) check parameters
[0.884s] [34mcolcon.colcon_core.package_discovery[0m [30mLevel 1[0m discover_packages(recursive) check parameters
[0.884s] [34mcolcon.colcon_core.package_discovery[0m [30mLevel 1[0m discover_packages(ignore) check parameters
[0.885s] [34mcolcon.colcon_core.package_discovery[0m [30mLevel 1[0m discover_packages(path) check parameters
[0.885s] [34mcolcon.colcon_core.package_discovery[0m [30mLevel 1[0m discover_packages(colcon_meta) discover
[0.885s] [34mcolcon.colcon_core.package_discovery[0m [30mLevel 1[0m discover_packages(recursive) discover
[0.885s] [34mcolcon.colcon_core.package_discovery[0m [30mINFO[0m Crawling recursively for packages in 'C:\kcl\robotics\ros\assignment2'
[0.885s] [34mcolcon.colcon_core.package_identification[0m [30mLevel 1[0m _identify(.) by extensions ['ignore', 'ignore_ament_install']
[0.885s] [34mcolcon.colcon_core.package_identification[0m [30mLevel 1[0m _identify(.) by extension 'ignore'
[0.886s] [34mcolcon.colcon_core.package_identification[0m [30mLevel 1[0m _identify(.) by extension 'ignore_ament_install'
[0.886s] [34mcolcon.colcon_core.package_identification[0m [30mLevel 1[0m _identify(.) by extensions ['colcon_pkg']
[0.886s] [34mcolcon.colcon_core.package_identification[0m [30mLevel 1[0m _identify(.) by extension 'colcon_pkg'
[0.886s] [34mcolcon.colcon_core.package_identification[0m [30mLevel 1[0m _identify(.) by extensions ['colcon_meta']
[0.886s] [34mcolcon.colcon_core.package_identification[0m [30mLevel 1[0m _identify(.) by extension 'colcon_meta'
[0.886s] [34mcolcon.colcon_core.package_identification[0m [30mLevel 1[0m _identify(.) by extensions ['ros']
[0.887s] [34mcolcon.colcon_core.package_identification[0m [30mLevel 1[0m _identify(.) by extension 'ros'
[0.909s] [34mcolcon.colcon_core.package_identification[0m [30mLevel 1[0m _identify(.) by extensions ['cmake', 'python']
[0.909s] [34mcolcon.colcon_core.package_identification[0m [30mLevel 1[0m _identify(.) by extension 'cmake'
[0.909s] [34mcolcon.colcon_core.package_identification[0m [30mLevel 1[0m _identify(.) by extension 'python'
[0.909s] [34mcolcon.colcon_core.package_identification[0m [30mLevel 1[0m _identify(.) by extensions ['python_setup_py']
[0.909s] [34mcolcon.colcon_core.package_identification[0m [30mLevel 1[0m _identify(.) by extension 'python_setup_py'
[0.910s] [34mcolcon.colcon_core.package_identification[0m [30mLevel 1[0m _identify(build) by extensions ['ignore', 'ignore_ament_install']
[0.910s] [34mcolcon.colcon_core.package_identification[0m [30mLevel 1[0m _identify(build) by extension 'ignore'
[0.910s] [34mcolcon.colcon_core.package_identification[0m [30mLevel 1[0m _identify(build) ignored
[0.910s] [34mcolcon.colcon_core.package_identification[0m [30mLevel 1[0m _identify(install) by extensions ['ignore', 'ignore_ament_install']
[0.910s] [34mcolcon.colcon_core.package_identification[0m [30mLevel 1[0m _identify(install) by extension 'ignore'
[0.910s] [34mcolcon.colcon_core.package_identification[0m [30mLevel 1[0m _identify(install) ignored
[0.911s] [34mcolcon.colcon_core.package_identification[0m [30mLevel 1[0m _identify(log) by extensions ['ignore', 'ignore_ament_install']
[0.911s] [34mcolcon.colcon_core.package_identification[0m [30mLevel 1[0m _identify(log) by extension 'ignore'
[0.912s] [34mcolcon.colcon_core.package_identification[0m [30mLevel 1[0m _identify(log) ignored
[0.912s] [34mcolcon.colcon_core.package_identification[0m [30mLevel 1[0m _identify(src) by extensions ['ignore', 'ignore_ament_install']
[0.912s] [34mcolcon.colcon_core.package_identification[0m [30mLevel 1[0m _identify(src) by extension 'ignore'
[0.912s] [34mcolcon.colcon_core.package_identification[0m [30mLevel 1[0m _identify(src) by extension 'ignore_ament_install'
[0.912s] [34mcolcon.colcon_core.package_identification[0m [30mLevel 1[0m _identify(src) by extensions ['colcon_pkg']
[0.912s] [34mcolcon.colcon_core.package_identification[0m [30mLevel 1[0m _identify(src) by extension 'colcon_pkg'
[0.912s] [34mcolcon.colcon_core.package_identification[0m [30mLevel 1[0m _identify(src) by extensions ['colcon_meta']
[0.912s] [34mcolcon.colcon_core.package_identification[0m [30mLevel 1[0m _identify(src) by extension 'colcon_meta'
[0.912s] [34mcolcon.colcon_core.package_identification[0m [30mLevel 1[0m _identify(src) by extensions ['ros']
[0.912s] [34mcolcon.colcon_core.package_identification[0m [30mLevel 1[0m _identify(src) by extension 'ros'
[0.913s] [34mcolcon.colcon_core.package_identification[0m [30mLevel 1[0m _identify(src) by extensions ['cmake', 'python']
[0.913s] [34mcolcon.colcon_core.package_identification[0m [30mLevel 1[0m _identify(src) by extension 'cmake'
[0.913s] [34mcolcon.colcon_core.package_identification[0m [30mLevel 1[0m _identify(src) by extension 'python'
[0.913s] [34mcolcon.colcon_core.package_identification[0m [30mLevel 1[0m _identify(src) by extensions ['python_setup_py']
[0.913s] [34mcolcon.colcon_core.package_identification[0m [30mLevel 1[0m _identify(src) by extension 'python_setup_py'
[0.913s] [34mcolcon.colcon_core.package_identification[0m [30mLevel 1[0m _identify(src\kokos) by extensions ['ignore', 'ignore_ament_install']
[0.913s] [34mcolcon.colcon_core.package_identification[0m [30mLevel 1[0m _identify(src\kokos) by extension 'ignore'
[0.914s] [34mcolcon.colcon_core.package_identification[0m [30mLevel 1[0m _identify(src\kokos) by extension 'ignore_ament_install'
[0.914s] [34mcolcon.colcon_core.package_identification[0m [30mLevel 1[0m _identify(src\kokos) by extensions ['colcon_pkg']
[0.914s] [34mcolcon.colcon_core.package_identification[0m [30mLevel 1[0m _identify(src\kokos) by extension 'colcon_pkg'
[0.914s] [34mcolcon.colcon_core.package_identification[0m [30mLevel 1[0m _identify(src\kokos) by extensions ['colcon_meta']
[0.914s] [34mcolcon.colcon_core.package_identification[0m [30mLevel 1[0m _identify(src\kokos) by extension 'colcon_meta'
[0.914s] [34mcolcon.colcon_core.package_identification[0m [30mLevel 1[0m _identify(src\kokos) by extensions ['ros']
[0.914s] [34mcolcon.colcon_core.package_identification[0m [30mLevel 1[0m _identify(src\kokos) by extension 'ros'
[0.921s] [34mcolcon.colcon_core.package_identification[0m [30mDEBUG[0m [32mPackage 'src\kokos' with type 'ros.ament_python' and name 'kokos'[0m
[0.921s] [34mcolcon.colcon_core.package_identification[0m [30mLevel 1[0m _identify(src\py_pubsub) by extensions ['ignore', 'ignore_ament_install']
[0.921s] [34mcolcon.colcon_core.package_identification[0m [30mLevel 1[0m _identify(src\py_pubsub) by extension 'ignore'
[0.922s] [34mcolcon.colcon_core.package_identification[0m [30mLevel 1[0m _identify(src\py_pubsub) by extension 'ignore_ament_install'
[0.922s] [34mcolcon.colcon_core.package_identification[0m [30mLevel 1[0m _identify(src\py_pubsub) by extensions ['colcon_pkg']
[0.922s] [34mcolcon.colcon_core.package_identification[0m [30mLevel 1[0m _identify(src\py_pubsub) by extension 'colcon_pkg'
[0.922s] [34mcolcon.colcon_core.package_identification[0m [30mLevel 1[0m _identify(src\py_pubsub) by extensions ['colcon_meta']
[0.922s] [34mcolcon.colcon_core.package_identification[0m [30mLevel 1[0m _identify(src\py_pubsub) by extension 'colcon_meta'
[0.922s] [34mcolcon.colcon_core.package_identification[0m [30mLevel 1[0m _identify(src\py_pubsub) by extensions ['ros']
[0.922s] [34mcolcon.colcon_core.package_identification[0m [30mLevel 1[0m _identify(src\py_pubsub) by extension 'ros'
[0.923s] [34mcolcon.colcon_core.package_identification[0m [30mDEBUG[0m [32mPackage 'src\py_pubsub' with type 'ros.ament_python' and name 'py_pubsub'[0m
[0.924s] [34mcolcon.colcon_core.package_identification[0m [30mLevel 1[0m _identify(src\py_srvcli) by extensions ['ignore', 'ignore_ament_install']
[0.924s] [34mcolcon.colcon_core.package_identification[0m [30mLevel 1[0m _identify(src\py_srvcli) by extension 'ignore'
[0.924s] [34mcolcon.colcon_core.package_identification[0m [30mLevel 1[0m _identify(src\py_srvcli) by extension 'ignore_ament_install'
[0.924s] [34mcolcon.colcon_core.package_identification[0m [30mLevel 1[0m _identify(src\py_srvcli) by extensions ['colcon_pkg']
[0.924s] [34mcolcon.colcon_core.package_identification[0m [30mLevel 1[0m _identify(src\py_srvcli) by extension 'colcon_pkg'
[0.924s] [34mcolcon.colcon_core.package_identification[0m [30mLevel 1[0m _identify(src\py_srvcli) by extensions ['colcon_meta']
[0.924s] [34mcolcon.colcon_core.package_identification[0m [30mLevel 1[0m _identify(src\py_srvcli) by extension 'colcon_meta'
[0.924s] [34mcolcon.colcon_core.package_identification[0m [30mLevel 1[0m _identify(src\py_srvcli) by extensions ['ros']
[0.924s] [34mcolcon.colcon_core.package_identification[0m [30mLevel 1[0m _identify(src\py_srvcli) by extension 'ros'
[0.926s] [34mcolcon.colcon_core.package_identification[0m [30mDEBUG[0m [32mPackage 'src\py_srvcli' with type 'ros.ament_python' and name 'py_srvcli'[0m
[0.926s] [34mcolcon.colcon_core.package_discovery[0m [30mLevel 1[0m discover_packages(recursive) using defaults
[0.926s] [34mcolcon.colcon_core.package_discovery[0m [30mLevel 1[0m discover_packages(ignore) discover
[0.926s] [34mcolcon.colcon_core.package_discovery[0m [30mLevel 1[0m discover_packages(ignore) using defaults
[0.926s] [34mcolcon.colcon_core.package_discovery[0m [30mLevel 1[0m discover_packages(path) discover
[0.926s] [34mcolcon.colcon_core.package_discovery[0m [30mLevel 1[0m discover_packages(path) using defaults
[0.969s] [34mcolcon.colcon_core.verb[0m [30mLevel 5[0m set package 'kokos' build argument 'cmake_args' from command line to 'None'
[0.969s] [34mcolcon.colcon_core.verb[0m [30mLevel 5[0m set package 'kokos' build argument 'cmake_target' from command line to 'None'
[0.969s] [34mcolcon.colcon_core.verb[0m [30mLevel 5[0m set package 'kokos' build argument 'cmake_target_skip_unavailable' from command line to 'False'
[0.969s] [34mcolcon.colcon_core.verb[0m [30mLevel 5[0m set package 'kokos' build argument 'cmake_clean_cache' from command line to 'False'
[0.969s] [34mcolcon.colcon_core.verb[0m [30mLevel 5[0m set package 'kokos' build argument 'cmake_clean_first' from command line to 'False'
[0.969s] [34mcolcon.colcon_core.verb[0m [30mLevel 5[0m set package 'kokos' build argument 'cmake_force_configure' from command line to 'False'
[0.969s] [34mcolcon.colcon_core.verb[0m [30mLevel 5[0m set package 'kokos' build argument 'ament_cmake_args' from command line to 'None'
[0.969s] [34mcolcon.colcon_core.verb[0m [30mLevel 5[0m set package 'kokos' build argument 'catkin_cmake_args' from command line to 'None'
[0.969s] [34mcolcon.colcon_core.verb[0m [30mLevel 5[0m set package 'kokos' build argument 'catkin_skip_building_tests' from command line to 'False'
[0.969s] [34mcolcon.colcon_core.verb[0m [30mDEBUG[0m [32mBuilding package 'kokos' with the following arguments: {'ament_cmake_args': None, 'build_base': 'C:\\kcl\\robotics\\ros\\assignment2\\build\\kokos', 'catkin_cmake_args': None, 'catkin_skip_building_tests': False, 'cmake_args': None, 'cmake_clean_cache': False, 'cmake_clean_first': False, 'cmake_force_configure': False, 'cmake_target': None, 'cmake_target_skip_unavailable': False, 'install_base': 'C:\\kcl\\robotics\\ros\\assignment2\\install', 'merge_install': True, 'path': 'C:\\kcl\\robotics\\ros\\assignment2\\src\\kokos', 'symlink_install': False, 'test_result_base': None}[0m
[0.983s] [34mcolcon.colcon_core.verb[0m [30mLevel 5[0m set package 'py_pubsub' build argument 'cmake_args' from command line to 'None'
[0.983s] [34mcolcon.colcon_core.verb[0m [30mLevel 5[0m set package 'py_pubsub' build argument 'cmake_target' from command line to 'None'
[0.983s] [34mcolcon.colcon_core.verb[0m [30mLevel 5[0m set package 'py_pubsub' build argument 'cmake_target_skip_unavailable' from command line to 'False'
[0.984s] [34mcolcon.colcon_core.verb[0m [30mLevel 5[0m set package 'py_pubsub' build argument 'cmake_clean_cache' from command line to 'False'
[0.984s] [34mcolcon.colcon_core.verb[0m [30mLevel 5[0m set package 'py_pubsub' build argument 'cmake_clean_first' from command line to 'False'
[0.984s] [34mcolcon.colcon_core.verb[0m [30mLevel 5[0m set package 'py_pubsub' build argument 'cmake_force_configure' from command line to 'False'
[0.984s] [34mcolcon.colcon_core.verb[0m [30mLevel 5[0m set package 'py_pubsub' build argument 'ament_cmake_args' from command line to 'None'
[0.984s] [34mcolcon.colcon_core.verb[0m [30mLevel 5[0m set package 'py_pubsub' build argument 'catkin_cmake_args' from command line to 'None'
[0.984s] [34mcolcon.colcon_core.verb[0m [30mLevel 5[0m set package 'py_pubsub' build argument 'catkin_skip_building_tests' from command line to 'False'
[0.984s] [34mcolcon.colcon_core.verb[0m [30mDEBUG[0m [32mBuilding package 'py_pubsub' with the following arguments: {'ament_cmake_args': None, 'build_base': 'C:\\kcl\\robotics\\ros\\assignment2\\build\\py_pubsub', 'catkin_cmake_args': None, 'catkin_skip_building_tests': False, 'cmake_args': None, 'cmake_clean_cache': False, 'cmake_clean_first': False, 'cmake_force_configure': False, 'cmake_target': None, 'cmake_target_skip_unavailable': False, 'install_base': 'C:\\kcl\\robotics\\ros\\assignment2\\install', 'merge_install': True, 'path': 'C:\\kcl\\robotics\\ros\\assignment2\\src\\py_pubsub', 'symlink_install': False, 'test_result_base': None}[0m
[0.998s] [34mcolcon.colcon_core.verb[0m [30mLevel 5[0m set package 'py_srvcli' build argument 'cmake_args' from command line to 'None'
[0.998s] [34mcolcon.colcon_core.verb[0m [30mLevel 5[0m set package 'py_srvcli' build argument 'cmake_target' from command line to 'None'
[0.998s] [34mcolcon.colcon_core.verb[0m [30mLevel 5[0m set package 'py_srvcli' build argument 'cmake_target_skip_unavailable' from command line to 'False'
[0.998s] [34mcolcon.colcon_core.verb[0m [30mLevel 5[0m set package 'py_srvcli' build argument 'cmake_clean_cache' from command line to 'False'
[0.998s] [34mcolcon.colcon_core.verb[0m [30mLevel 5[0m set package 'py_srvcli' build argument 'cmake_clean_first' from command line to 'False'
[0.998s] [34mcolcon.colcon_core.verb[0m [30mLevel 5[0m set package 'py_srvcli' build argument 'cmake_force_configure' from command line to 'False'
[0.998s] [34mcolcon.colcon_core.verb[0m [30mLevel 5[0m set package 'py_srvcli' build argument 'ament_cmake_args' from command line to 'None'
[0.998s] [34mcolcon.colcon_core.verb[0m [30mLevel 5[0m set package 'py_srvcli' build argument 'catkin_cmake_args' from command line to 'None'
[0.998s] [34mcolcon.colcon_core.verb[0m [30mLevel 5[0m set package 'py_srvcli' build argument 'catkin_skip_building_tests' from command line to 'False'
[0.998s] [34mcolcon.colcon_core.verb[0m [30mDEBUG[0m [32mBuilding package 'py_srvcli' with the following arguments: {'ament_cmake_args': None, 'build_base': 'C:\\kcl\\robotics\\ros\\assignment2\\build\\py_srvcli', 'catkin_cmake_args': None, 'catkin_skip_building_tests': False, 'cmake_args': None, 'cmake_clean_cache': False, 'cmake_clean_first': False, 'cmake_force_configure': False, 'cmake_target': None, 'cmake_target_skip_unavailable': False, 'install_base': 'C:\\kcl\\robotics\\ros\\assignment2\\install', 'merge_install': True, 'path': 'C:\\kcl\\robotics\\ros\\assignment2\\src\\py_srvcli', 'symlink_install': False, 'test_result_base': None}[0m
[1.003s] [34mcolcon.colcon_core.executor[0m [30mINFO[0m Executing jobs using 'parallel' executor
[1.027s] [34mcolcon.colcon_parallel_executor.executor.parallel[0m [30mDEBUG[0m [32mrun_until_complete[0m
[1.028s] [34mcolcon.colcon_ros.task.ament_python.build[0m [30mINFO[0m Building ROS package in 'C:\kcl\robotics\ros\assignment2\src\kokos' with build type 'ament_python'
[1.028s] [34mcolcon.colcon_core.shell[0m [30mLevel 1[0m create_environment_hook('kokos', 'ament_prefix_path')
[1.040s] [34mcolcon.colcon_core.plugin_system[0m [30mINFO[0m Skipping extension 'colcon_core.shell.sh': Not used on Windows systems
[1.040s] [34mcolcon.colcon_core.shell[0m [30mINFO[0m Creating environment hook 'C:\kcl\robotics\ros\assignment2\install\share\kokos\hook\ament_prefix_path.ps1'
[1.041s] [34mcolcon.colcon_core.shell[0m [30mINFO[0m Creating environment hook 'C:\kcl\robotics\ros\assignment2\install\share\kokos\hook\ament_prefix_path.bat'
[1.043s] [34mcolcon.colcon_core.shell[0m [30mINFO[0m Creating environment descriptor 'C:\kcl\robotics\ros\assignment2\install\share\kokos\hook\ament_prefix_path.dsv'
[1.051s] [34mcolcon.colcon_core.shell[0m [30mINFO[0m Skip shell extension 'powershell' for command environment: Not usable outside of PowerShell
[1.103s] [34mcolcon.colcon_ros.task.ament_python.build[0m [30mINFO[0m Building ROS package in 'C:\kcl\robotics\ros\assignment2\src\py_pubsub' with build type 'ament_python'
[1.103s] [34mcolcon.colcon_core.shell[0m [30mLevel 1[0m create_environment_hook('py_pubsub', 'ament_prefix_path')
[1.111s] [34mcolcon.colcon_core.shell[0m [30mINFO[0m Creating environment hook 'C:\kcl\robotics\ros\assignment2\install\share\py_pubsub\hook\ament_prefix_path.ps1'
[1.112s] [34mcolcon.colcon_core.shell[0m [30mINFO[0m Creating environment hook 'C:\kcl\robotics\ros\assignment2\install\share\py_pubsub\hook\ament_prefix_path.bat'
[1.113s] [34mcolcon.colcon_core.shell[0m [30mINFO[0m Creating environment descriptor 'C:\kcl\robotics\ros\assignment2\install\share\py_pubsub\hook\ament_prefix_path.dsv'
[1.124s] [34mcolcon.colcon_core.shell[0m [30mINFO[0m Skip shell extension 'powershell' for command environment: Not usable outside of PowerShell
[1.170s] [34mcolcon.colcon_ros.task.ament_python.build[0m [30mINFO[0m Building ROS package in 'C:\kcl\robotics\ros\assignment2\src\py_srvcli' with build type 'ament_python'
[1.170s] [34mcolcon.colcon_core.shell[0m [30mLevel 1[0m create_environment_hook('py_srvcli', 'ament_prefix_path')
[1.178s] [34mcolcon.colcon_core.shell[0m [30mINFO[0m Creating environment hook 'C:\kcl\robotics\ros\assignment2\install\share\py_srvcli\hook\ament_prefix_path.ps1'
[1.179s] [34mcolcon.colcon_core.shell[0m [30mINFO[0m Creating environment hook 'C:\kcl\robotics\ros\assignment2\install\share\py_srvcli\hook\ament_prefix_path.bat'
[1.180s] [34mcolcon.colcon_core.shell[0m [30mINFO[0m Creating environment descriptor 'C:\kcl\robotics\ros\assignment2\install\share\py_srvcli\hook\ament_prefix_path.dsv'
[1.192s] [34mcolcon.colcon_core.shell[0m [30mINFO[0m Skip shell extension 'powershell' for command environment: Not usable outside of PowerShell
[1.741s] [34mcolcon.colcon_core.task.python.build[0m [30mINFO[0m Building Python package in 'C:\kcl\robotics\ros\assignment2\src\py_pubsub'
[1.748s] [34mcolcon.colcon_core.shell[0m [30mINFO[0m Skip shell extension 'powershell' for command environment: Not usable outside of PowerShell
[2.300s] [34mcolcon.colcon_core.task.python.build[0m [30mINFO[0m Building Python package in 'C:\kcl\robotics\ros\assignment2\src\kokos'
[2.308s] [34mcolcon.colcon_core.shell[0m [30mINFO[0m Skip shell extension 'powershell' for command environment: Not usable outside of PowerShell
[2.934s] [34mcolcon.colcon_core.event_handler.log_command[0m [30mDEBUG[0m [32mInvoking command in 'C:\kcl\robotics\ros\assignment2\src\py_pubsub': PUBLIC=%PUBLIC%
PyCharm Community Edition=C:\Program Files\JetBrains\PyCharm Community Edition 2019.2.3\bin; PYTHONPATH=C:\kcl\robotics\ros\assignment2\install\Lib\site-packages;%PYTHONPATH% c:\python37\python.exe setup.py egg_info --egg-base C:\kcl\robotics\ros\assignment2\build\py_pubsub build --build-base C:\kcl\robotics\ros\assignment2\build\py_pubsub\build install --prefix C:\kcl\robotics\ros\assignment2\install --record C:\kcl\robotics\ros\assignment2\build\py_pubsub\install.log --single-version-externally-managed[0m
[3.468s] [34mcolcon.colcon_core.task.python.build[0m [30mINFO[0m Building Python package in 'C:\kcl\robotics\ros\assignment2\src\py_srvcli'
[3.477s] [34mcolcon.colcon_core.shell[0m [30mINFO[0m Skip shell extension 'powershell' for command environment: Not usable outside of PowerShell
[4.097s] [34mcolcon.colcon_core.event_handler.log_command[0m [30mDEBUG[0m [32mInvoking command in 'C:\kcl\robotics\ros\assignment2\src\kokos': PUBLIC=%PUBLIC%
PyCharm Community Edition=C:\Program Files\JetBrains\PyCharm Community Edition 2019.2.3\bin; PYTHONPATH=C:\kcl\robotics\ros\assignment2\install\Lib\site-packages;%PYTHONPATH% c:\python37\python.exe setup.py egg_info --egg-base C:\kcl\robotics\ros\assignment2\build\kokos build --build-base C:\kcl\robotics\ros\assignment2\build\kokos\build install --prefix C:\kcl\robotics\ros\assignment2\install --record C:\kcl\robotics\ros\assignment2\build\kokos\install.log --single-version-externally-managed[0m
[4.107s] [34mcolcon.colcon_core.event_handler.log_command[0m [30mDEBUG[0m [32mInvoked command in 'C:\kcl\robotics\ros\assignment2\src\py_pubsub' returned '0': PUBLIC=%PUBLIC%
PyCharm Community Edition=C:\Program Files\JetBrains\PyCharm Community Edition 2019.2.3\bin; PYTHONPATH=C:\kcl\robotics\ros\assignment2\install\Lib\site-packages;%PYTHONPATH% c:\python37\python.exe setup.py egg_info --egg-base C:\kcl\robotics\ros\assignment2\build\py_pubsub build --build-base C:\kcl\robotics\ros\assignment2\build\py_pubsub\build install --prefix C:\kcl\robotics\ros\assignment2\install --record C:\kcl\robotics\ros\assignment2\build\py_pubsub\install.log --single-version-externally-managed[0m
[4.128s] [34mcolcon.colcon_core.environment[0m [30mLevel 1[0m checking 'C:\kcl\robotics\ros\assignment2\install' for CMake module files
[4.129s] [34mcolcon.colcon_core.environment[0m [30mLevel 1[0m checking 'C:\kcl\robotics\ros\assignment2\install' for CMake config files
[4.132s] [34mcolcon.colcon_core.environment[0m [30mLevel 1[0m checking 'C:\kcl\robotics\ros\assignment2\install\bin'
[4.133s] [34mcolcon.colcon_core.environment[0m [30mLevel 1[0m checking 'C:\kcl\robotics\ros\assignment2\install\bin'
[4.133s] [34mcolcon.colcon_core.environment[0m [30mLevel 1[0m checking 'C:\kcl\robotics\ros\assignment2\install\Scripts'
[4.133s] [34mcolcon.colcon_core.environment[0m [30mLevel 1[0m checking 'C:\kcl\robotics\ros\assignment2\install\lib\pkgconfig\py_pubsub.pc'
[4.133s] [34mcolcon.colcon_core.environment[0m [30mLevel 1[0m checking 'C:\kcl\robotics\ros\assignment2\install\Lib\site-packages'
[4.133s] [34mcolcon.colcon_core.shell[0m [30mLevel 1[0m create_environment_hook('py_pubsub', 'pythonpath')
[4.140s] [34mcolcon.colcon_core.shell[0m [30mINFO[0m Creating environment hook 'C:\kcl\robotics\ros\assignment2\install\share\py_pubsub\hook\pythonpath.ps1'
[4.141s] [34mcolcon.colcon_core.shell[0m [30mINFO[0m Creating environment hook 'C:\kcl\robotics\ros\assignment2\install\share\py_pubsub\hook\pythonpath.bat'
[4.143s] [34mcolcon.colcon_core.shell[0m [30mINFO[0m Creating environment descriptor 'C:\kcl\robotics\ros\assignment2\install\share\py_pubsub\hook\pythonpath.dsv'
[4.145s] [34mcolcon.colcon_core.environment[0m [30mLevel 1[0m create_environment_scripts_only(py_pubsub)
[4.153s] [34mcolcon.colcon_core.shell[0m [30mINFO[0m Creating package script 'C:\kcl\robotics\ros\assignment2\install\share\py_pubsub\package.ps1'
[4.154s] [34mcolcon.colcon_core.shell[0m [30mINFO[0m Creating package script 'C:\kcl\robotics\ros\assignment2\install\share\py_pubsub\package.bat'
[4.158s] [34mcolcon.colcon_core.shell[0m [30mINFO[0m Creating package descriptor 'C:\kcl\robotics\ros\assignment2\install\share\py_pubsub\package.dsv'
[4.160s] [34mcolcon.colcon_core.environment[0m [30mLevel 1[0m create_file_with_runtime_dependencies(C:\kcl\robotics\ros\assignment2\install\share\colcon-core\packages\py_pubsub)
[4.665s] [34mcolcon.colcon_core.event_handler.log_command[0m [30mDEBUG[0m [32mInvoking command in 'C:\kcl\robotics\ros\assignment2\src\py_srvcli': PUBLIC=%PUBLIC%
PyCharm Community Edition=C:\Program Files\JetBrains\PyCharm Community Edition 2019.2.3\bin; PYTHONPATH=C:\kcl\robotics\ros\assignment2\install\Lib\site-packages;%PYTHONPATH% c:\python37\python.exe setup.py egg_info --egg-base C:\kcl\robotics\ros\assignment2\build\py_srvcli build --build-base C:\kcl\robotics\ros\assignment2\build\py_srvcli\build install --prefix C:\kcl\robotics\ros\assignment2\install --record C:\kcl\robotics\ros\assignment2\build\py_srvcli\install.log --single-version-externally-managed[0m
[4.699s] [34mcolcon.colcon_core.environment[0m [30mLevel 1[0m checking 'C:\kcl\robotics\ros\assignment2\install' for CMake module files
[4.700s] [34mcolcon.colcon_core.event_handler.log_command[0m [30mDEBUG[0m [32mInvoked command in 'C:\kcl\robotics\ros\assignment2\src\kokos' returned '0': PUBLIC=%PUBLIC%
PyCharm Community Edition=C:\Program Files\JetBrains\PyCharm Community Edition 2019.2.3\bin; PYTHONPATH=C:\kcl\robotics\ros\assignment2\install\Lib\site-packages;%PYTHONPATH% c:\python37\python.exe setup.py egg_info --egg-base C:\kcl\robotics\ros\assignment2\build\kokos build --build-base C:\kcl\robotics\ros\assignment2\build\kokos\build install --prefix C:\kcl\robotics\ros\assignment2\install --record C:\kcl\robotics\ros\assignment2\build\kokos\install.log --single-version-externally-managed[0m
[4.701s] [34mcolcon.colcon_core.environment[0m [30mLevel 1[0m checking 'C:\kcl\robotics\ros\assignment2\install' for CMake config files
[4.704s] [34mcolcon.colcon_core.environment[0m [30mLevel 1[0m checking 'C:\kcl\robotics\ros\assignment2\install\bin'
[4.705s] [34mcolcon.colcon_core.environment[0m [30mLevel 1[0m checking 'C:\kcl\robotics\ros\assignment2\install\bin'
[4.705s] [34mcolcon.colcon_core.environment[0m [30mLevel 1[0m checking 'C:\kcl\robotics\ros\assignment2\install\Scripts'
[4.705s] [34mcolcon.colcon_core.environment[0m [30mLevel 1[0m checking 'C:\kcl\robotics\ros\assignment2\install\lib\pkgconfig\kokos.pc'
[4.705s] [34mcolcon.colcon_core.environment[0m [30mLevel 1[0m checking 'C:\kcl\robotics\ros\assignment2\install\Lib\site-packages'
[4.705s] [34mcolcon.colcon_core.shell[0m [30mLevel 1[0m create_environment_hook('kokos', 'pythonpath')
[4.712s] [34mcolcon.colcon_core.shell[0m [30mINFO[0m Creating environment hook 'C:\kcl\robotics\ros\assignment2\install\share\kokos\hook\pythonpath.ps1'
[4.713s] [34mcolcon.colcon_core.shell[0m [30mINFO[0m Creating environment hook 'C:\kcl\robotics\ros\assignment2\install\share\kokos\hook\pythonpath.bat'
[4.714s] [34mcolcon.colcon_core.shell[0m [30mINFO[0m Creating environment descriptor 'C:\kcl\robotics\ros\assignment2\install\share\kokos\hook\pythonpath.dsv'
[4.715s] [34mcolcon.colcon_core.environment[0m [30mLevel 1[0m create_environment_scripts_only(kokos)
[4.722s] [34mcolcon.colcon_core.shell[0m [30mINFO[0m Creating package script 'C:\kcl\robotics\ros\assignment2\install\share\kokos\package.ps1'
[4.723s] [34mcolcon.colcon_core.shell[0m [30mINFO[0m Creating package script 'C:\kcl\robotics\ros\assignment2\install\share\kokos\package.bat'
[4.724s] [34mcolcon.colcon_core.shell[0m [30mINFO[0m Creating package descriptor 'C:\kcl\robotics\ros\assignment2\install\share\kokos\package.dsv'
[4.725s] [34mcolcon.colcon_core.environment[0m [30mLevel 1[0m create_file_with_runtime_dependencies(C:\kcl\robotics\ros\assignment2\install\share\colcon-core\packages\kokos)
[5.219s] [34mcolcon.colcon_core.event_handler.log_command[0m [30mDEBUG[0m [32mInvoked command in 'C:\kcl\robotics\ros\assignment2\src\py_srvcli' returned '1': PUBLIC=%PUBLIC%
PyCharm Community Edition=C:\Program Files\JetBrains\PyCharm Community Edition 2019.2.3\bin; PYTHONPATH=C:\kcl\robotics\ros\assignment2\install\Lib\site-packages;%PYTHONPATH% c:\python37\python.exe setup.py egg_info --egg-base C:\kcl\robotics\ros\assignment2\build\py_srvcli build --build-base C:\kcl\robotics\ros\assignment2\build\py_srvcli\build install --prefix C:\kcl\robotics\ros\assignment2\install --record C:\kcl\robotics\ros\assignment2\build\py_srvcli\install.log --single-version-externally-managed[0m
[5.227s] [34mcolcon.colcon_parallel_executor.executor.parallel[0m [30mDEBUG[0m [32mrun_until_complete finished with '1'[0m
[5.227s] [34mcolcon.colcon_core.event_reactor[0m [30mDEBUG[0m [32mjoining thread[0m
[5.241s] [34mcolcon.colcon_core.plugin_system[0m [30mINFO[0m Skipping extension 'colcon_notification.desktop_notification.notify2': 'notify2' not found
[5.241s] [34mcolcon.colcon_core.plugin_system[0m [30mINFO[0m Skipping extension 'colcon_notification.desktop_notification.notify_send': Not used on non-Linux systems
[5.241s] [34mcolcon.colcon_core.plugin_system[0m [30mINFO[0m Skipping extension 'colcon_notification.desktop_notification.terminal_notifier': Not used on non-Darwin systems
[5.241s] [34mcolcon.colcon_notification.desktop_notification[0m [30mINFO[0m Sending desktop notification using 'win32'
[10.287s] [34mcolcon.colcon_core.event_reactor[0m [30mDEBUG[0m [32mjoined thread[0m
[10.302s] [34mcolcon.colcon_core.shell[0m [30mINFO[0m Creating prefix script 'C:\kcl\robotics\ros\assignment2\install\local_setup.ps1'
[10.304s] [34mcolcon.colcon_core.shell[0m [30mINFO[0m Creating prefix util module 'C:\kcl\robotics\ros\assignment2\install\_local_setup_util_ps1.py'
[10.306s] [34mcolcon.colcon_core.shell[0m [30mINFO[0m Creating prefix chain script 'C:\kcl\robotics\ros\assignment2\install\setup.ps1'
[10.318s] [34mcolcon.colcon_core.shell[0m [30mINFO[0m Creating prefix script 'C:\kcl\robotics\ros\assignment2\install\local_setup.bat'
[10.320s] [34mcolcon.colcon_core.shell[0m [30mINFO[0m Creating prefix util module 'C:\kcl\robotics\ros\assignment2\install\_local_setup_util_bat.py'
[10.321s] [34mcolcon.colcon_core.shell[0m [30mINFO[0m Creating prefix chain script 'C:\kcl\robotics\ros\assignment2\install\setup.bat'
