[0.110s] Invoking command in 'C:\kcl\robotics\ros\assignment2\build\joint_state_publisher': PUBLIC=%PUBLIC%
PyCharm Community Edition=C:\Program Files\JetBrains\PyCharm Community Edition 2019.2.3\bin; C:\Program Files\CMake\bin\cmake.EXE C:\kcl\robotics\ros\assignment2\src\joint_state_publisher\joint_state_publisher -DCATKIN_INSTALL_INTO_PREFIX_ROOT=0 -DCMAKE_INSTALL_PREFIX=C:\kcl\robotics\ros\assignment2\install
[0.422s] CMake Error at CMakeLists.txt:4 (find_package):
[0.422s]   By not providing "Findcatkin.cmake" in CMAKE_MODULE_PATH this project has
[0.422s]   asked CMake to find a package configuration file provided by "catkin", but
[0.422s]   CMake did not find one.
[0.422s] 
[0.422s]   Could not find a package configuration file provided by "catkin" with any
[0.422s]   of the following names:
[0.422s] 
[0.422s]     catkinConfig.cmake
[0.422s]     catkin-config.cmake
[0.422s] 
[0.422s]   Add the installation prefix of "catkin" to CMAKE_PREFIX_PATH or set
[0.422s]   "catkin_DIR" to a directory containing one of the above files.  If "catkin"
[0.422s]   provides a separate development package or SDK, be sure it has been
[0.422s]   installed.
[0.422s] 
[0.422s] 
[0.422s] -- Configuring incomplete, errors occurred!
[0.422s] See also "C:/kcl/robotics/ros/assignment2/build/joint_state_publisher/CMakeFiles/CMakeOutput.log".
[0.438s] Invoked command in 'C:\kcl\robotics\ros\assignment2\build\joint_state_publisher' returned '1': PUBLIC=%PUBLIC%
PyCharm Community Edition=C:\Program Files\JetBrains\PyCharm Community Edition 2019.2.3\bin; C:\Program Files\CMake\bin\cmake.EXE C:\kcl\robotics\ros\assignment2\src\joint_state_publisher\joint_state_publisher -DCATKIN_INSTALL_INTO_PREFIX_ROOT=0 -DCMAKE_INSTALL_PREFIX=C:\kcl\robotics\ros\assignment2\install
