Determining if the pthread_create exist failed with the following output:
Change Dir: /home/mikroszolos/kcl/robotics/ros/ws_moveit/build/chomp_motion_planner/CMakeFiles/CMakeTmp

Run Build Command:"/usr/bin/make" "cmTC_75eb9/fast"
/usr/bin/make -f CMakeFiles/cmTC_75eb9.dir/build.make CMakeFiles/cmTC_75eb9.dir/build
make[1]: Entering directory '/home/mikroszolos/kcl/robotics/ros/ws_moveit/build/chomp_motion_planner/CMakeFiles/CMakeTmp'
Building C object CMakeFiles/cmTC_75eb9.dir/CheckSymbolExists.c.o
/usr/bin/cc    -o CMakeFiles/cmTC_75eb9.dir/CheckSymbolExists.c.o   -c /home/mikroszolos/kcl/robotics/ros/ws_moveit/build/chomp_motion_planner/CMakeFiles/CMakeTmp/CheckSymbolExists.c
Linking C executable cmTC_75eb9
/usr/bin/cmake -E cmake_link_script CMakeFiles/cmTC_75eb9.dir/link.txt --verbose=1
/usr/bin/cc      -rdynamic CMakeFiles/cmTC_75eb9.dir/CheckSymbolExists.c.o  -o cmTC_75eb9 
CMakeFiles/cmTC_75eb9.dir/CheckSymbolExists.c.o: In function `main':
CheckSymbolExists.c:(.text+0x1b): undefined reference to `pthread_create'
collect2: error: ld returned 1 exit status
CMakeFiles/cmTC_75eb9.dir/build.make:97: recipe for target 'cmTC_75eb9' failed
make[1]: *** [cmTC_75eb9] Error 1
make[1]: Leaving directory '/home/mikroszolos/kcl/robotics/ros/ws_moveit/build/chomp_motion_planner/CMakeFiles/CMakeTmp'
Makefile:126: recipe for target 'cmTC_75eb9/fast' failed
make: *** [cmTC_75eb9/fast] Error 2

File /home/mikroszolos/kcl/robotics/ros/ws_moveit/build/chomp_motion_planner/CMakeFiles/CMakeTmp/CheckSymbolExists.c:
/* */
#include <pthread.h>

int main(int argc, char** argv)
{
  (void)argv;
#ifndef pthread_create
  return ((int*)(&pthread_create))[argc];
#else
  (void)argc;
  return 0;
#endif
}

Determining if the function pthread_create exists in the pthreads failed with the following output:
Change Dir: /home/mikroszolos/kcl/robotics/ros/ws_moveit/build/chomp_motion_planner/CMakeFiles/CMakeTmp

Run Build Command:"/usr/bin/make" "cmTC_2081e/fast"
/usr/bin/make -f CMakeFiles/cmTC_2081e.dir/build.make CMakeFiles/cmTC_2081e.dir/build
make[1]: Entering directory '/home/mikroszolos/kcl/robotics/ros/ws_moveit/build/chomp_motion_planner/CMakeFiles/CMakeTmp'
Building C object CMakeFiles/cmTC_2081e.dir/CheckFunctionExists.c.o
/usr/bin/cc   -DCHECK_FUNCTION_EXISTS=pthread_create   -o CMakeFiles/cmTC_2081e.dir/CheckFunctionExists.c.o   -c /usr/share/cmake-3.10/Modules/CheckFunctionExists.c
Linking C executable cmTC_2081e
/usr/bin/cmake -E cmake_link_script CMakeFiles/cmTC_2081e.dir/link.txt --verbose=1
/usr/bin/cc  -DCHECK_FUNCTION_EXISTS=pthread_create    -rdynamic CMakeFiles/cmTC_2081e.dir/CheckFunctionExists.c.o  -o cmTC_2081e -lpthreads 
/usr/bin/ld: cannot find -lpthreads
collect2: error: ld returned 1 exit status
CMakeFiles/cmTC_2081e.dir/build.make:97: recipe for target 'cmTC_2081e' failed
make[1]: *** [cmTC_2081e] Error 1
make[1]: Leaving directory '/home/mikroszolos/kcl/robotics/ros/ws_moveit/build/chomp_motion_planner/CMakeFiles/CMakeTmp'
Makefile:126: recipe for target 'cmTC_2081e/fast' failed
make: *** [cmTC_2081e/fast] Error 2


