[1.422s] running egg_info
[1.422s] creating C:\kcl\robotics\ros\assignment2\build\py_srvcli\py_srvcli.egg-info
[1.422s] writing C:\kcl\robotics\ros\assignment2\build\py_srvcli\py_srvcli.egg-info\PKG-INFO
[1.438s] writing dependency_links to C:\kcl\robotics\ros\assignment2\build\py_srvcli\py_srvcli.egg-info\dependency_links.txt
[1.438s] writing entry points to C:\kcl\robotics\ros\assignment2\build\py_srvcli\py_srvcli.egg-info\entry_points.txt
[1.438s] writing requirements to C:\kcl\robotics\ros\assignment2\build\py_srvcli\py_srvcli.egg-info\requires.txt
[1.438s] writing top-level names to C:\kcl\robotics\ros\assignment2\build\py_srvcli\py_srvcli.egg-info\top_level.txt
[1.438s] writing manifest file 'C:\kcl\robotics\ros\assignment2\build\py_srvcli\py_srvcli.egg-info\SOURCES.txt'
[1.453s] reading manifest file 'C:\kcl\robotics\ros\assignment2\build\py_srvcli\py_srvcli.egg-info\SOURCES.txt'
[1.453s] writing manifest file 'C:\kcl\robotics\ros\assignment2\build\py_srvcli\py_srvcli.egg-info\SOURCES.txt'
[1.453s] running build
[1.453s] running build_py
[1.453s] creating C:\kcl\robotics\ros\assignment2\build\py_srvcli\build
[1.453s] creating C:\kcl\robotics\ros\assignment2\build\py_srvcli\build\lib
[1.453s] creating C:\kcl\robotics\ros\assignment2\build\py_srvcli\build\lib\py_srvcli
[1.485s] copying py_srvcli\client_member_function.py -> C:\kcl\robotics\ros\assignment2\build\py_srvcli\build\lib\py_srvcli
[1.485s] copying py_srvcli\service_member_function.py -> C:\kcl\robotics\ros\assignment2\build\py_srvcli\build\lib\py_srvcli
[1.485s] copying py_srvcli\__init__.py -> C:\kcl\robotics\ros\assignment2\build\py_srvcli\build\lib\py_srvcli
[1.485s] running install
[1.485s] running install_lib
[1.485s] creating C:\kcl\robotics\ros\assignment2\install\Lib\site-packages\py_srvcli
[1.485s] copying C:\kcl\robotics\ros\assignment2\build\py_srvcli\build\lib\py_srvcli\client_member_function.py -> C:\kcl\robotics\ros\assignment2\install\Lib\site-packages\py_srvcli
[1.485s] copying C:\kcl\robotics\ros\assignment2\build\py_srvcli\build\lib\py_srvcli\service_member_function.py -> C:\kcl\robotics\ros\assignment2\install\Lib\site-packages\py_srvcli
[1.485s] copying C:\kcl\robotics\ros\assignment2\build\py_srvcli\build\lib\py_srvcli\__init__.py -> C:\kcl\robotics\ros\assignment2\install\Lib\site-packages\py_srvcli
[1.485s] byte-compiling C:\kcl\robotics\ros\assignment2\install\Lib\site-packages\py_srvcli\client_member_function.py to client_member_function.cpython-37.pyc
[1.500s] byte-compiling C:\kcl\robotics\ros\assignment2\install\Lib\site-packages\py_srvcli\service_member_function.py to service_member_function.cpython-37.pyc
[1.500s] byte-compiling C:\kcl\robotics\ros\assignment2\install\Lib\site-packages\py_srvcli\__init__.py to __init__.cpython-37.pyc
[1.500s] running install_data
[1.500s] copying resource\py_srvcli -> C:\kcl\robotics\ros\assignment2\install\share\ament_index\resource_index\packages
[1.500s] copying package.xml -> C:\kcl\robotics\ros\assignment2\install\share\py_srvcli
[1.500s] running install_egg_info
[1.500s] Copying C:\kcl\robotics\ros\assignment2\build\py_srvcli\py_srvcli.egg-info to C:\kcl\robotics\ros\assignment2\install\Lib\site-packages\py_srvcli-0.0.0-py3.7.egg-info
[1.531s] running install_scripts
[1.547s] Installing client-script.py script to C:\kcl\robotics\ros\assignment2\install\lib\py_srvcli
[1.547s] Installing client.exe script to C:\kcl\robotics\ros\assignment2\install\lib\py_srvcli
[1.547s] Installing service-script.py script to C:\kcl\robotics\ros\assignment2\install\lib\py_srvcli
[1.563s] Installing service.exe script to C:\kcl\robotics\ros\assignment2\install\lib\py_srvcli
[1.563s] writing list of installed files to 'C:\kcl\robotics\ros\assignment2\build\py_srvcli\install.log'
