[4.328s] running egg_info
[4.328s] writing C:\kcl\robotics\ros\assignment2\build\py_srvcli\py_srvcli.egg-info\PKG-INFO
[4.328s] writing dependency_links to C:\kcl\robotics\ros\assignment2\build\py_srvcli\py_srvcli.egg-info\dependency_links.txt
[4.328s] writing entry points to C:\kcl\robotics\ros\assignment2\build\py_srvcli\py_srvcli.egg-info\entry_points.txt
[4.328s] writing requirements to C:\kcl\robotics\ros\assignment2\build\py_srvcli\py_srvcli.egg-info\requires.txt
[4.328s] writing top-level names to C:\kcl\robotics\ros\assignment2\build\py_srvcli\py_srvcli.egg-info\top_level.txt
[4.359s] reading manifest file 'C:\kcl\robotics\ros\assignment2\build\py_srvcli\py_srvcli.egg-info\SOURCES.txt'
[4.375s] writing manifest file 'C:\kcl\robotics\ros\assignment2\build\py_srvcli\py_srvcli.egg-info\SOURCES.txt'
[4.375s] running build
[4.375s] running build_py
[4.375s] running install
[4.375s] running install_lib
[4.375s] running install_data
[4.375s] running install_egg_info
[4.375s] removing 'C:\kcl\robotics\ros\assignment2\install\Lib\site-packages\py_srvcli-0.0.0-py3.7.egg-info' (and everything under it)
[4.375s] Copying C:\kcl\robotics\ros\assignment2\build\py_srvcli\py_srvcli.egg-info to C:\kcl\robotics\ros\assignment2\install\Lib\site-packages\py_srvcli-0.0.0-py3.7.egg-info
[4.390s] running install_scripts
[4.422s] Installing client-script.py script to C:\kcl\robotics\ros\assignment2\install\lib\py_srvcli
[4.422s] Installing client.exe script to C:\kcl\robotics\ros\assignment2\install\lib\py_srvcli
[4.422s] Installing service-script.py script to C:\kcl\robotics\ros\assignment2\install\lib\py_srvcli
[4.422s] Installing service.exe script to C:\kcl\robotics\ros\assignment2\install\lib\py_srvcli
[4.437s] error: [Errno 13] Permission denied: 'C:\\kcl\\robotics\\ros\\assignment2\\install\\lib\\py_srvcli\\service.exe'
