[2.344s] Invoking command in 'C:\kcl\robotics\ros\assignment2\src\py_pubsub': PUBLIC=%PUBLIC%
PyCharm Community Edition=C:\Program Files\JetBrains\PyCharm Community Edition 2019.2.3\bin; PYTHONPATH=C:\kcl\robotics\ros\assignment2\install\Lib\site-packages;%PYTHONPATH% c:\python37\python.exe setup.py egg_info --egg-base C:\kcl\robotics\ros\assignment2\build\py_pubsub build --build-base C:\kcl\robotics\ros\assignment2\build\py_pubsub\build install --prefix C:\kcl\robotics\ros\assignment2\install --record C:\kcl\robotics\ros\assignment2\build\py_pubsub\install.log --single-version-externally-managed
[2.875s] running egg_info
[2.875s] writing C:\kcl\robotics\ros\assignment2\build\py_pubsub\py_pubsub.egg-info\PKG-INFO
[2.875s] writing dependency_links to C:\kcl\robotics\ros\assignment2\build\py_pubsub\py_pubsub.egg-info\dependency_links.txt
[2.875s] writing entry points to C:\kcl\robotics\ros\assignment2\build\py_pubsub\py_pubsub.egg-info\entry_points.txt
[2.875s] writing requirements to C:\kcl\robotics\ros\assignment2\build\py_pubsub\py_pubsub.egg-info\requires.txt
[2.875s] writing top-level names to C:\kcl\robotics\ros\assignment2\build\py_pubsub\py_pubsub.egg-info\top_level.txt
[2.875s] reading manifest file 'C:\kcl\robotics\ros\assignment2\build\py_pubsub\py_pubsub.egg-info\SOURCES.txt'
[2.875s] writing manifest file 'C:\kcl\robotics\ros\assignment2\build\py_pubsub\py_pubsub.egg-info\SOURCES.txt'
[2.875s] running build
[2.875s] running build_py
[2.875s] running install
[2.875s] running install_lib
[2.875s] running install_data
[2.875s] running install_egg_info
[2.875s] removing 'C:\kcl\robotics\ros\assignment2\install\Lib\site-packages\py_pubsub-0.0.0-py3.7.egg-info' (and everything under it)
[2.875s] Copying C:\kcl\robotics\ros\assignment2\build\py_pubsub\py_pubsub.egg-info to C:\kcl\robotics\ros\assignment2\install\Lib\site-packages\py_pubsub-0.0.0-py3.7.egg-info
[3.438s] running install_scripts
[3.438s] Installing listener-script.py script to C:\kcl\robotics\ros\assignment2\install\lib\py_pubsub
[3.438s] Installing listener.exe script to C:\kcl\robotics\ros\assignment2\install\lib\py_pubsub
[3.438s] Installing talker-script.py script to C:\kcl\robotics\ros\assignment2\install\lib\py_pubsub
[3.438s] Installing talker.exe script to C:\kcl\robotics\ros\assignment2\install\lib\py_pubsub
[3.438s] writing list of installed files to 'C:\kcl\robotics\ros\assignment2\build\py_pubsub\install.log'
[3.454s] Invoked command in 'C:\kcl\robotics\ros\assignment2\src\py_pubsub' returned '0': PUBLIC=%PUBLIC%
PyCharm Community Edition=C:\Program Files\JetBrains\PyCharm Community Edition 2019.2.3\bin; PYTHONPATH=C:\kcl\robotics\ros\assignment2\install\Lib\site-packages;%PYTHONPATH% c:\python37\python.exe setup.py egg_info --egg-base C:\kcl\robotics\ros\assignment2\build\py_pubsub build --build-base C:\kcl\robotics\ros\assignment2\build\py_pubsub\build install --prefix C:\kcl\robotics\ros\assignment2\install --record C:\kcl\robotics\ros\assignment2\build\py_pubsub\install.log --single-version-externally-managed
