[3.703s] Invoking command in 'C:\kcl\robotics\ros\assignment2\src\py_srvcli': PUBLIC=%PUBLIC%
PyCharm Community Edition=C:\Program Files\JetBrains\PyCharm Community Edition 2019.2.3\bin; PYTHONPATH=C:\kcl\robotics\ros\assignment2\install\Lib\site-packages;%PYTHONPATH% c:\python37\python.exe setup.py egg_info --egg-base C:\kcl\robotics\ros\assignment2\build\py_srvcli build --build-base C:\kcl\robotics\ros\assignment2\build\py_srvcli\build install --prefix C:\kcl\robotics\ros\assignment2\install --record C:\kcl\robotics\ros\assignment2\build\py_srvcli\install.log --single-version-externally-managed
[4.172s] running egg_info
[4.172s] writing C:\kcl\robotics\ros\assignment2\build\py_srvcli\py_srvcli.egg-info\PKG-INFO
[4.172s] writing dependency_links to C:\kcl\robotics\ros\assignment2\build\py_srvcli\py_srvcli.egg-info\dependency_links.txt
[4.172s] writing entry points to C:\kcl\robotics\ros\assignment2\build\py_srvcli\py_srvcli.egg-info\entry_points.txt
[4.172s] writing requirements to C:\kcl\robotics\ros\assignment2\build\py_srvcli\py_srvcli.egg-info\requires.txt
[4.172s] writing top-level names to C:\kcl\robotics\ros\assignment2\build\py_srvcli\py_srvcli.egg-info\top_level.txt
[4.203s] reading manifest file 'C:\kcl\robotics\ros\assignment2\build\py_srvcli\py_srvcli.egg-info\SOURCES.txt'
[4.203s] writing manifest file 'C:\kcl\robotics\ros\assignment2\build\py_srvcli\py_srvcli.egg-info\SOURCES.txt'
[4.203s] running build
[4.203s] running build_py
[4.203s] running install
[4.203s] running install_lib
[4.203s] running install_data
[4.219s] running install_egg_info
[4.219s] removing 'C:\kcl\robotics\ros\assignment2\install\Lib\site-packages\py_srvcli-0.0.0-py3.7.egg-info' (and everything under it)
[4.219s] Copying C:\kcl\robotics\ros\assignment2\build\py_srvcli\py_srvcli.egg-info to C:\kcl\robotics\ros\assignment2\install\Lib\site-packages\py_srvcli-0.0.0-py3.7.egg-info
[4.234s] running install_scripts
[4.250s] Installing client-script.py script to C:\kcl\robotics\ros\assignment2\install\lib\py_srvcli
[4.250s] Installing client.exe script to C:\kcl\robotics\ros\assignment2\install\lib\py_srvcli
[4.250s] Installing service-script.py script to C:\kcl\robotics\ros\assignment2\install\lib\py_srvcli
[4.266s] Installing service.exe script to C:\kcl\robotics\ros\assignment2\install\lib\py_srvcli
[4.266s] error: [Errno 13] Permission denied: 'C:\\kcl\\robotics\\ros\\assignment2\\install\\lib\\py_srvcli\\service.exe'
[4.281s] Invoked command in 'C:\kcl\robotics\ros\assignment2\src\py_srvcli' returned '1': PUBLIC=%PUBLIC%
PyCharm Community Edition=C:\Program Files\JetBrains\PyCharm Community Edition 2019.2.3\bin; PYTHONPATH=C:\kcl\robotics\ros\assignment2\install\Lib\site-packages;%PYTHONPATH% c:\python37\python.exe setup.py egg_info --egg-base C:\kcl\robotics\ros\assignment2\build\py_srvcli build --build-base C:\kcl\robotics\ros\assignment2\build\py_srvcli\build install --prefix C:\kcl\robotics\ros\assignment2\install --record C:\kcl\robotics\ros\assignment2\build\py_srvcli\install.log --single-version-externally-managed
