[2.422s] running egg_info
[2.422s] writing C:\kcl\robotics\ros\assignment2\build\py_pubsub\py_pubsub.egg-info\PKG-INFO
[2.422s] writing dependency_links to C:\kcl\robotics\ros\assignment2\build\py_pubsub\py_pubsub.egg-info\dependency_links.txt
[2.422s] writing entry points to C:\kcl\robotics\ros\assignment2\build\py_pubsub\py_pubsub.egg-info\entry_points.txt
[2.422s] writing requirements to C:\kcl\robotics\ros\assignment2\build\py_pubsub\py_pubsub.egg-info\requires.txt
[2.422s] writing top-level names to C:\kcl\robotics\ros\assignment2\build\py_pubsub\py_pubsub.egg-info\top_level.txt
[2.422s] reading manifest file 'C:\kcl\robotics\ros\assignment2\build\py_pubsub\py_pubsub.egg-info\SOURCES.txt'
[2.422s] writing manifest file 'C:\kcl\robotics\ros\assignment2\build\py_pubsub\py_pubsub.egg-info\SOURCES.txt'
[2.437s] running build
[2.437s] running build_py
[2.437s] running install
[2.437s] running install_lib
[2.437s] running install_data
[2.437s] running install_egg_info
[2.437s] removing 'C:\kcl\robotics\ros\assignment2\install\Lib\site-packages\py_pubsub-0.0.0-py3.7.egg-info' (and everything under it)
[2.437s] Copying C:\kcl\robotics\ros\assignment2\build\py_pubsub\py_pubsub.egg-info to C:\kcl\robotics\ros\assignment2\install\Lib\site-packages\py_pubsub-0.0.0-py3.7.egg-info
[2.437s] running install_scripts
[2.437s] Installing listener-script.py script to C:\kcl\robotics\ros\assignment2\install\lib\py_pubsub
[2.437s] Installing listener.exe script to C:\kcl\robotics\ros\assignment2\install\lib\py_pubsub
[2.437s] Installing talker-script.py script to C:\kcl\robotics\ros\assignment2\install\lib\py_pubsub
[2.437s] Installing talker.exe script to C:\kcl\robotics\ros\assignment2\install\lib\py_pubsub
[2.437s] writing list of installed files to 'C:\kcl\robotics\ros\assignment2\build\py_pubsub\install.log'
