[0.640s] Invoking command in 'C:\kcl\robotics\ros\ros2_example_ws\build\examples_rclcpp_minimal_service': CMAKE_PREFIX_PATH=%CMAKE_PREFIX_PATH%;C:\kcl\robotics\ros\ros2_example_ws\install\examples_rclpy_minimal_subscriber;C:\kcl\robotics\ros\ros2_example_ws\install\examples_rclpy_minimal_service;C:\kcl\robotics\ros\ros2_example_ws\install\examples_rclpy_minimal_publisher;C:\kcl\robotics\ros\ros2_example_ws\install\examples_rclpy_minimal_client;C:\kcl\robotics\ros\ros2_example_ws\install\examples_rclpy_minimal_action_server;C:\kcl\robotics\ros\ros2_example_ws\install\examples_rclpy_minimal_action_client;C:\kcl\robotics\ros\ros2_example_ws\install\examples_rclpy_executors PUBLIC=%PUBLIC%
PyCharm Community Edition=C:\Program Files\JetBrains\PyCharm Community Edition 2019.2.3\bin; C:\Program Files\CMake\bin\cmake.EXE C:\kcl\robotics\ros\ros2_example_ws\src\examples\rclcpp\minimal_service -DAMENT_CMAKE_SYMLINK_INSTALL=1 -DCMAKE_INSTALL_PREFIX=C:\kcl\robotics\ros\ros2_example_ws\install\examples_rclcpp_minimal_service
[0.828s] -- Found ament_cmake: 0.8.2 (C:/dev/ros2_eloquent/share/ament_cmake/cmake)
[1.109s] -- Using PYTHON_EXECUTABLE: C:/Python37/python.exe
[1.937s] -- Override CMake install command with custom implementation using symlinks instead of copying resources
[2.078s] -- Found example_interfaces: 0.7.1 (C:/dev/ros2_eloquent/share/example_interfaces/cmake)
[2.140s] -- Found rosidl_adapter: 0.8.2 (C:/dev/ros2_eloquent/share/rosidl_adapter/cmake)
[2.343s] -- Found rclcpp: 0.8.4 (C:/dev/ros2_eloquent/share/rclcpp/cmake)
[2.406s] -- Found rmw_implementation_cmake: 0.8.1 (C:/dev/ros2_eloquent/share/rmw_implementation_cmake/cmake)
[2.437s] -- Using RMW implementation 'rmw_fastrtps_cpp' as default
[3.109s] -- Configuring done
[3.531s] -- Generating done
[3.547s] -- Build files have been written to: C:/kcl/robotics/ros/ros2_example_ws/build/examples_rclcpp_minimal_service
[3.562s] Invoked command in 'C:\kcl\robotics\ros\ros2_example_ws\build\examples_rclcpp_minimal_service' returned '0': CMAKE_PREFIX_PATH=%CMAKE_PREFIX_PATH%;C:\kcl\robotics\ros\ros2_example_ws\install\examples_rclpy_minimal_subscriber;C:\kcl\robotics\ros\ros2_example_ws\install\examples_rclpy_minimal_service;C:\kcl\robotics\ros\ros2_example_ws\install\examples_rclpy_minimal_publisher;C:\kcl\robotics\ros\ros2_example_ws\install\examples_rclpy_minimal_client;C:\kcl\robotics\ros\ros2_example_ws\install\examples_rclpy_minimal_action_server;C:\kcl\robotics\ros\ros2_example_ws\install\examples_rclpy_minimal_action_client;C:\kcl\robotics\ros\ros2_example_ws\install\examples_rclpy_executors PUBLIC=%PUBLIC%
PyCharm Community Edition=C:\Program Files\JetBrains\PyCharm Community Edition 2019.2.3\bin; C:\Program Files\CMake\bin\cmake.EXE C:\kcl\robotics\ros\ros2_example_ws\src\examples\rclcpp\minimal_service -DAMENT_CMAKE_SYMLINK_INSTALL=1 -DCMAKE_INSTALL_PREFIX=C:\kcl\robotics\ros\ros2_example_ws\install\examples_rclcpp_minimal_service
[3.562s] Invoking command in 'C:\kcl\robotics\ros\ros2_example_ws\build\examples_rclcpp_minimal_service': CL=/MP CMAKE_PREFIX_PATH=%CMAKE_PREFIX_PATH%;C:\kcl\robotics\ros\ros2_example_ws\install\examples_rclpy_minimal_subscriber;C:\kcl\robotics\ros\ros2_example_ws\install\examples_rclpy_minimal_service;C:\kcl\robotics\ros\ros2_example_ws\install\examples_rclpy_minimal_publisher;C:\kcl\robotics\ros\ros2_example_ws\install\examples_rclpy_minimal_client;C:\kcl\robotics\ros\ros2_example_ws\install\examples_rclpy_minimal_action_server;C:\kcl\robotics\ros\ros2_example_ws\install\examples_rclpy_minimal_action_client;C:\kcl\robotics\ros\ros2_example_ws\install\examples_rclpy_executors PUBLIC=%PUBLIC%
PyCharm Community Edition=C:\Program Files\JetBrains\PyCharm Community Edition 2019.2.3\bin; C:\Program Files\CMake\bin\cmake.EXE --build C:\kcl\robotics\ros\ros2_example_ws\build\examples_rclcpp_minimal_service --config Release
[3.890s] Microsoft (R) Build Engine version 16.4.0+e901037fe for .NET Framework
[3.890s] Copyright (C) Microsoft Corporation. All rights reserved.
[3.890s] 
[4.687s]   Checking Build System
[5.328s]   Building Custom Rule C:/kcl/robotics/ros/ros2_example_ws/src/examples/rclcpp/minimal_service/CMakeLists.txt
[5.875s]   service_main.vcxproj -> C:\kcl\robotics\ros\ros2_example_ws\build\examples_rclcpp_minimal_service\Release\service_main.exe
[5.953s]   Building Custom Rule C:/kcl/robotics/ros/ros2_example_ws/src/examples/rclcpp/minimal_service/CMakeLists.txt
[6.250s] Invoked command in 'C:\kcl\robotics\ros\ros2_example_ws\build\examples_rclcpp_minimal_service' returned '0': CL=/MP CMAKE_PREFIX_PATH=%CMAKE_PREFIX_PATH%;C:\kcl\robotics\ros\ros2_example_ws\install\examples_rclpy_minimal_subscriber;C:\kcl\robotics\ros\ros2_example_ws\install\examples_rclpy_minimal_service;C:\kcl\robotics\ros\ros2_example_ws\install\examples_rclpy_minimal_publisher;C:\kcl\robotics\ros\ros2_example_ws\install\examples_rclpy_minimal_client;C:\kcl\robotics\ros\ros2_example_ws\install\examples_rclpy_minimal_action_server;C:\kcl\robotics\ros\ros2_example_ws\install\examples_rclpy_minimal_action_client;C:\kcl\robotics\ros\ros2_example_ws\install\examples_rclpy_executors PUBLIC=%PUBLIC%
PyCharm Community Edition=C:\Program Files\JetBrains\PyCharm Community Edition 2019.2.3\bin; C:\Program Files\CMake\bin\cmake.EXE --build C:\kcl\robotics\ros\ros2_example_ws\build\examples_rclcpp_minimal_service --config Release
[6.250s] Invoking command in 'C:\kcl\robotics\ros\ros2_example_ws\build\examples_rclcpp_minimal_service': CMAKE_PREFIX_PATH=%CMAKE_PREFIX_PATH%;C:\kcl\robotics\ros\ros2_example_ws\install\examples_rclpy_minimal_subscriber;C:\kcl\robotics\ros\ros2_example_ws\install\examples_rclpy_minimal_service;C:\kcl\robotics\ros\ros2_example_ws\install\examples_rclpy_minimal_publisher;C:\kcl\robotics\ros\ros2_example_ws\install\examples_rclpy_minimal_client;C:\kcl\robotics\ros\ros2_example_ws\install\examples_rclpy_minimal_action_server;C:\kcl\robotics\ros\ros2_example_ws\install\examples_rclpy_minimal_action_client;C:\kcl\robotics\ros\ros2_example_ws\install\examples_rclpy_executors PUBLIC=%PUBLIC%
PyCharm Community Edition=C:\Program Files\JetBrains\PyCharm Community Edition 2019.2.3\bin; C:\Program Files\CMake\bin\cmake.EXE --build C:\kcl\robotics\ros\ros2_example_ws\build\examples_rclcpp_minimal_service --target install --config Release
[6.500s] Microsoft (R) Build Engine version 16.4.0+e901037fe for .NET Framework
[6.500s] Copyright (C) Microsoft Corporation. All rights reserved.
[6.500s] 
[7.484s]   service_main.vcxproj -> C:\kcl\robotics\ros\ros2_example_ws\build\examples_rclcpp_minimal_service\Release\service_main.exe
[8.109s]   -- Install configuration: "Release"
[8.125s]   -- Execute custom install script
[8.125s]   -- Symlinking: C:/kcl/robotics/ros/ros2_example_ws/install/examples_rclcpp_minimal_service/lib/examples_rclcpp_minimal_service/service_main.exe
[8.359s]   -- Symlinking: C:/kcl/robotics/ros/ros2_example_ws/install/examples_rclcpp_minimal_service/share/ament_index/resource_index/package_run_dependencies/examples_rclcpp_minimal_service
[8.500s]   -- Symlinking: C:/kcl/robotics/ros/ros2_example_ws/install/examples_rclcpp_minimal_service/share/ament_index/resource_index/parent_prefix_path/examples_rclcpp_minimal_service
[8.672s]   -- Symlinking: C:/kcl/robotics/ros/ros2_example_ws/install/examples_rclcpp_minimal_service/share/examples_rclcpp_minimal_service/environment/ament_prefix_path.bat
[8.843s]   -- Symlinking: C:/kcl/robotics/ros/ros2_example_ws/install/examples_rclcpp_minimal_service/share/examples_rclcpp_minimal_service/environment/ament_prefix_path.dsv
[9.031s]   -- Symlinking: C:/kcl/robotics/ros/ros2_example_ws/install/examples_rclcpp_minimal_service/share/examples_rclcpp_minimal_service/environment/path.bat
[9.234s]   -- Symlinking: C:/kcl/robotics/ros/ros2_example_ws/install/examples_rclcpp_minimal_service/share/examples_rclcpp_minimal_service/environment/path.dsv
[9.406s]   -- Symlinking: C:/kcl/robotics/ros/ros2_example_ws/install/examples_rclcpp_minimal_service/share/examples_rclcpp_minimal_service/local_setup.bat
[9.562s]   -- Symlinking: C:/kcl/robotics/ros/ros2_example_ws/install/examples_rclcpp_minimal_service/share/examples_rclcpp_minimal_service/local_setup.dsv
[9.750s]   -- Symlinking: C:/kcl/robotics/ros/ros2_example_ws/install/examples_rclcpp_minimal_service/share/examples_rclcpp_minimal_service/package.dsv
[9.937s]   -- Symlinking: C:/kcl/robotics/ros/ros2_example_ws/install/examples_rclcpp_minimal_service/share/ament_index/resource_index/packages/examples_rclcpp_minimal_service
[10.140s]   -- Symlinking: C:/kcl/robotics/ros/ros2_example_ws/install/examples_rclcpp_minimal_service/share/examples_rclcpp_minimal_service/cmake/examples_rclcpp_minimal_serviceConfig.cmake
[10.297s]   -- Symlinking: C:/kcl/robotics/ros/ros2_example_ws/install/examples_rclcpp_minimal_service/share/examples_rclcpp_minimal_service/cmake/examples_rclcpp_minimal_serviceConfig-version.cmake
[10.609s]   -- Symlinking: C:/kcl/robotics/ros/ros2_example_ws/install/examples_rclcpp_minimal_service/share/examples_rclcpp_minimal_service/package.xml
[10.765s] Invoked command in 'C:\kcl\robotics\ros\ros2_example_ws\build\examples_rclcpp_minimal_service' returned '0': CMAKE_PREFIX_PATH=%CMAKE_PREFIX_PATH%;C:\kcl\robotics\ros\ros2_example_ws\install\examples_rclpy_minimal_subscriber;C:\kcl\robotics\ros\ros2_example_ws\install\examples_rclpy_minimal_service;C:\kcl\robotics\ros\ros2_example_ws\install\examples_rclpy_minimal_publisher;C:\kcl\robotics\ros\ros2_example_ws\install\examples_rclpy_minimal_client;C:\kcl\robotics\ros\ros2_example_ws\install\examples_rclpy_minimal_action_server;C:\kcl\robotics\ros\ros2_example_ws\install\examples_rclpy_minimal_action_client;C:\kcl\robotics\ros\ros2_example_ws\install\examples_rclpy_executors PUBLIC=%PUBLIC%
PyCharm Community Edition=C:\Program Files\JetBrains\PyCharm Community Edition 2019.2.3\bin; C:\Program Files\CMake\bin\cmake.EXE --build C:\kcl\robotics\ros\ros2_example_ws\build\examples_rclcpp_minimal_service --target install --config Release
