[0.985s] Invoking command in 'C:\kcl\robotics\ros\assignment2\src\kokos': PUBLIC=%PUBLIC%
PyCharm Community Edition=C:\Program Files\JetBrains\PyCharm Community Edition 2019.2.3\bin; PYTHONPATH=C:\kcl\robotics\ros\assignment2\install\Lib\site-packages;%PYTHONPATH% c:\python37\python.exe setup.py egg_info --egg-base C:\kcl\robotics\ros\assignment2\build\kokos build --build-base C:\kcl\robotics\ros\assignment2\build\kokos\build install --prefix C:\kcl\robotics\ros\assignment2\install --record C:\kcl\robotics\ros\assignment2\build\kokos\install.log --single-version-externally-managed
[1.391s] running egg_info
[1.391s] creating C:\kcl\robotics\ros\assignment2\build\kokos\kokos.egg-info
[1.391s] writing C:\kcl\robotics\ros\assignment2\build\kokos\kokos.egg-info\PKG-INFO
[1.391s] writing dependency_links to C:\kcl\robotics\ros\assignment2\build\kokos\kokos.egg-info\dependency_links.txt
[1.391s] writing entry points to C:\kcl\robotics\ros\assignment2\build\kokos\kokos.egg-info\entry_points.txt
[1.391s] writing requirements to C:\kcl\robotics\ros\assignment2\build\kokos\kokos.egg-info\requires.txt
[1.391s] writing top-level names to C:\kcl\robotics\ros\assignment2\build\kokos\kokos.egg-info\top_level.txt
[1.391s] writing manifest file 'C:\kcl\robotics\ros\assignment2\build\kokos\kokos.egg-info\SOURCES.txt'
[1.422s] reading manifest file 'C:\kcl\robotics\ros\assignment2\build\kokos\kokos.egg-info\SOURCES.txt'
[1.422s] writing manifest file 'C:\kcl\robotics\ros\assignment2\build\kokos\kokos.egg-info\SOURCES.txt'
[1.422s] running build
[1.422s] running build_py
[1.422s] creating C:\kcl\robotics\ros\assignment2\build\kokos\build
[1.422s] creating C:\kcl\robotics\ros\assignment2\build\kokos\build\lib
[1.422s] creating C:\kcl\robotics\ros\assignment2\build\kokos\build\lib\kokos
[1.422s] copying kokos\my_node.py -> C:\kcl\robotics\ros\assignment2\build\kokos\build\lib\kokos
[1.438s] copying kokos\__init__.py -> C:\kcl\robotics\ros\assignment2\build\kokos\build\lib\kokos
[1.438s] running install
[1.438s] running install_lib
[1.438s] creating C:\kcl\robotics\ros\assignment2\install\Lib\site-packages\kokos
[1.438s] copying C:\kcl\robotics\ros\assignment2\build\kokos\build\lib\kokos\my_node.py -> C:\kcl\robotics\ros\assignment2\install\Lib\site-packages\kokos
[1.438s] copying C:\kcl\robotics\ros\assignment2\build\kokos\build\lib\kokos\__init__.py -> C:\kcl\robotics\ros\assignment2\install\Lib\site-packages\kokos
[1.438s] byte-compiling C:\kcl\robotics\ros\assignment2\install\Lib\site-packages\kokos\my_node.py to my_node.cpython-37.pyc
[1.438s] byte-compiling C:\kcl\robotics\ros\assignment2\install\Lib\site-packages\kokos\__init__.py to __init__.cpython-37.pyc
[1.438s] running install_data
[1.454s] creating C:\kcl\robotics\ros\assignment2\install\share\ament_index
[1.454s] creating C:\kcl\robotics\ros\assignment2\install\share\ament_index\resource_index
[1.454s] creating C:\kcl\robotics\ros\assignment2\install\share\ament_index\resource_index\packages
[1.454s] copying resource\kokos -> C:\kcl\robotics\ros\assignment2\install\share\ament_index\resource_index\packages
[1.454s] copying package.xml -> C:\kcl\robotics\ros\assignment2\install\share\kokos
[1.454s] running install_egg_info
[1.454s] Copying C:\kcl\robotics\ros\assignment2\build\kokos\kokos.egg-info to C:\kcl\robotics\ros\assignment2\install\Lib\site-packages\kokos-0.0.0-py3.7.egg-info
[1.485s] running install_scripts
[1.516s] Installing my_node-script.py script to C:\kcl\robotics\ros\assignment2\install\lib\kokos
[1.516s] Installing my_node.exe script to C:\kcl\robotics\ros\assignment2\install\lib\kokos
[1.516s] writing list of installed files to 'C:\kcl\robotics\ros\assignment2\build\kokos\install.log'
[1.547s] Invoked command in 'C:\kcl\robotics\ros\assignment2\src\kokos' returned '0': PUBLIC=%PUBLIC%
PyCharm Community Edition=C:\Program Files\JetBrains\PyCharm Community Edition 2019.2.3\bin; PYTHONPATH=C:\kcl\robotics\ros\assignment2\install\Lib\site-packages;%PYTHONPATH% c:\python37\python.exe setup.py egg_info --egg-base C:\kcl\robotics\ros\assignment2\build\kokos build --build-base C:\kcl\robotics\ros\assignment2\build\kokos\build install --prefix C:\kcl\robotics\ros\assignment2\install --record C:\kcl\robotics\ros\assignment2\build\kokos\install.log --single-version-externally-managed
