Determining if the pthread_create exist failed with the following output:
Change Dir: /home/mikroszolos/kcl/robotics/ros/ws_moveit/build/moveit_commander/CMakeFiles/CMakeTmp

Run Build Command:"/usr/bin/make" "cmTC_4e588/fast"
/usr/bin/make -f CMakeFiles/cmTC_4e588.dir/build.make CMakeFiles/cmTC_4e588.dir/build
make[1]: Entering directory '/home/mikroszolos/kcl/robotics/ros/ws_moveit/build/moveit_commander/CMakeFiles/CMakeTmp'
Building C object CMakeFiles/cmTC_4e588.dir/CheckSymbolExists.c.o
/usr/bin/cc    -o CMakeFiles/cmTC_4e588.dir/CheckSymbolExists.c.o   -c /home/mikroszolos/kcl/robotics/ros/ws_moveit/build/moveit_commander/CMakeFiles/CMakeTmp/CheckSymbolExists.c
Linking C executable cmTC_4e588
/usr/bin/cmake -E cmake_link_script CMakeFiles/cmTC_4e588.dir/link.txt --verbose=1
/usr/bin/cc      -rdynamic CMakeFiles/cmTC_4e588.dir/CheckSymbolExists.c.o  -o cmTC_4e588 
CMakeFiles/cmTC_4e588.dir/CheckSymbolExists.c.o: In function `main':
CheckSymbolExists.c:(.text+0x1b): undefined reference to `pthread_create'
collect2: error: ld returned 1 exit status
CMakeFiles/cmTC_4e588.dir/build.make:97: recipe for target 'cmTC_4e588' failed
make[1]: *** [cmTC_4e588] Error 1
make[1]: Leaving directory '/home/mikroszolos/kcl/robotics/ros/ws_moveit/build/moveit_commander/CMakeFiles/CMakeTmp'
Makefile:126: recipe for target 'cmTC_4e588/fast' failed
make: *** [cmTC_4e588/fast] Error 2

File /home/mikroszolos/kcl/robotics/ros/ws_moveit/build/moveit_commander/CMakeFiles/CMakeTmp/CheckSymbolExists.c:
/* */
#include <pthread.h>

int main(int argc, char** argv)
{
  (void)argv;
#ifndef pthread_create
  return ((int*)(&pthread_create))[argc];
#else
  (void)argc;
  return 0;
#endif
}

Determining if the function pthread_create exists in the pthreads failed with the following output:
Change Dir: /home/mikroszolos/kcl/robotics/ros/ws_moveit/build/moveit_commander/CMakeFiles/CMakeTmp

Run Build Command:"/usr/bin/make" "cmTC_ec03e/fast"
/usr/bin/make -f CMakeFiles/cmTC_ec03e.dir/build.make CMakeFiles/cmTC_ec03e.dir/build
make[1]: Entering directory '/home/mikroszolos/kcl/robotics/ros/ws_moveit/build/moveit_commander/CMakeFiles/CMakeTmp'
Building C object CMakeFiles/cmTC_ec03e.dir/CheckFunctionExists.c.o
/usr/bin/cc   -DCHECK_FUNCTION_EXISTS=pthread_create   -o CMakeFiles/cmTC_ec03e.dir/CheckFunctionExists.c.o   -c /usr/share/cmake-3.10/Modules/CheckFunctionExists.c
Linking C executable cmTC_ec03e
/usr/bin/cmake -E cmake_link_script CMakeFiles/cmTC_ec03e.dir/link.txt --verbose=1
/usr/bin/cc  -DCHECK_FUNCTION_EXISTS=pthread_create    -rdynamic CMakeFiles/cmTC_ec03e.dir/CheckFunctionExists.c.o  -o cmTC_ec03e -lpthreads 
/usr/bin/ld: cannot find -lpthreads
collect2: error: ld returned 1 exit status
CMakeFiles/cmTC_ec03e.dir/build.make:97: recipe for target 'cmTC_ec03e' failed
make[1]: *** [cmTC_ec03e] Error 1
make[1]: Leaving directory '/home/mikroszolos/kcl/robotics/ros/ws_moveit/build/moveit_commander/CMakeFiles/CMakeTmp'
Makefile:126: recipe for target 'cmTC_ec03e/fast' failed
make: *** [cmTC_ec03e/fast] Error 2


