[2.922s] Invoking command in 'C:\kcl\robotics\ros\assignment2\src\kokos': PUBLIC=%PUBLIC%
PyCharm Community Edition=C:\Program Files\JetBrains\PyCharm Community Edition 2019.2.3\bin; PYTHONPATH=C:\kcl\robotics\ros\assignment2\install\Lib\site-packages;%PYTHONPATH% c:\python37\python.exe setup.py egg_info --egg-base C:\kcl\robotics\ros\assignment2\build\kokos build --build-base C:\kcl\robotics\ros\assignment2\build\kokos\build install --prefix C:\kcl\robotics\ros\assignment2\install --record C:\kcl\robotics\ros\assignment2\build\kokos\install.log --single-version-externally-managed
[3.500s] running egg_info
[3.500s] writing C:\kcl\robotics\ros\assignment2\build\kokos\kokos.egg-info\PKG-INFO
[3.500s] writing dependency_links to C:\kcl\robotics\ros\assignment2\build\kokos\kokos.egg-info\dependency_links.txt
[3.500s] writing entry points to C:\kcl\robotics\ros\assignment2\build\kokos\kokos.egg-info\entry_points.txt
[3.500s] writing requirements to C:\kcl\robotics\ros\assignment2\build\kokos\kokos.egg-info\requires.txt
[3.500s] writing top-level names to C:\kcl\robotics\ros\assignment2\build\kokos\kokos.egg-info\top_level.txt
[3.500s] reading manifest file 'C:\kcl\robotics\ros\assignment2\build\kokos\kokos.egg-info\SOURCES.txt'
[3.516s] writing manifest file 'C:\kcl\robotics\ros\assignment2\build\kokos\kokos.egg-info\SOURCES.txt'
[3.516s] running build
[3.516s] running build_py
[3.516s] running install
[3.516s] running install_lib
[3.516s] running install_data
[3.516s] running install_egg_info
[3.516s] removing 'C:\kcl\robotics\ros\assignment2\install\Lib\site-packages\kokos-0.0.0-py3.7.egg-info' (and everything under it)
[3.516s] Copying C:\kcl\robotics\ros\assignment2\build\kokos\kokos.egg-info to C:\kcl\robotics\ros\assignment2\install\Lib\site-packages\kokos-0.0.0-py3.7.egg-info
[3.562s] running install_scripts
[3.562s] Installing my_node-script.py script to C:\kcl\robotics\ros\assignment2\install\lib\kokos
[3.562s] Installing my_node.exe script to C:\kcl\robotics\ros\assignment2\install\lib\kokos
[3.562s] writing list of installed files to 'C:\kcl\robotics\ros\assignment2\build\kokos\install.log'
[3.594s] Invoked command in 'C:\kcl\robotics\ros\assignment2\src\kokos' returned '0': PUBLIC=%PUBLIC%
PyCharm Community Edition=C:\Program Files\JetBrains\PyCharm Community Edition 2019.2.3\bin; PYTHONPATH=C:\kcl\robotics\ros\assignment2\install\Lib\site-packages;%PYTHONPATH% c:\python37\python.exe setup.py egg_info --egg-base C:\kcl\robotics\ros\assignment2\build\kokos build --build-base C:\kcl\robotics\ros\assignment2\build\kokos\build install --prefix C:\kcl\robotics\ros\assignment2\install --record C:\kcl\robotics\ros\assignment2\build\kokos\install.log --single-version-externally-managed
