[0.266s] Invoking command in 'C:\kcl\robotics\ros\assignment2\build\joint_state_publisher': PUBLIC=%PUBLIC%
PyCharm Community Edition=C:\Program Files\JetBrains\PyCharm Community Edition 2019.2.3\bin; C:\Program Files\CMake\bin\cmake.EXE C:\kcl\robotics\ros\assignment2\src\joint_state_publisher\joint_state_publisher -DCATKIN_INSTALL_INTO_PREFIX_ROOT=0 -DCMAKE_INSTALL_PREFIX=C:\kcl\robotics\ros\assignment2\install -G Visual Studio 16 2019
[2.188s] -- The C compiler identification is MSVC 19.24.28316.0
[3.375s] -- The CXX compiler identification is MSVC 19.24.28316.0
[3.969s] -- Check for working C compiler: C:/Program Files (x86)/Microsoft Visual Studio/2019/Community/VC/Tools/MSVC/14.24.28314/bin/Hostx64/x64/cl.exe
[4.516s] -- Check for working C compiler: C:/Program Files (x86)/Microsoft Visual Studio/2019/Community/VC/Tools/MSVC/14.24.28314/bin/Hostx64/x64/cl.exe -- works
[4.516s] -- Detecting C compiler ABI info
[5.469s] -- Detecting C compiler ABI info - done
[5.485s] -- Detecting C compile features
[5.485s] -- Detecting C compile features - done
[5.500s] -- Check for working CXX compiler: C:/Program Files (x86)/Microsoft Visual Studio/2019/Community/VC/Tools/MSVC/14.24.28314/bin/Hostx64/x64/cl.exe
[6.438s] -- Check for working CXX compiler: C:/Program Files (x86)/Microsoft Visual Studio/2019/Community/VC/Tools/MSVC/14.24.28314/bin/Hostx64/x64/cl.exe -- works
[6.438s] -- Detecting CXX compiler ABI info
[7.391s] -- Detecting CXX compiler ABI info - done
[7.406s] -- Detecting CXX compile features
[7.406s] -- Detecting CXX compile features - done
[7.594s] CMake Error at CMakeLists.txt:4 (find_package):
[7.594s]   By not providing "Findcatkin.cmake" in CMAKE_MODULE_PATH this project has
[7.594s]   asked CMake to find a package configuration file provided by "catkin", but
[7.594s]   CMake did not find one.
[7.594s] 
[7.594s]   Could not find a package configuration file provided by "catkin" with any
[7.594s]   of the following names:
[7.594s] 
[7.594s]     catkinConfig.cmake
[7.594s]     catkin-config.cmake
[7.594s] 
[7.594s]   Add the installation prefix of "catkin" to CMAKE_PREFIX_PATH or set
[7.594s]   "catkin_DIR" to a directory containing one of the above files.  If "catkin"
[7.594s]   provides a separate development package or SDK, be sure it has been
[7.594s]   installed.
[7.594s] 
[7.594s] 
[7.594s] -- Configuring incomplete, errors occurred!
[7.594s] See also "C:/kcl/robotics/ros/assignment2/build/joint_state_publisher/CMakeFiles/CMakeOutput.log".
