Determining if the pthread_create exist failed with the following output:
Change Dir: /home/mikroszolos/kcl/robotics/ros/ws_moveit/build/moveit_ros_occupancy_map_monitor/CMakeFiles/CMakeTmp

Run Build Command:"/usr/bin/make" "cmTC_2a42f/fast"
/usr/bin/make -f CMakeFiles/cmTC_2a42f.dir/build.make CMakeFiles/cmTC_2a42f.dir/build
make[1]: Entering directory '/home/mikroszolos/kcl/robotics/ros/ws_moveit/build/moveit_ros_occupancy_map_monitor/CMakeFiles/CMakeTmp'
Building C object CMakeFiles/cmTC_2a42f.dir/CheckSymbolExists.c.o
/usr/bin/cc    -o CMakeFiles/cmTC_2a42f.dir/CheckSymbolExists.c.o   -c /home/mikroszolos/kcl/robotics/ros/ws_moveit/build/moveit_ros_occupancy_map_monitor/CMakeFiles/CMakeTmp/CheckSymbolExists.c
Linking C executable cmTC_2a42f
/usr/bin/cmake -E cmake_link_script CMakeFiles/cmTC_2a42f.dir/link.txt --verbose=1
/usr/bin/cc      -rdynamic CMakeFiles/cmTC_2a42f.dir/CheckSymbolExists.c.o  -o cmTC_2a42f 
CMakeFiles/cmTC_2a42f.dir/CheckSymbolExists.c.o: In function `main':
CheckSymbolExists.c:(.text+0x1b): undefined reference to `pthread_create'
collect2: error: ld returned 1 exit status
CMakeFiles/cmTC_2a42f.dir/build.make:97: recipe for target 'cmTC_2a42f' failed
make[1]: *** [cmTC_2a42f] Error 1
make[1]: Leaving directory '/home/mikroszolos/kcl/robotics/ros/ws_moveit/build/moveit_ros_occupancy_map_monitor/CMakeFiles/CMakeTmp'
Makefile:126: recipe for target 'cmTC_2a42f/fast' failed
make: *** [cmTC_2a42f/fast] Error 2

File /home/mikroszolos/kcl/robotics/ros/ws_moveit/build/moveit_ros_occupancy_map_monitor/CMakeFiles/CMakeTmp/CheckSymbolExists.c:
/* */
#include <pthread.h>

int main(int argc, char** argv)
{
  (void)argv;
#ifndef pthread_create
  return ((int*)(&pthread_create))[argc];
#else
  (void)argc;
  return 0;
#endif
}

Determining if the function pthread_create exists in the pthreads failed with the following output:
Change Dir: /home/mikroszolos/kcl/robotics/ros/ws_moveit/build/moveit_ros_occupancy_map_monitor/CMakeFiles/CMakeTmp

Run Build Command:"/usr/bin/make" "cmTC_79038/fast"
/usr/bin/make -f CMakeFiles/cmTC_79038.dir/build.make CMakeFiles/cmTC_79038.dir/build
make[1]: Entering directory '/home/mikroszolos/kcl/robotics/ros/ws_moveit/build/moveit_ros_occupancy_map_monitor/CMakeFiles/CMakeTmp'
Building C object CMakeFiles/cmTC_79038.dir/CheckFunctionExists.c.o
/usr/bin/cc   -DCHECK_FUNCTION_EXISTS=pthread_create   -o CMakeFiles/cmTC_79038.dir/CheckFunctionExists.c.o   -c /usr/share/cmake-3.10/Modules/CheckFunctionExists.c
Linking C executable cmTC_79038
/usr/bin/cmake -E cmake_link_script CMakeFiles/cmTC_79038.dir/link.txt --verbose=1
/usr/bin/cc  -DCHECK_FUNCTION_EXISTS=pthread_create    -rdynamic CMakeFiles/cmTC_79038.dir/CheckFunctionExists.c.o  -o cmTC_79038 -lpthreads 
/usr/bin/ld: cannot find -lpthreads
collect2: error: ld returned 1 exit status
CMakeFiles/cmTC_79038.dir/build.make:97: recipe for target 'cmTC_79038' failed
make[1]: *** [cmTC_79038] Error 1
make[1]: Leaving directory '/home/mikroszolos/kcl/robotics/ros/ws_moveit/build/moveit_ros_occupancy_map_monitor/CMakeFiles/CMakeTmp'
Makefile:126: recipe for target 'cmTC_79038/fast' failed
make: *** [cmTC_79038/fast] Error 2


