[3.000s] Invoking command in 'C:\kcl\robotics\ros\ros2_example_ws\build\examples_rclpy_minimal_action_client': PUBLIC=%PUBLIC%
PyCharm Community Edition=C:\Program Files\JetBrains\PyCharm Community Edition 2019.2.3\bin; PYTHONPATH=C:\kcl\robotics\ros\ros2_example_ws\install\examples_rclpy_minimal_action_client\Lib\site-packages;%PYTHONPATH% c:\python37\python.exe setup.py develop --prefix C:\kcl\robotics\ros\ros2_example_ws\install\examples_rclpy_minimal_action_client --editable --build-directory C:\kcl\robotics\ros\ros2_example_ws\build\examples_rclpy_minimal_action_client\build --no-deps install_data --install-dir C:\kcl\robotics\ros\ros2_example_ws\install\examples_rclpy_minimal_action_client
[3.907s] running develop
[5.000s] running egg_info
[5.000s] creating examples_rclpy_minimal_action_client.egg-info
[5.000s] writing examples_rclpy_minimal_action_client.egg-info\PKG-INFO
[5.000s] writing dependency_links to examples_rclpy_minimal_action_client.egg-info\dependency_links.txt
[5.000s] writing entry points to examples_rclpy_minimal_action_client.egg-info\entry_points.txt
[5.000s] writing requirements to examples_rclpy_minimal_action_client.egg-info\requires.txt
[5.000s] writing top-level names to examples_rclpy_minimal_action_client.egg-info\top_level.txt
[5.000s] writing manifest file 'examples_rclpy_minimal_action_client.egg-info\SOURCES.txt'
[5.000s] reading manifest file 'examples_rclpy_minimal_action_client.egg-info\SOURCES.txt'
[5.000s] writing manifest file 'examples_rclpy_minimal_action_client.egg-info\SOURCES.txt'
[5.000s] running build_ext
[5.000s] Creating C:\kcl\robotics\ros\ros2_example_ws\install\examples_rclpy_minimal_action_client/Lib/site-packages\site.py
[5.000s] Creating C:\kcl\robotics\ros\ros2_example_ws\install\examples_rclpy_minimal_action_client/Lib/site-packages\examples-rclpy-minimal-action-client.egg-link (link to .)
[5.000s] Installing client-script.py script to C:\kcl\robotics\ros\ros2_example_ws\install\examples_rclpy_minimal_action_client/lib/examples_rclpy_minimal_action_client
[5.000s] Installing client.exe script to C:\kcl\robotics\ros\ros2_example_ws\install\examples_rclpy_minimal_action_client/lib/examples_rclpy_minimal_action_client
[5.016s] Installing client_cancel-script.py script to C:\kcl\robotics\ros\ros2_example_ws\install\examples_rclpy_minimal_action_client/lib/examples_rclpy_minimal_action_client
[5.016s] Installing client_cancel.exe script to C:\kcl\robotics\ros\ros2_example_ws\install\examples_rclpy_minimal_action_client/lib/examples_rclpy_minimal_action_client
[5.016s] Installing client_not_composable-script.py script to C:\kcl\robotics\ros\ros2_example_ws\install\examples_rclpy_minimal_action_client/lib/examples_rclpy_minimal_action_client
[5.016s] Installing client_not_composable.exe script to C:\kcl\robotics\ros\ros2_example_ws\install\examples_rclpy_minimal_action_client/lib/examples_rclpy_minimal_action_client
[5.016s] 
[5.016s] Installed c:\kcl\robotics\ros\ros2_example_ws\build\examples_rclpy_minimal_action_client
[5.016s] running install_data
[5.016s] creating C:\kcl\robotics\ros\ros2_example_ws\install\examples_rclpy_minimal_action_client\share\ament_index
[5.016s] creating C:\kcl\robotics\ros\ros2_example_ws\install\examples_rclpy_minimal_action_client\share\ament_index\resource_index
[5.016s] creating C:\kcl\robotics\ros\ros2_example_ws\install\examples_rclpy_minimal_action_client\share\ament_index\resource_index\packages
[5.016s] copying resource\examples_rclpy_minimal_action_client -> C:\kcl\robotics\ros\ros2_example_ws\install\examples_rclpy_minimal_action_client\share\ament_index\resource_index\packages
[5.016s] copying package.xml -> C:\kcl\robotics\ros\ros2_example_ws\install\examples_rclpy_minimal_action_client\share\examples_rclpy_minimal_action_client
[5.016s] Invoked command in 'C:\kcl\robotics\ros\ros2_example_ws\build\examples_rclpy_minimal_action_client' returned '0': PUBLIC=%PUBLIC%
PyCharm Community Edition=C:\Program Files\JetBrains\PyCharm Community Edition 2019.2.3\bin; PYTHONPATH=C:\kcl\robotics\ros\ros2_example_ws\install\examples_rclpy_minimal_action_client\Lib\site-packages;%PYTHONPATH% c:\python37\python.exe setup.py develop --prefix C:\kcl\robotics\ros\ros2_example_ws\install\examples_rclpy_minimal_action_client --editable --build-directory C:\kcl\robotics\ros\ros2_example_ws\build\examples_rclpy_minimal_action_client\build --no-deps install_data --install-dir C:\kcl\robotics\ros\ros2_example_ws\install\examples_rclpy_minimal_action_client
