[0.750s] [34mcolcon[0m [30mDEBUG[0m [32mCommand line arguments: ['C:\\Python37\\Scripts\\colcon', 'build', '--packages-select', 'joint_state_publisher', '--merge-install'][0m
[0.750s] [34mcolcon[0m [30mDEBUG[0m [32mParsed command line arguments: Namespace(ament_cmake_args=None, base_paths=['.'], build_base='build', catkin_cmake_args=None, catkin_skip_building_tests=False, cmake_args=None, cmake_clean_cache=False, cmake_clean_first=False, cmake_force_configure=False, cmake_target=None, cmake_target_skip_unavailable=False, continue_on_error=False, event_handlers=None, executor='parallel', ignore_user_meta=False, install_base='install', log_base=None, log_level=None, main=<bound method BuildVerb.main of <colcon_core.verb.build.BuildVerb object at 0x000001FA87813508>>, merge_install=True, metas=['./colcon.meta'], packages_above=None, packages_above_depth=None, packages_end=None, packages_ignore=None, packages_ignore_regex=None, packages_select=['joint_state_publisher'], packages_select_build_failed=False, packages_select_by_dep=None, packages_select_regex=None, packages_select_test_failures=False, packages_skip=None, packages_skip_build_finished=False, packages_skip_by_dep=None, packages_skip_regex=None, packages_skip_test_passed=False, packages_skip_up_to=None, packages_start=None, packages_up_to=None, parallel_workers=8, paths=None, symlink_install=False, test_result_base=None, verb_extension=<colcon_core.verb.build.BuildVerb object at 0x000001FA87813508>, verb_name='build', verb_parser=<colcon_defaults.argument_parser.defaults.DefaultArgumentsDecorator object at 0x000001FA87813B08>)[0m
[0.852s] [34mcolcon.colcon_core.package_discovery[0m [30mLevel 1[0m discover_packages(colcon_meta) check parameters
[0.852s] [34mcolcon.colcon_core.package_discovery[0m [30mLevel 1[0m discover_packages(recursive) check parameters
[0.852s] [34mcolcon.colcon_core.package_discovery[0m [30mLevel 1[0m discover_packages(ignore) check parameters
[0.852s] [34mcolcon.colcon_core.package_discovery[0m [30mLevel 1[0m discover_packages(path) check parameters
[0.852s] [34mcolcon.colcon_core.package_discovery[0m [30mLevel 1[0m discover_packages(colcon_meta) discover
[0.852s] [34mcolcon.colcon_core.package_discovery[0m [30mLevel 1[0m discover_packages(recursive) discover
[0.852s] [34mcolcon.colcon_core.package_discovery[0m [30mINFO[0m Crawling recursively for packages in 'C:\kcl\robotics\ros\assignment2'
[0.853s] [34mcolcon.colcon_core.package_identification[0m [30mLevel 1[0m _identify(.) by extensions ['ignore', 'ignore_ament_install']
[0.853s] [34mcolcon.colcon_core.package_identification[0m [30mLevel 1[0m _identify(.) by extension 'ignore'
[0.853s] [34mcolcon.colcon_core.package_identification[0m [30mLevel 1[0m _identify(.) by extension 'ignore_ament_install'
[0.853s] [34mcolcon.colcon_core.package_identification[0m [30mLevel 1[0m _identify(.) by extensions ['colcon_pkg']
[0.853s] [34mcolcon.colcon_core.package_identification[0m [30mLevel 1[0m _identify(.) by extension 'colcon_pkg'
[0.853s] [34mcolcon.colcon_core.package_identification[0m [30mLevel 1[0m _identify(.) by extensions ['colcon_meta']
[0.853s] [34mcolcon.colcon_core.package_identification[0m [30mLevel 1[0m _identify(.) by extension 'colcon_meta'
[0.853s] [34mcolcon.colcon_core.package_identification[0m [30mLevel 1[0m _identify(.) by extensions ['ros']
[0.853s] [34mcolcon.colcon_core.package_identification[0m [30mLevel 1[0m _identify(.) by extension 'ros'
[0.873s] [34mcolcon.colcon_core.package_identification[0m [30mLevel 1[0m _identify(.) by extensions ['cmake', 'python']
[0.873s] [34mcolcon.colcon_core.package_identification[0m [30mLevel 1[0m _identify(.) by extension 'cmake'
[0.873s] [34mcolcon.colcon_core.package_identification[0m [30mLevel 1[0m _identify(.) by extension 'python'
[0.874s] [34mcolcon.colcon_core.package_identification[0m [30mLevel 1[0m _identify(.) by extensions ['python_setup_py']
[0.874s] [34mcolcon.colcon_core.package_identification[0m [30mLevel 1[0m _identify(.) by extension 'python_setup_py'
[0.874s] [34mcolcon.colcon_core.package_identification[0m [30mLevel 1[0m _identify(build) by extensions ['ignore', 'ignore_ament_install']
[0.874s] [34mcolcon.colcon_core.package_identification[0m [30mLevel 1[0m _identify(build) by extension 'ignore'
[0.874s] [34mcolcon.colcon_core.package_identification[0m [30mLevel 1[0m _identify(build) ignored
[0.874s] [34mcolcon.colcon_core.package_identification[0m [30mLevel 1[0m _identify(install) by extensions ['ignore', 'ignore_ament_install']
[0.875s] [34mcolcon.colcon_core.package_identification[0m [30mLevel 1[0m _identify(install) by extension 'ignore'
[0.875s] [34mcolcon.colcon_core.package_identification[0m [30mLevel 1[0m _identify(install) ignored
[0.875s] [34mcolcon.colcon_core.package_identification[0m [30mLevel 1[0m _identify(log) by extensions ['ignore', 'ignore_ament_install']
[0.876s] [34mcolcon.colcon_core.package_identification[0m [30mLevel 1[0m _identify(log) by extension 'ignore'
[0.876s] [34mcolcon.colcon_core.package_identification[0m [30mLevel 1[0m _identify(log) ignored
[0.876s] [34mcolcon.colcon_core.package_identification[0m [30mLevel 1[0m _identify(src) by extensions ['ignore', 'ignore_ament_install']
[0.876s] [34mcolcon.colcon_core.package_identification[0m [30mLevel 1[0m _identify(src) by extension 'ignore'
[0.876s] [34mcolcon.colcon_core.package_identification[0m [30mLevel 1[0m _identify(src) by extension 'ignore_ament_install'
[0.876s] [34mcolcon.colcon_core.package_identification[0m [30mLevel 1[0m _identify(src) by extensions ['colcon_pkg']
[0.877s] [34mcolcon.colcon_core.package_identification[0m [30mLevel 1[0m _identify(src) by extension 'colcon_pkg'
[0.877s] [34mcolcon.colcon_core.package_identification[0m [30mLevel 1[0m _identify(src) by extensions ['colcon_meta']
[0.877s] [34mcolcon.colcon_core.package_identification[0m [30mLevel 1[0m _identify(src) by extension 'colcon_meta'
[0.877s] [34mcolcon.colcon_core.package_identification[0m [30mLevel 1[0m _identify(src) by extensions ['ros']
[0.877s] [34mcolcon.colcon_core.package_identification[0m [30mLevel 1[0m _identify(src) by extension 'ros'
[0.877s] [34mcolcon.colcon_core.package_identification[0m [30mLevel 1[0m _identify(src) by extensions ['cmake', 'python']
[0.877s] [34mcolcon.colcon_core.package_identification[0m [30mLevel 1[0m _identify(src) by extension 'cmake'
[0.877s] [34mcolcon.colcon_core.package_identification[0m [30mLevel 1[0m _identify(src) by extension 'python'
[0.877s] [34mcolcon.colcon_core.package_identification[0m [30mLevel 1[0m _identify(src) by extensions ['python_setup_py']
[0.877s] [34mcolcon.colcon_core.package_identification[0m [30mLevel 1[0m _identify(src) by extension 'python_setup_py'
[0.878s] [34mcolcon.colcon_core.package_identification[0m [30mLevel 1[0m _identify(src\joint_state_publisher) by extensions ['ignore', 'ignore_ament_install']
[0.878s] [34mcolcon.colcon_core.package_identification[0m [30mLevel 1[0m _identify(src\joint_state_publisher) by extension 'ignore'
[0.878s] [34mcolcon.colcon_core.package_identification[0m [30mLevel 1[0m _identify(src\joint_state_publisher) by extension 'ignore_ament_install'
[0.878s] [34mcolcon.colcon_core.package_identification[0m [30mLevel 1[0m _identify(src\joint_state_publisher) by extensions ['colcon_pkg']
[0.878s] [34mcolcon.colcon_core.package_identification[0m [30mLevel 1[0m _identify(src\joint_state_publisher) by extension 'colcon_pkg'
[0.878s] [34mcolcon.colcon_core.package_identification[0m [30mLevel 1[0m _identify(src\joint_state_publisher) by extensions ['colcon_meta']
[0.878s] [34mcolcon.colcon_core.package_identification[0m [30mLevel 1[0m _identify(src\joint_state_publisher) by extension 'colcon_meta'
[0.878s] [34mcolcon.colcon_core.package_identification[0m [30mLevel 1[0m _identify(src\joint_state_publisher) by extensions ['ros']
[0.879s] [34mcolcon.colcon_core.package_identification[0m [30mLevel 1[0m _identify(src\joint_state_publisher) by extension 'ros'
[0.879s] [34mcolcon.colcon_core.package_identification[0m [30mLevel 1[0m _identify(src\joint_state_publisher) by extensions ['cmake', 'python']
[0.879s] [34mcolcon.colcon_core.package_identification[0m [30mLevel 1[0m _identify(src\joint_state_publisher) by extension 'cmake'
[0.879s] [34mcolcon.colcon_core.package_identification[0m [30mLevel 1[0m _identify(src\joint_state_publisher) by extension 'python'
[0.879s] [34mcolcon.colcon_core.package_identification[0m [30mLevel 1[0m _identify(src\joint_state_publisher) by extensions ['python_setup_py']
[0.879s] [34mcolcon.colcon_core.package_identification[0m [30mLevel 1[0m _identify(src\joint_state_publisher) by extension 'python_setup_py'
[0.879s] [34mcolcon.colcon_core.package_identification[0m [30mLevel 1[0m _identify(src\joint_state_publisher\joint_state_publisher) by extensions ['ignore', 'ignore_ament_install']
[0.880s] [34mcolcon.colcon_core.package_identification[0m [30mLevel 1[0m _identify(src\joint_state_publisher\joint_state_publisher) by extension 'ignore'
[0.880s] [34mcolcon.colcon_core.package_identification[0m [30mLevel 1[0m _identify(src\joint_state_publisher\joint_state_publisher) by extension 'ignore_ament_install'
[0.880s] [34mcolcon.colcon_core.package_identification[0m [30mLevel 1[0m _identify(src\joint_state_publisher\joint_state_publisher) by extensions ['colcon_pkg']
[0.880s] [34mcolcon.colcon_core.package_identification[0m [30mLevel 1[0m _identify(src\joint_state_publisher\joint_state_publisher) by extension 'colcon_pkg'
[0.880s] [34mcolcon.colcon_core.package_identification[0m [30mLevel 1[0m _identify(src\joint_state_publisher\joint_state_publisher) by extensions ['colcon_meta']
[0.880s] [34mcolcon.colcon_core.package_identification[0m [30mLevel 1[0m _identify(src\joint_state_publisher\joint_state_publisher) by extension 'colcon_meta'
[0.880s] [34mcolcon.colcon_core.package_identification[0m [30mLevel 1[0m _identify(src\joint_state_publisher\joint_state_publisher) by extensions ['ros']
[0.880s] [34mcolcon.colcon_core.package_identification[0m [30mLevel 1[0m _identify(src\joint_state_publisher\joint_state_publisher) by extension 'ros'
[0.885s] [34mcolcon.colcon_core.package_identification[0m [30mDEBUG[0m [32mPackage 'src\joint_state_publisher\joint_state_publisher' with type 'ros.catkin' and name 'joint_state_publisher'[0m
[0.886s] [34mcolcon.colcon_core.package_identification[0m [30mLevel 1[0m _identify(src\joint_state_publisher\joint_state_publisher_gui) by extensions ['ignore', 'ignore_ament_install']
[0.886s] [34mcolcon.colcon_core.package_identification[0m [30mLevel 1[0m _identify(src\joint_state_publisher\joint_state_publisher_gui) by extension 'ignore'
[0.886s] [34mcolcon.colcon_core.package_identification[0m [30mLevel 1[0m _identify(src\joint_state_publisher\joint_state_publisher_gui) by extension 'ignore_ament_install'
[0.886s] [34mcolcon.colcon_core.package_identification[0m [30mLevel 1[0m _identify(src\joint_state_publisher\joint_state_publisher_gui) by extensions ['colcon_pkg']
[0.886s] [34mcolcon.colcon_core.package_identification[0m [30mLevel 1[0m _identify(src\joint_state_publisher\joint_state_publisher_gui) by extension 'colcon_pkg'
[0.886s] [34mcolcon.colcon_core.package_identification[0m [30mLevel 1[0m _identify(src\joint_state_publisher\joint_state_publisher_gui) by extensions ['colcon_meta']
[0.886s] [34mcolcon.colcon_core.package_identification[0m [30mLevel 1[0m _identify(src\joint_state_publisher\joint_state_publisher_gui) by extension 'colcon_meta'
[0.886s] [34mcolcon.colcon_core.package_identification[0m [30mLevel 1[0m _identify(src\joint_state_publisher\joint_state_publisher_gui) by extensions ['ros']
[0.886s] [34mcolcon.colcon_core.package_identification[0m [30mLevel 1[0m _identify(src\joint_state_publisher\joint_state_publisher_gui) by extension 'ros'
[0.887s] [34mcolcon.colcon_core.package_identification[0m [30mDEBUG[0m [32mPackage 'src\joint_state_publisher\joint_state_publisher_gui' with type 'ros.catkin' and name 'joint_state_publisher_gui'[0m
[0.888s] [34mcolcon.colcon_core.package_identification[0m [30mLevel 1[0m _identify(src\kokos) by extensions ['ignore', 'ignore_ament_install']
[0.888s] [34mcolcon.colcon_core.package_identification[0m [30mLevel 1[0m _identify(src\kokos) by extension 'ignore'
[0.888s] [34mcolcon.colcon_core.package_identification[0m [30mLevel 1[0m _identify(src\kokos) by extension 'ignore_ament_install'
[0.888s] [34mcolcon.colcon_core.package_identification[0m [30mLevel 1[0m _identify(src\kokos) by extensions ['colcon_pkg']
[0.888s] [34mcolcon.colcon_core.package_identification[0m [30mLevel 1[0m _identify(src\kokos) by extension 'colcon_pkg'
[0.888s] [34mcolcon.colcon_core.package_identification[0m [30mLevel 1[0m _identify(src\kokos) by extensions ['colcon_meta']
[0.888s] [34mcolcon.colcon_core.package_identification[0m [30mLevel 1[0m _identify(src\kokos) by extension 'colcon_meta'
[0.888s] [34mcolcon.colcon_core.package_identification[0m [30mLevel 1[0m _identify(src\kokos) by extensions ['ros']
[0.888s] [34mcolcon.colcon_core.package_identification[0m [30mLevel 1[0m _identify(src\kokos) by extension 'ros'
[0.890s] [34mcolcon.colcon_core.package_identification[0m [30mDEBUG[0m [32mPackage 'src\kokos' with type 'ros.ament_python' and name 'kokos'[0m
[0.890s] [34mcolcon.colcon_core.package_identification[0m [30mLevel 1[0m _identify(src\py_pubsub) by extensions ['ignore', 'ignore_ament_install']
[0.890s] [34mcolcon.colcon_core.package_identification[0m [30mLevel 1[0m _identify(src\py_pubsub) by extension 'ignore'
[0.890s] [34mcolcon.colcon_core.package_identification[0m [30mLevel 1[0m _identify(src\py_pubsub) by extension 'ignore_ament_install'
[0.890s] [34mcolcon.colcon_core.package_identification[0m [30mLevel 1[0m _identify(src\py_pubsub) by extensions ['colcon_pkg']
[0.890s] [34mcolcon.colcon_core.package_identification[0m [30mLevel 1[0m _identify(src\py_pubsub) by extension 'colcon_pkg'
[0.890s] [34mcolcon.colcon_core.package_identification[0m [30mLevel 1[0m _identify(src\py_pubsub) by extensions ['colcon_meta']
[0.891s] [34mcolcon.colcon_core.package_identification[0m [30mLevel 1[0m _identify(src\py_pubsub) by extension 'colcon_meta'
[0.891s] [34mcolcon.colcon_core.package_identification[0m [30mLevel 1[0m _identify(src\py_pubsub) by extensions ['ros']
[0.891s] [34mcolcon.colcon_core.package_identification[0m [30mLevel 1[0m _identify(src\py_pubsub) by extension 'ros'
[0.892s] [34mcolcon.colcon_core.package_identification[0m [30mDEBUG[0m [32mPackage 'src\py_pubsub' with type 'ros.ament_python' and name 'py_pubsub'[0m
[0.892s] [34mcolcon.colcon_core.package_identification[0m [30mLevel 1[0m _identify(src\py_srvcli) by extensions ['ignore', 'ignore_ament_install']
[0.893s] [34mcolcon.colcon_core.package_identification[0m [30mLevel 1[0m _identify(src\py_srvcli) by extension 'ignore'
[0.893s] [34mcolcon.colcon_core.package_identification[0m [30mLevel 1[0m _identify(src\py_srvcli) by extension 'ignore_ament_install'
[0.893s] [34mcolcon.colcon_core.package_identification[0m [30mLevel 1[0m _identify(src\py_srvcli) by extensions ['colcon_pkg']
[0.893s] [34mcolcon.colcon_core.package_identification[0m [30mLevel 1[0m _identify(src\py_srvcli) by extension 'colcon_pkg'
[0.893s] [34mcolcon.colcon_core.package_identification[0m [30mLevel 1[0m _identify(src\py_srvcli) by extensions ['colcon_meta']
[0.893s] [34mcolcon.colcon_core.package_identification[0m [30mLevel 1[0m _identify(src\py_srvcli) by extension 'colcon_meta'
[0.893s] [34mcolcon.colcon_core.package_identification[0m [30mLevel 1[0m _identify(src\py_srvcli) by extensions ['ros']
[0.893s] [34mcolcon.colcon_core.package_identification[0m [30mLevel 1[0m _identify(src\py_srvcli) by extension 'ros'
[0.895s] [34mcolcon.colcon_core.package_identification[0m [30mDEBUG[0m [32mPackage 'src\py_srvcli' with type 'ros.ament_python' and name 'py_srvcli'[0m
[0.895s] [34mcolcon.colcon_core.package_discovery[0m [30mLevel 1[0m discover_packages(recursive) using defaults
[0.896s] [34mcolcon.colcon_core.package_discovery[0m [30mLevel 1[0m discover_packages(ignore) discover
[0.896s] [34mcolcon.colcon_core.package_discovery[0m [30mLevel 1[0m discover_packages(ignore) using defaults
[0.896s] [34mcolcon.colcon_core.package_discovery[0m [30mLevel 1[0m discover_packages(path) discover
[0.896s] [34mcolcon.colcon_core.package_discovery[0m [30mLevel 1[0m discover_packages(path) using defaults
[0.914s] [34mcolcon.colcon_core.package_augmentation.check_dependency_constraint[0m [30mLevel 1[0m joint_state_publisher_gui depends on joint_state_publisher which has version 1.12.14: constraints {}
[0.921s] [34mcolcon.colcon_core.package_selection[0m [30mINFO[0m Skipping not selected package 'kokos' in 'src\kokos'
[0.921s] [34mcolcon.colcon_core.package_selection[0m [30mINFO[0m Skipping not selected package 'py_pubsub' in 'src\py_pubsub'
[0.922s] [34mcolcon.colcon_core.package_selection[0m [30mINFO[0m Skipping not selected package 'py_srvcli' in 'src\py_srvcli'
[0.922s] [34mcolcon.colcon_core.package_selection[0m [30mINFO[0m Skipping not selected package 'joint_state_publisher_gui' in 'src\joint_state_publisher\joint_state_publisher_gui'
[0.935s] [34mcolcon.colcon_core.verb[0m [30mLevel 5[0m set package 'joint_state_publisher' build argument 'cmake_args' from command line to 'None'
[0.935s] [34mcolcon.colcon_core.verb[0m [30mLevel 5[0m set package 'joint_state_publisher' build argument 'cmake_target' from command line to 'None'
[0.935s] [34mcolcon.colcon_core.verb[0m [30mLevel 5[0m set package 'joint_state_publisher' build argument 'cmake_target_skip_unavailable' from command line to 'False'
[0.935s] [34mcolcon.colcon_core.verb[0m [30mLevel 5[0m set package 'joint_state_publisher' build argument 'cmake_clean_cache' from command line to 'False'
[0.935s] [34mcolcon.colcon_core.verb[0m [30mLevel 5[0m set package 'joint_state_publisher' build argument 'cmake_clean_first' from command line to 'False'
[0.935s] [34mcolcon.colcon_core.verb[0m [30mLevel 5[0m set package 'joint_state_publisher' build argument 'cmake_force_configure' from command line to 'False'
[0.935s] [34mcolcon.colcon_core.verb[0m [30mLevel 5[0m set package 'joint_state_publisher' build argument 'ament_cmake_args' from command line to 'None'
[0.935s] [34mcolcon.colcon_core.verb[0m [30mLevel 5[0m set package 'joint_state_publisher' build argument 'catkin_cmake_args' from command line to 'None'
[0.935s] [34mcolcon.colcon_core.verb[0m [30mLevel 5[0m set package 'joint_state_publisher' build argument 'catkin_skip_building_tests' from command line to 'False'
[0.935s] [34mcolcon.colcon_core.verb[0m [30mDEBUG[0m [32mBuilding package 'joint_state_publisher' with the following arguments: {'ament_cmake_args': None, 'build_base': 'C:\\kcl\\robotics\\ros\\assignment2\\build\\joint_state_publisher', 'catkin_cmake_args': None, 'catkin_skip_building_tests': False, 'cmake_args': None, 'cmake_clean_cache': False, 'cmake_clean_first': False, 'cmake_force_configure': False, 'cmake_target': None, 'cmake_target_skip_unavailable': False, 'install_base': 'C:\\kcl\\robotics\\ros\\assignment2\\install', 'merge_install': True, 'path': 'C:\\kcl\\robotics\\ros\\assignment2\\src\\joint_state_publisher\\joint_state_publisher', 'symlink_install': False, 'test_result_base': None}[0m
[0.939s] [34mcolcon.colcon_core.executor[0m [30mINFO[0m Executing jobs using 'parallel' executor
[0.962s] [34mcolcon.colcon_parallel_executor.executor.parallel[0m [30mDEBUG[0m [32mrun_until_complete[0m
[0.962s] [34mcolcon.colcon_ros.task.catkin.build[0m [30mINFO[0m Building ROS package in 'C:\kcl\robotics\ros\assignment2\src\joint_state_publisher\joint_state_publisher' with build type 'catkin'
[0.963s] [34mcolcon.colcon_cmake.task.cmake.build[0m [30mINFO[0m Building CMake package in 'C:\kcl\robotics\ros\assignment2\src\joint_state_publisher\joint_state_publisher'
[0.972s] [34mcolcon.colcon_core.plugin_system[0m [30mINFO[0m Skipping extension 'colcon_core.shell.sh': Not used on Windows systems
[0.973s] [34mcolcon.colcon_core.shell[0m [30mINFO[0m Skip shell extension 'powershell' for command environment: Not usable outside of PowerShell
[1.078s] [34mcolcon.colcon_core.event_handler.log_command[0m [30mDEBUG[0m [32mInvoking command in 'C:\kcl\robotics\ros\assignment2\build\joint_state_publisher': PUBLIC=%PUBLIC%
PyCharm Community Edition=C:\Program Files\JetBrains\PyCharm Community Edition 2019.2.3\bin; C:\Program Files\CMake\bin\cmake.EXE C:\kcl\robotics\ros\assignment2\src\joint_state_publisher\joint_state_publisher -DCATKIN_INSTALL_INTO_PREFIX_ROOT=0 -DCMAKE_INSTALL_PREFIX=C:\kcl\robotics\ros\assignment2\install[0m
[1.399s] [34mcolcon.colcon_core.shell[0m [30mLevel 1[0m create_environment_hook('joint_state_publisher', 'ros_package_path')
[1.408s] [34mcolcon.colcon_core.shell[0m [30mINFO[0m Creating environment hook 'C:\kcl\robotics\ros\assignment2\install\share\joint_state_publisher\hook\ros_package_path.ps1'
[1.409s] [34mcolcon.colcon_core.event_handler.log_command[0m [30mDEBUG[0m [32mInvoked command in 'C:\kcl\robotics\ros\assignment2\build\joint_state_publisher' returned '1': PUBLIC=%PUBLIC%
PyCharm Community Edition=C:\Program Files\JetBrains\PyCharm Community Edition 2019.2.3\bin; C:\Program Files\CMake\bin\cmake.EXE C:\kcl\robotics\ros\assignment2\src\joint_state_publisher\joint_state_publisher -DCATKIN_INSTALL_INTO_PREFIX_ROOT=0 -DCMAKE_INSTALL_PREFIX=C:\kcl\robotics\ros\assignment2\install[0m
[1.411s] [34mcolcon.colcon_core.shell[0m [30mINFO[0m Creating environment hook 'C:\kcl\robotics\ros\assignment2\install\share\joint_state_publisher\hook\ros_package_path.bat'
[1.413s] [34mcolcon.colcon_core.shell[0m [30mINFO[0m Creating environment descriptor 'C:\kcl\robotics\ros\assignment2\install\share\joint_state_publisher\hook\ros_package_path.dsv'
[1.414s] [34mcolcon.colcon_core.shell[0m [30mLevel 1[0m create_environment_hook('joint_state_publisher', 'pkg_config_path')
[1.422s] [34mcolcon.colcon_core.shell[0m [30mINFO[0m Creating environment hook 'C:\kcl\robotics\ros\assignment2\install\share\joint_state_publisher\hook\pkg_config_path.ps1'
[1.423s] [34mcolcon.colcon_core.shell[0m [30mINFO[0m Creating environment hook 'C:\kcl\robotics\ros\assignment2\install\share\joint_state_publisher\hook\pkg_config_path.bat'
[1.425s] [34mcolcon.colcon_core.shell[0m [30mINFO[0m Creating environment descriptor 'C:\kcl\robotics\ros\assignment2\install\share\joint_state_publisher\hook\pkg_config_path.dsv'
[1.433s] [34mcolcon.colcon_core.environment[0m [30mLevel 1[0m create_environment_scripts_only(joint_state_publisher)
[1.455s] [34mcolcon.colcon_core.environment[0m [30mLevel 1[0m checking 'C:\kcl\robotics\ros\assignment2\install' for CMake module files
[1.456s] [34mcolcon.colcon_core.environment[0m [30mLevel 1[0m checking 'C:\kcl\robotics\ros\assignment2\install' for CMake config files
[1.459s] [34mcolcon.colcon_core.environment[0m [30mLevel 1[0m checking 'C:\kcl\robotics\ros\assignment2\install\bin'
[1.459s] [34mcolcon.colcon_core.environment[0m [30mLevel 1[0m checking 'C:\kcl\robotics\ros\assignment2\install\bin'
[1.460s] [34mcolcon.colcon_core.environment[0m [30mLevel 1[0m checking 'C:\kcl\robotics\ros\assignment2\install\Scripts'
[1.460s] [34mcolcon.colcon_core.environment[0m [30mLevel 1[0m checking 'C:\kcl\robotics\ros\assignment2\install\lib\pkgconfig\joint_state_publisher.pc'
[1.460s] [34mcolcon.colcon_core.environment[0m [30mLevel 1[0m checking 'C:\kcl\robotics\ros\assignment2\install\Lib\site-packages'
[1.460s] [34mcolcon.colcon_core.shell[0m [30mLevel 1[0m create_environment_hook('joint_state_publisher', 'pythonpath')
[1.468s] [34mcolcon.colcon_core.shell[0m [30mINFO[0m Creating environment hook 'C:\kcl\robotics\ros\assignment2\install\share\joint_state_publisher\hook\pythonpath.ps1'
[1.470s] [34mcolcon.colcon_core.shell[0m [30mINFO[0m Creating environment hook 'C:\kcl\robotics\ros\assignment2\install\share\joint_state_publisher\hook\pythonpath.bat'
[1.472s] [34mcolcon.colcon_core.shell[0m [30mINFO[0m Creating environment descriptor 'C:\kcl\robotics\ros\assignment2\install\share\joint_state_publisher\hook\pythonpath.dsv'
[1.480s] [34mcolcon.colcon_core.shell[0m [30mINFO[0m Creating package script 'C:\kcl\robotics\ros\assignment2\install\share\joint_state_publisher\package.ps1'
[1.482s] [34mcolcon.colcon_core.shell[0m [30mINFO[0m Creating package script 'C:\kcl\robotics\ros\assignment2\install\share\joint_state_publisher\package.bat'
[1.485s] [34mcolcon.colcon_core.shell[0m [30mINFO[0m Creating package descriptor 'C:\kcl\robotics\ros\assignment2\install\share\joint_state_publisher\package.dsv'
[1.487s] [34mcolcon.colcon_core.environment[0m [30mLevel 1[0m create_file_with_runtime_dependencies(C:\kcl\robotics\ros\assignment2\install\share\colcon-core\packages\joint_state_publisher)
[1.501s] [34mcolcon.colcon_parallel_executor.executor.parallel[0m [30mDEBUG[0m [32mrun_until_complete finished with '1'[0m
[1.501s] [34mcolcon.colcon_core.event_reactor[0m [30mDEBUG[0m [32mjoining thread[0m
[1.517s] [34mcolcon.colcon_core.plugin_system[0m [30mINFO[0m Skipping extension 'colcon_notification.desktop_notification.notify2': 'notify2' not found
[1.517s] [34mcolcon.colcon_core.plugin_system[0m [30mINFO[0m Skipping extension 'colcon_notification.desktop_notification.notify_send': Not used on non-Linux systems
[1.518s] [34mcolcon.colcon_core.plugin_system[0m [30mINFO[0m Skipping extension 'colcon_notification.desktop_notification.terminal_notifier': Not used on non-Darwin systems
[1.518s] [34mcolcon.colcon_notification.desktop_notification[0m [30mINFO[0m Sending desktop notification using 'win32'
[6.552s] [34mcolcon.colcon_core.event_reactor[0m [30mDEBUG[0m [32mjoined thread[0m
[6.564s] [34mcolcon.colcon_core.shell[0m [30mINFO[0m Creating prefix script 'C:\kcl\robotics\ros\assignment2\install\local_setup.ps1'
[6.567s] [34mcolcon.colcon_core.shell[0m [30mINFO[0m Creating prefix util module 'C:\kcl\robotics\ros\assignment2\install\_local_setup_util_ps1.py'
[6.570s] [34mcolcon.colcon_core.shell[0m [30mINFO[0m Creating prefix chain script 'C:\kcl\robotics\ros\assignment2\install\setup.ps1'
[6.578s] [34mcolcon.colcon_core.shell[0m [30mINFO[0m Creating prefix script 'C:\kcl\robotics\ros\assignment2\install\local_setup.bat'
[6.580s] [34mcolcon.colcon_core.shell[0m [30mINFO[0m Creating prefix util module 'C:\kcl\robotics\ros\assignment2\install\_local_setup_util_bat.py'
[6.581s] [34mcolcon.colcon_core.shell[0m [30mINFO[0m Creating prefix chain script 'C:\kcl\robotics\ros\assignment2\install\setup.bat'
