[0.764s] [34mcolcon[0m [30mDEBUG[0m [32mCommand line arguments: ['C:\\Python37\\Scripts\\colcon', 'build', '--merge-install'][0m
[0.764s] [34mcolcon[0m [30mDEBUG[0m [32mParsed command line arguments: Namespace(ament_cmake_args=None, base_paths=['.'], build_base='build', catkin_cmake_args=None, catkin_skip_building_tests=False, cmake_args=None, cmake_clean_cache=False, cmake_clean_first=False, cmake_force_configure=False, cmake_target=None, cmake_target_skip_unavailable=False, continue_on_error=False, event_handlers=None, executor='parallel', ignore_user_meta=False, install_base='install', log_base=None, log_level=None, main=<bound method BuildVerb.main of <colcon_core.verb.build.BuildVerb object at 0x000002AEBC735648>>, merge_install=True, metas=['./colcon.meta'], packages_above=None, packages_above_depth=None, packages_end=None, packages_ignore=None, packages_ignore_regex=None, packages_select=None, packages_select_build_failed=False, packages_select_by_dep=None, packages_select_regex=None, packages_select_test_failures=False, packages_skip=None, packages_skip_build_finished=False, packages_skip_by_dep=None, packages_skip_regex=None, packages_skip_test_passed=False, packages_skip_up_to=None, packages_start=None, packages_up_to=None, parallel_workers=8, paths=None, symlink_install=False, test_result_base=None, verb_extension=<colcon_core.verb.build.BuildVerb object at 0x000002AEBC735648>, verb_name='build', verb_parser=<colcon_defaults.argument_parser.defaults.DefaultArgumentsDecorator object at 0x000002AEBC735C48>)[0m
[0.867s] [34mcolcon.colcon_core.package_discovery[0m [30mLevel 1[0m discover_packages(colcon_meta) check parameters
[0.868s] [34mcolcon.colcon_core.package_discovery[0m [30mLevel 1[0m discover_packages(recursive) check parameters
[0.868s] [34mcolcon.colcon_core.package_discovery[0m [30mLevel 1[0m discover_packages(ignore) check parameters
[0.868s] [34mcolcon.colcon_core.package_discovery[0m [30mLevel 1[0m discover_packages(path) check parameters
[0.868s] [34mcolcon.colcon_core.package_discovery[0m [30mLevel 1[0m discover_packages(colcon_meta) discover
[0.868s] [34mcolcon.colcon_core.package_discovery[0m [30mLevel 1[0m discover_packages(recursive) discover
[0.868s] [34mcolcon.colcon_core.package_discovery[0m [30mINFO[0m Crawling recursively for packages in 'C:\kcl\robotics\ros\assignment2'
[0.868s] [34mcolcon.colcon_core.package_identification[0m [30mLevel 1[0m _identify(.) by extensions ['ignore', 'ignore_ament_install']
[0.868s] [34mcolcon.colcon_core.package_identification[0m [30mLevel 1[0m _identify(.) by extension 'ignore'
[0.869s] [34mcolcon.colcon_core.package_identification[0m [30mLevel 1[0m _identify(.) by extension 'ignore_ament_install'
[0.869s] [34mcolcon.colcon_core.package_identification[0m [30mLevel 1[0m _identify(.) by extensions ['colcon_pkg']
[0.869s] [34mcolcon.colcon_core.package_identification[0m [30mLevel 1[0m _identify(.) by extension 'colcon_pkg'
[0.869s] [34mcolcon.colcon_core.package_identification[0m [30mLevel 1[0m _identify(.) by extensions ['colcon_meta']
[0.869s] [34mcolcon.colcon_core.package_identification[0m [30mLevel 1[0m _identify(.) by extension 'colcon_meta'
[0.869s] [34mcolcon.colcon_core.package_identification[0m [30mLevel 1[0m _identify(.) by extensions ['ros']
[0.869s] [34mcolcon.colcon_core.package_identification[0m [30mLevel 1[0m _identify(.) by extension 'ros'
[0.889s] [34mcolcon.colcon_core.package_identification[0m [30mLevel 1[0m _identify(.) by extensions ['cmake', 'python']
[0.889s] [34mcolcon.colcon_core.package_identification[0m [30mLevel 1[0m _identify(.) by extension 'cmake'
[0.889s] [34mcolcon.colcon_core.package_identification[0m [30mLevel 1[0m _identify(.) by extension 'python'
[0.889s] [34mcolcon.colcon_core.package_identification[0m [30mLevel 1[0m _identify(.) by extensions ['python_setup_py']
[0.889s] [34mcolcon.colcon_core.package_identification[0m [30mLevel 1[0m _identify(.) by extension 'python_setup_py'
[0.890s] [34mcolcon.colcon_core.package_identification[0m [30mLevel 1[0m _identify(build) by extensions ['ignore', 'ignore_ament_install']
[0.890s] [34mcolcon.colcon_core.package_identification[0m [30mLevel 1[0m _identify(build) by extension 'ignore'
[0.890s] [34mcolcon.colcon_core.package_identification[0m [30mLevel 1[0m _identify(build) ignored
[0.890s] [34mcolcon.colcon_core.package_identification[0m [30mLevel 1[0m _identify(install) by extensions ['ignore', 'ignore_ament_install']
[0.890s] [34mcolcon.colcon_core.package_identification[0m [30mLevel 1[0m _identify(install) by extension 'ignore'
[0.891s] [34mcolcon.colcon_core.package_identification[0m [30mLevel 1[0m _identify(install) ignored
[0.891s] [34mcolcon.colcon_core.package_identification[0m [30mLevel 1[0m _identify(log) by extensions ['ignore', 'ignore_ament_install']
[0.891s] [34mcolcon.colcon_core.package_identification[0m [30mLevel 1[0m _identify(log) by extension 'ignore'
[0.891s] [34mcolcon.colcon_core.package_identification[0m [30mLevel 1[0m _identify(log) ignored
[0.892s] [34mcolcon.colcon_core.package_identification[0m [30mLevel 1[0m _identify(src) by extensions ['ignore', 'ignore_ament_install']
[0.892s] [34mcolcon.colcon_core.package_identification[0m [30mLevel 1[0m _identify(src) by extension 'ignore'
[0.892s] [34mcolcon.colcon_core.package_identification[0m [30mLevel 1[0m _identify(src) by extension 'ignore_ament_install'
[0.892s] [34mcolcon.colcon_core.package_identification[0m [30mLevel 1[0m _identify(src) by extensions ['colcon_pkg']
[0.892s] [34mcolcon.colcon_core.package_identification[0m [30mLevel 1[0m _identify(src) by extension 'colcon_pkg'
[0.892s] [34mcolcon.colcon_core.package_identification[0m [30mLevel 1[0m _identify(src) by extensions ['colcon_meta']
[0.892s] [34mcolcon.colcon_core.package_identification[0m [30mLevel 1[0m _identify(src) by extension 'colcon_meta'
[0.892s] [34mcolcon.colcon_core.package_identification[0m [30mLevel 1[0m _identify(src) by extensions ['ros']
[0.892s] [34mcolcon.colcon_core.package_identification[0m [30mLevel 1[0m _identify(src) by extension 'ros'
[0.893s] [34mcolcon.colcon_core.package_identification[0m [30mLevel 1[0m _identify(src) by extensions ['cmake', 'python']
[0.893s] [34mcolcon.colcon_core.package_identification[0m [30mLevel 1[0m _identify(src) by extension 'cmake'
[0.893s] [34mcolcon.colcon_core.package_identification[0m [30mLevel 1[0m _identify(src) by extension 'python'
[0.893s] [34mcolcon.colcon_core.package_identification[0m [30mLevel 1[0m _identify(src) by extensions ['python_setup_py']
[0.893s] [34mcolcon.colcon_core.package_identification[0m [30mLevel 1[0m _identify(src) by extension 'python_setup_py'
[0.893s] [34mcolcon.colcon_core.package_identification[0m [30mLevel 1[0m _identify(src\kokos) by extensions ['ignore', 'ignore_ament_install']
[0.893s] [34mcolcon.colcon_core.package_identification[0m [30mLevel 1[0m _identify(src\kokos) by extension 'ignore'
[0.894s] [34mcolcon.colcon_core.package_identification[0m [30mLevel 1[0m _identify(src\kokos) by extension 'ignore_ament_install'
[0.894s] [34mcolcon.colcon_core.package_identification[0m [30mLevel 1[0m _identify(src\kokos) by extensions ['colcon_pkg']
[0.894s] [34mcolcon.colcon_core.package_identification[0m [30mLevel 1[0m _identify(src\kokos) by extension 'colcon_pkg'
[0.894s] [34mcolcon.colcon_core.package_identification[0m [30mLevel 1[0m _identify(src\kokos) by extensions ['colcon_meta']
[0.894s] [34mcolcon.colcon_core.package_identification[0m [30mLevel 1[0m _identify(src\kokos) by extension 'colcon_meta'
[0.894s] [34mcolcon.colcon_core.package_identification[0m [30mLevel 1[0m _identify(src\kokos) by extensions ['ros']
[0.894s] [34mcolcon.colcon_core.package_identification[0m [30mLevel 1[0m _identify(src\kokos) by extension 'ros'
[0.899s] [34mcolcon.colcon_core.package_identification[0m [30mDEBUG[0m [32mPackage 'src\kokos' with type 'ros.ament_python' and name 'kokos'[0m
[0.899s] [34mcolcon.colcon_core.package_identification[0m [30mLevel 1[0m _identify(src\py_pubsub) by extensions ['ignore', 'ignore_ament_install']
[0.899s] [34mcolcon.colcon_core.package_identification[0m [30mLevel 1[0m _identify(src\py_pubsub) by extension 'ignore'
[0.899s] [34mcolcon.colcon_core.package_identification[0m [30mLevel 1[0m _identify(src\py_pubsub) by extension 'ignore_ament_install'
[0.900s] [34mcolcon.colcon_core.package_identification[0m [30mLevel 1[0m _identify(src\py_pubsub) by extensions ['colcon_pkg']
[0.900s] [34mcolcon.colcon_core.package_identification[0m [30mLevel 1[0m _identify(src\py_pubsub) by extension 'colcon_pkg'
[0.900s] [34mcolcon.colcon_core.package_identification[0m [30mLevel 1[0m _identify(src\py_pubsub) by extensions ['colcon_meta']
[0.900s] [34mcolcon.colcon_core.package_identification[0m [30mLevel 1[0m _identify(src\py_pubsub) by extension 'colcon_meta'
[0.900s] [34mcolcon.colcon_core.package_identification[0m [30mLevel 1[0m _identify(src\py_pubsub) by extensions ['ros']
[0.900s] [34mcolcon.colcon_core.package_identification[0m [30mLevel 1[0m _identify(src\py_pubsub) by extension 'ros'
[0.901s] [34mcolcon.colcon_core.package_identification[0m [30mDEBUG[0m [32mPackage 'src\py_pubsub' with type 'ros.ament_python' and name 'py_pubsub'[0m
[0.901s] [34mcolcon.colcon_core.package_identification[0m [30mLevel 1[0m _identify(src\py_srvcli) by extensions ['ignore', 'ignore_ament_install']
[0.902s] [34mcolcon.colcon_core.package_identification[0m [30mLevel 1[0m _identify(src\py_srvcli) by extension 'ignore'
[0.902s] [34mcolcon.colcon_core.package_identification[0m [30mLevel 1[0m _identify(src\py_srvcli) by extension 'ignore_ament_install'
[0.902s] [34mcolcon.colcon_core.package_identification[0m [30mLevel 1[0m _identify(src\py_srvcli) by extensions ['colcon_pkg']
[0.902s] [34mcolcon.colcon_core.package_identification[0m [30mLevel 1[0m _identify(src\py_srvcli) by extension 'colcon_pkg'
[0.902s] [34mcolcon.colcon_core.package_identification[0m [30mLevel 1[0m _identify(src\py_srvcli) by extensions ['colcon_meta']
[0.902s] [34mcolcon.colcon_core.package_identification[0m [30mLevel 1[0m _identify(src\py_srvcli) by extension 'colcon_meta'
[0.902s] [34mcolcon.colcon_core.package_identification[0m [30mLevel 1[0m _identify(src\py_srvcli) by extensions ['ros']
[0.902s] [34mcolcon.colcon_core.package_identification[0m [30mLevel 1[0m _identify(src\py_srvcli) by extension 'ros'
[0.904s] [34mcolcon.colcon_core.package_identification[0m [30mDEBUG[0m [32mPackage 'src\py_srvcli' with type 'ros.ament_python' and name 'py_srvcli'[0m
[0.904s] [34mcolcon.colcon_core.package_discovery[0m [30mLevel 1[0m discover_packages(recursive) using defaults
[0.904s] [34mcolcon.colcon_core.package_discovery[0m [30mLevel 1[0m discover_packages(ignore) discover
[0.904s] [34mcolcon.colcon_core.package_discovery[0m [30mLevel 1[0m discover_packages(ignore) using defaults
[0.904s] [34mcolcon.colcon_core.package_discovery[0m [30mLevel 1[0m discover_packages(path) discover
[0.904s] [34mcolcon.colcon_core.package_discovery[0m [30mLevel 1[0m discover_packages(path) using defaults
[0.943s] [34mcolcon.colcon_core.verb[0m [30mLevel 5[0m set package 'kokos' build argument 'cmake_args' from command line to 'None'
[0.943s] [34mcolcon.colcon_core.verb[0m [30mLevel 5[0m set package 'kokos' build argument 'cmake_target' from command line to 'None'
[0.943s] [34mcolcon.colcon_core.verb[0m [30mLevel 5[0m set package 'kokos' build argument 'cmake_target_skip_unavailable' from command line to 'False'
[0.943s] [34mcolcon.colcon_core.verb[0m [30mLevel 5[0m set package 'kokos' build argument 'cmake_clean_cache' from command line to 'False'
[0.943s] [34mcolcon.colcon_core.verb[0m [30mLevel 5[0m set package 'kokos' build argument 'cmake_clean_first' from command line to 'False'
[0.943s] [34mcolcon.colcon_core.verb[0m [30mLevel 5[0m set package 'kokos' build argument 'cmake_force_configure' from command line to 'False'
[0.944s] [34mcolcon.colcon_core.verb[0m [30mLevel 5[0m set package 'kokos' build argument 'ament_cmake_args' from command line to 'None'
[0.944s] [34mcolcon.colcon_core.verb[0m [30mLevel 5[0m set package 'kokos' build argument 'catkin_cmake_args' from command line to 'None'
[0.944s] [34mcolcon.colcon_core.verb[0m [30mLevel 5[0m set package 'kokos' build argument 'catkin_skip_building_tests' from command line to 'False'
[0.944s] [34mcolcon.colcon_core.verb[0m [30mDEBUG[0m [32mBuilding package 'kokos' with the following arguments: {'ament_cmake_args': None, 'build_base': 'C:\\kcl\\robotics\\ros\\assignment2\\build\\kokos', 'catkin_cmake_args': None, 'catkin_skip_building_tests': False, 'cmake_args': None, 'cmake_clean_cache': False, 'cmake_clean_first': False, 'cmake_force_configure': False, 'cmake_target': None, 'cmake_target_skip_unavailable': False, 'install_base': 'C:\\kcl\\robotics\\ros\\assignment2\\install', 'merge_install': True, 'path': 'C:\\kcl\\robotics\\ros\\assignment2\\src\\kokos', 'symlink_install': False, 'test_result_base': None}[0m
[0.957s] [34mcolcon.colcon_core.verb[0m [30mLevel 5[0m set package 'py_pubsub' build argument 'cmake_args' from command line to 'None'
[0.957s] [34mcolcon.colcon_core.verb[0m [30mLevel 5[0m set package 'py_pubsub' build argument 'cmake_target' from command line to 'None'
[0.958s] [34mcolcon.colcon_core.verb[0m [30mLevel 5[0m set package 'py_pubsub' build argument 'cmake_target_skip_unavailable' from command line to 'False'
[0.958s] [34mcolcon.colcon_core.verb[0m [30mLevel 5[0m set package 'py_pubsub' build argument 'cmake_clean_cache' from command line to 'False'
[0.958s] [34mcolcon.colcon_core.verb[0m [30mLevel 5[0m set package 'py_pubsub' build argument 'cmake_clean_first' from command line to 'False'
[0.958s] [34mcolcon.colcon_core.verb[0m [30mLevel 5[0m set package 'py_pubsub' build argument 'cmake_force_configure' from command line to 'False'
[0.958s] [34mcolcon.colcon_core.verb[0m [30mLevel 5[0m set package 'py_pubsub' build argument 'ament_cmake_args' from command line to 'None'
[0.958s] [34mcolcon.colcon_core.verb[0m [30mLevel 5[0m set package 'py_pubsub' build argument 'catkin_cmake_args' from command line to 'None'
[0.958s] [34mcolcon.colcon_core.verb[0m [30mLevel 5[0m set package 'py_pubsub' build argument 'catkin_skip_building_tests' from command line to 'False'
[0.958s] [34mcolcon.colcon_core.verb[0m [30mDEBUG[0m [32mBuilding package 'py_pubsub' with the following arguments: {'ament_cmake_args': None, 'build_base': 'C:\\kcl\\robotics\\ros\\assignment2\\build\\py_pubsub', 'catkin_cmake_args': None, 'catkin_skip_building_tests': False, 'cmake_args': None, 'cmake_clean_cache': False, 'cmake_clean_first': False, 'cmake_force_configure': False, 'cmake_target': None, 'cmake_target_skip_unavailable': False, 'install_base': 'C:\\kcl\\robotics\\ros\\assignment2\\install', 'merge_install': True, 'path': 'C:\\kcl\\robotics\\ros\\assignment2\\src\\py_pubsub', 'symlink_install': False, 'test_result_base': None}[0m
[0.971s] [34mcolcon.colcon_core.verb[0m [30mLevel 5[0m set package 'py_srvcli' build argument 'cmake_args' from command line to 'None'
[0.971s] [34mcolcon.colcon_core.verb[0m [30mLevel 5[0m set package 'py_srvcli' build argument 'cmake_target' from command line to 'None'
[0.971s] [34mcolcon.colcon_core.verb[0m [30mLevel 5[0m set package 'py_srvcli' build argument 'cmake_target_skip_unavailable' from command line to 'False'
[0.971s] [34mcolcon.colcon_core.verb[0m [30mLevel 5[0m set package 'py_srvcli' build argument 'cmake_clean_cache' from command line to 'False'
[0.972s] [34mcolcon.colcon_core.verb[0m [30mLevel 5[0m set package 'py_srvcli' build argument 'cmake_clean_first' from command line to 'False'
[0.972s] [34mcolcon.colcon_core.verb[0m [30mLevel 5[0m set package 'py_srvcli' build argument 'cmake_force_configure' from command line to 'False'
[0.972s] [34mcolcon.colcon_core.verb[0m [30mLevel 5[0m set package 'py_srvcli' build argument 'ament_cmake_args' from command line to 'None'
[0.972s] [34mcolcon.colcon_core.verb[0m [30mLevel 5[0m set package 'py_srvcli' build argument 'catkin_cmake_args' from command line to 'None'
[0.972s] [34mcolcon.colcon_core.verb[0m [30mLevel 5[0m set package 'py_srvcli' build argument 'catkin_skip_building_tests' from command line to 'False'
[0.972s] [34mcolcon.colcon_core.verb[0m [30mDEBUG[0m [32mBuilding package 'py_srvcli' with the following arguments: {'ament_cmake_args': None, 'build_base': 'C:\\kcl\\robotics\\ros\\assignment2\\build\\py_srvcli', 'catkin_cmake_args': None, 'catkin_skip_building_tests': False, 'cmake_args': None, 'cmake_clean_cache': False, 'cmake_clean_first': False, 'cmake_force_configure': False, 'cmake_target': None, 'cmake_target_skip_unavailable': False, 'install_base': 'C:\\kcl\\robotics\\ros\\assignment2\\install', 'merge_install': True, 'path': 'C:\\kcl\\robotics\\ros\\assignment2\\src\\py_srvcli', 'symlink_install': False, 'test_result_base': None}[0m
[0.975s] [34mcolcon.colcon_core.executor[0m [30mINFO[0m Executing jobs using 'parallel' executor
[0.999s] [34mcolcon.colcon_parallel_executor.executor.parallel[0m [30mDEBUG[0m [32mrun_until_complete[0m
[1.000s] [34mcolcon.colcon_ros.task.ament_python.build[0m [30mINFO[0m Building ROS package in 'C:\kcl\robotics\ros\assignment2\src\kokos' with build type 'ament_python'
[1.000s] [34mcolcon.colcon_core.shell[0m [30mLevel 1[0m create_environment_hook('kokos', 'ament_prefix_path')
[1.010s] [34mcolcon.colcon_core.plugin_system[0m [30mINFO[0m Skipping extension 'colcon_core.shell.sh': Not used on Windows systems
[1.010s] [34mcolcon.colcon_core.shell[0m [30mINFO[0m Creating environment hook 'C:\kcl\robotics\ros\assignment2\install\share\kokos\hook\ament_prefix_path.ps1'
[1.012s] [34mcolcon.colcon_core.shell[0m [30mINFO[0m Creating environment hook 'C:\kcl\robotics\ros\assignment2\install\share\kokos\hook\ament_prefix_path.bat'
[1.014s] [34mcolcon.colcon_core.shell[0m [30mINFO[0m Creating environment descriptor 'C:\kcl\robotics\ros\assignment2\install\share\kokos\hook\ament_prefix_path.dsv'
[1.023s] [34mcolcon.colcon_core.shell[0m [30mINFO[0m Skip shell extension 'powershell' for command environment: Not usable outside of PowerShell
[1.072s] [34mcolcon.colcon_ros.task.ament_python.build[0m [30mINFO[0m Building ROS package in 'C:\kcl\robotics\ros\assignment2\src\py_pubsub' with build type 'ament_python'
[1.073s] [34mcolcon.colcon_core.shell[0m [30mLevel 1[0m create_environment_hook('py_pubsub', 'ament_prefix_path')
[1.080s] [34mcolcon.colcon_core.shell[0m [30mINFO[0m Creating environment hook 'C:\kcl\robotics\ros\assignment2\install\share\py_pubsub\hook\ament_prefix_path.ps1'
[1.081s] [34mcolcon.colcon_core.shell[0m [30mINFO[0m Creating environment hook 'C:\kcl\robotics\ros\assignment2\install\share\py_pubsub\hook\ament_prefix_path.bat'
[1.083s] [34mcolcon.colcon_core.shell[0m [30mINFO[0m Creating environment descriptor 'C:\kcl\robotics\ros\assignment2\install\share\py_pubsub\hook\ament_prefix_path.dsv'
[1.091s] [34mcolcon.colcon_core.shell[0m [30mINFO[0m Skip shell extension 'powershell' for command environment: Not usable outside of PowerShell
[1.133s] [34mcolcon.colcon_ros.task.ament_python.build[0m [30mINFO[0m Building ROS package in 'C:\kcl\robotics\ros\assignment2\src\py_srvcli' with build type 'ament_python'
[1.134s] [34mcolcon.colcon_core.shell[0m [30mLevel 1[0m create_environment_hook('py_srvcli', 'ament_prefix_path')
[1.143s] [34mcolcon.colcon_core.shell[0m [30mINFO[0m Creating environment hook 'C:\kcl\robotics\ros\assignment2\install\share\py_srvcli\hook\ament_prefix_path.ps1'
[1.144s] [34mcolcon.colcon_core.shell[0m [30mINFO[0m Creating environment hook 'C:\kcl\robotics\ros\assignment2\install\share\py_srvcli\hook\ament_prefix_path.bat'
[1.145s] [34mcolcon.colcon_core.shell[0m [30mINFO[0m Creating environment descriptor 'C:\kcl\robotics\ros\assignment2\install\share\py_srvcli\hook\ament_prefix_path.dsv'
[1.154s] [34mcolcon.colcon_core.shell[0m [30mINFO[0m Skip shell extension 'powershell' for command environment: Not usable outside of PowerShell
[1.713s] [34mcolcon.colcon_core.task.python.build[0m [30mINFO[0m Building Python package in 'C:\kcl\robotics\ros\assignment2\src\py_pubsub'
[1.720s] [34mcolcon.colcon_core.shell[0m [30mINFO[0m Skip shell extension 'powershell' for command environment: Not usable outside of PowerShell
[2.276s] [34mcolcon.colcon_core.task.python.build[0m [30mINFO[0m Building Python package in 'C:\kcl\robotics\ros\assignment2\src\kokos'
[2.283s] [34mcolcon.colcon_core.shell[0m [30mINFO[0m Skip shell extension 'powershell' for command environment: Not usable outside of PowerShell
[2.856s] [34mcolcon.colcon_core.task.python.build[0m [30mINFO[0m Building Python package in 'C:\kcl\robotics\ros\assignment2\src\py_srvcli'
[2.863s] [34mcolcon.colcon_core.shell[0m [30mINFO[0m Skip shell extension 'powershell' for command environment: Not usable outside of PowerShell
[3.412s] [34mcolcon.colcon_core.event_handler.log_command[0m [30mDEBUG[0m [32mInvoking command in 'C:\kcl\robotics\ros\assignment2\src\py_pubsub': PUBLIC=%PUBLIC%
PyCharm Community Edition=C:\Program Files\JetBrains\PyCharm Community Edition 2019.2.3\bin; PYTHONPATH=C:\kcl\robotics\ros\assignment2\install\Lib\site-packages;%PYTHONPATH% c:\python37\python.exe setup.py egg_info --egg-base C:\kcl\robotics\ros\assignment2\build\py_pubsub build --build-base C:\kcl\robotics\ros\assignment2\build\py_pubsub\build install --prefix C:\kcl\robotics\ros\assignment2\install --record C:\kcl\robotics\ros\assignment2\build\py_pubsub\install.log --single-version-externally-managed[0m
[3.938s] [34mcolcon.colcon_core.event_handler.log_command[0m [30mDEBUG[0m [32mInvoking command in 'C:\kcl\robotics\ros\assignment2\src\kokos': PUBLIC=%PUBLIC%
PyCharm Community Edition=C:\Program Files\JetBrains\PyCharm Community Edition 2019.2.3\bin; PYTHONPATH=C:\kcl\robotics\ros\assignment2\install\Lib\site-packages;%PYTHONPATH% c:\python37\python.exe setup.py egg_info --egg-base C:\kcl\robotics\ros\assignment2\build\kokos build --build-base C:\kcl\robotics\ros\assignment2\build\kokos\build install --prefix C:\kcl\robotics\ros\assignment2\install --record C:\kcl\robotics\ros\assignment2\build\kokos\install.log --single-version-externally-managed[0m
[4.510s] [34mcolcon.colcon_core.event_handler.log_command[0m [30mDEBUG[0m [32mInvoking command in 'C:\kcl\robotics\ros\assignment2\src\py_srvcli': PUBLIC=%PUBLIC%
PyCharm Community Edition=C:\Program Files\JetBrains\PyCharm Community Edition 2019.2.3\bin; PYTHONPATH=C:\kcl\robotics\ros\assignment2\install\Lib\site-packages;%PYTHONPATH% c:\python37\python.exe setup.py egg_info --egg-base C:\kcl\robotics\ros\assignment2\build\py_srvcli build --build-base C:\kcl\robotics\ros\assignment2\build\py_srvcli\build install --prefix C:\kcl\robotics\ros\assignment2\install --record C:\kcl\robotics\ros\assignment2\build\py_srvcli\install.log --single-version-externally-managed[0m
[4.527s] [34mcolcon.colcon_core.event_handler.log_command[0m [30mDEBUG[0m [32mInvoked command in 'C:\kcl\robotics\ros\assignment2\src\py_pubsub' returned '0': PUBLIC=%PUBLIC%
PyCharm Community Edition=C:\Program Files\JetBrains\PyCharm Community Edition 2019.2.3\bin; PYTHONPATH=C:\kcl\robotics\ros\assignment2\install\Lib\site-packages;%PYTHONPATH% c:\python37\python.exe setup.py egg_info --egg-base C:\kcl\robotics\ros\assignment2\build\py_pubsub build --build-base C:\kcl\robotics\ros\assignment2\build\py_pubsub\build install --prefix C:\kcl\robotics\ros\assignment2\install --record C:\kcl\robotics\ros\assignment2\build\py_pubsub\install.log --single-version-externally-managed[0m
[4.543s] [34mcolcon.colcon_core.environment[0m [30mLevel 1[0m checking 'C:\kcl\robotics\ros\assignment2\install' for CMake module files
[4.545s] [34mcolcon.colcon_core.environment[0m [30mLevel 1[0m checking 'C:\kcl\robotics\ros\assignment2\install' for CMake config files
[4.548s] [34mcolcon.colcon_core.environment[0m [30mLevel 1[0m checking 'C:\kcl\robotics\ros\assignment2\install\bin'
[4.548s] [34mcolcon.colcon_core.environment[0m [30mLevel 1[0m checking 'C:\kcl\robotics\ros\assignment2\install\bin'
[4.548s] [34mcolcon.colcon_core.environment[0m [30mLevel 1[0m checking 'C:\kcl\robotics\ros\assignment2\install\Scripts'
[4.549s] [34mcolcon.colcon_core.environment[0m [30mLevel 1[0m checking 'C:\kcl\robotics\ros\assignment2\install\lib\pkgconfig\py_pubsub.pc'
[4.549s] [34mcolcon.colcon_core.environment[0m [30mLevel 1[0m checking 'C:\kcl\robotics\ros\assignment2\install\Lib\site-packages'
[4.549s] [34mcolcon.colcon_core.shell[0m [30mLevel 1[0m create_environment_hook('py_pubsub', 'pythonpath')
[4.556s] [34mcolcon.colcon_core.shell[0m [30mINFO[0m Creating environment hook 'C:\kcl\robotics\ros\assignment2\install\share\py_pubsub\hook\pythonpath.ps1'
[4.558s] [34mcolcon.colcon_core.shell[0m [30mINFO[0m Creating environment hook 'C:\kcl\robotics\ros\assignment2\install\share\py_pubsub\hook\pythonpath.bat'
[4.560s] [34mcolcon.colcon_core.shell[0m [30mINFO[0m Creating environment descriptor 'C:\kcl\robotics\ros\assignment2\install\share\py_pubsub\hook\pythonpath.dsv'
[4.561s] [34mcolcon.colcon_core.environment[0m [30mLevel 1[0m create_environment_scripts_only(py_pubsub)
[4.569s] [34mcolcon.colcon_core.shell[0m [30mINFO[0m Creating package script 'C:\kcl\robotics\ros\assignment2\install\share\py_pubsub\package.ps1'
[4.570s] [34mcolcon.colcon_core.shell[0m [30mINFO[0m Creating package script 'C:\kcl\robotics\ros\assignment2\install\share\py_pubsub\package.bat'
[4.575s] [34mcolcon.colcon_core.shell[0m [30mINFO[0m Creating package descriptor 'C:\kcl\robotics\ros\assignment2\install\share\py_pubsub\package.dsv'
[4.578s] [34mcolcon.colcon_core.environment[0m [30mLevel 1[0m create_file_with_runtime_dependencies(C:\kcl\robotics\ros\assignment2\install\share\colcon-core\packages\py_pubsub)
[4.609s] [34mcolcon.colcon_core.environment[0m [30mLevel 1[0m checking 'C:\kcl\robotics\ros\assignment2\install' for CMake module files
[4.609s] [34mcolcon.colcon_core.event_handler.log_command[0m [30mDEBUG[0m [32mInvoked command in 'C:\kcl\robotics\ros\assignment2\src\kokos' returned '0': PUBLIC=%PUBLIC%
PyCharm Community Edition=C:\Program Files\JetBrains\PyCharm Community Edition 2019.2.3\bin; PYTHONPATH=C:\kcl\robotics\ros\assignment2\install\Lib\site-packages;%PYTHONPATH% c:\python37\python.exe setup.py egg_info --egg-base C:\kcl\robotics\ros\assignment2\build\kokos build --build-base C:\kcl\robotics\ros\assignment2\build\kokos\build install --prefix C:\kcl\robotics\ros\assignment2\install --record C:\kcl\robotics\ros\assignment2\build\kokos\install.log --single-version-externally-managed[0m
[4.611s] [34mcolcon.colcon_core.environment[0m [30mLevel 1[0m checking 'C:\kcl\robotics\ros\assignment2\install' for CMake config files
[4.614s] [34mcolcon.colcon_core.environment[0m [30mLevel 1[0m checking 'C:\kcl\robotics\ros\assignment2\install\bin'
[4.614s] [34mcolcon.colcon_core.environment[0m [30mLevel 1[0m checking 'C:\kcl\robotics\ros\assignment2\install\bin'
[4.614s] [34mcolcon.colcon_core.environment[0m [30mLevel 1[0m checking 'C:\kcl\robotics\ros\assignment2\install\Scripts'
[4.614s] [34mcolcon.colcon_core.environment[0m [30mLevel 1[0m checking 'C:\kcl\robotics\ros\assignment2\install\lib\pkgconfig\kokos.pc'
[4.614s] [34mcolcon.colcon_core.environment[0m [30mLevel 1[0m checking 'C:\kcl\robotics\ros\assignment2\install\Lib\site-packages'
[4.615s] [34mcolcon.colcon_core.shell[0m [30mLevel 1[0m create_environment_hook('kokos', 'pythonpath')
[4.621s] [34mcolcon.colcon_core.shell[0m [30mINFO[0m Creating environment hook 'C:\kcl\robotics\ros\assignment2\install\share\kokos\hook\pythonpath.ps1'
[4.623s] [34mcolcon.colcon_core.shell[0m [30mINFO[0m Creating environment hook 'C:\kcl\robotics\ros\assignment2\install\share\kokos\hook\pythonpath.bat'
[4.625s] [34mcolcon.colcon_core.shell[0m [30mINFO[0m Creating environment descriptor 'C:\kcl\robotics\ros\assignment2\install\share\kokos\hook\pythonpath.dsv'
[4.626s] [34mcolcon.colcon_core.environment[0m [30mLevel 1[0m create_environment_scripts_only(kokos)
[4.634s] [34mcolcon.colcon_core.shell[0m [30mINFO[0m Creating package script 'C:\kcl\robotics\ros\assignment2\install\share\kokos\package.ps1'
[4.635s] [34mcolcon.colcon_core.shell[0m [30mINFO[0m Creating package script 'C:\kcl\robotics\ros\assignment2\install\share\kokos\package.bat'
[4.636s] [34mcolcon.colcon_core.shell[0m [30mINFO[0m Creating package descriptor 'C:\kcl\robotics\ros\assignment2\install\share\kokos\package.dsv'
[4.637s] [34mcolcon.colcon_core.environment[0m [30mLevel 1[0m create_file_with_runtime_dependencies(C:\kcl\robotics\ros\assignment2\install\share\colcon-core\packages\kokos)
[5.099s] [34mcolcon.colcon_core.event_handler.log_command[0m [30mDEBUG[0m [32mInvoked command in 'C:\kcl\robotics\ros\assignment2\src\py_srvcli' returned '1': PUBLIC=%PUBLIC%
PyCharm Community Edition=C:\Program Files\JetBrains\PyCharm Community Edition 2019.2.3\bin; PYTHONPATH=C:\kcl\robotics\ros\assignment2\install\Lib\site-packages;%PYTHONPATH% c:\python37\python.exe setup.py egg_info --egg-base C:\kcl\robotics\ros\assignment2\build\py_srvcli build --build-base C:\kcl\robotics\ros\assignment2\build\py_srvcli\build install --prefix C:\kcl\robotics\ros\assignment2\install --record C:\kcl\robotics\ros\assignment2\build\py_srvcli\install.log --single-version-externally-managed[0m
[5.107s] [34mcolcon.colcon_parallel_executor.executor.parallel[0m [30mDEBUG[0m [32mrun_until_complete finished with '1'[0m
[5.107s] [34mcolcon.colcon_core.event_reactor[0m [30mDEBUG[0m [32mjoining thread[0m
[5.124s] [34mcolcon.colcon_core.plugin_system[0m [30mINFO[0m Skipping extension 'colcon_notification.desktop_notification.notify2': 'notify2' not found
[5.124s] [34mcolcon.colcon_core.plugin_system[0m [30mINFO[0m Skipping extension 'colcon_notification.desktop_notification.notify_send': Not used on non-Linux systems
[5.125s] [34mcolcon.colcon_core.plugin_system[0m [30mINFO[0m Skipping extension 'colcon_notification.desktop_notification.terminal_notifier': Not used on non-Darwin systems
[5.125s] [34mcolcon.colcon_notification.desktop_notification[0m [30mINFO[0m Sending desktop notification using 'win32'
[10.155s] [34mcolcon.colcon_core.event_reactor[0m [30mDEBUG[0m [32mjoined thread[0m
[10.169s] [34mcolcon.colcon_core.shell[0m [30mINFO[0m Creating prefix script 'C:\kcl\robotics\ros\assignment2\install\local_setup.ps1'
[10.171s] [34mcolcon.colcon_core.shell[0m [30mINFO[0m Creating prefix util module 'C:\kcl\robotics\ros\assignment2\install\_local_setup_util_ps1.py'
[10.174s] [34mcolcon.colcon_core.shell[0m [30mINFO[0m Creating prefix chain script 'C:\kcl\robotics\ros\assignment2\install\setup.ps1'
[10.190s] [34mcolcon.colcon_core.shell[0m [30mINFO[0m Creating prefix script 'C:\kcl\robotics\ros\assignment2\install\local_setup.bat'
[10.192s] [34mcolcon.colcon_core.shell[0m [30mINFO[0m Creating prefix util module 'C:\kcl\robotics\ros\assignment2\install\_local_setup_util_bat.py'
[10.196s] [34mcolcon.colcon_core.shell[0m [30mINFO[0m Creating prefix chain script 'C:\kcl\robotics\ros\assignment2\install\setup.bat'
