Determining if the pthread_create exist failed with the following output:
Change Dir: /home/mikroszolos/kcl/robotics/ros/ws_moveit/build/moveit_jog_arm/CMakeFiles/CMakeTmp

Run Build Command:"/usr/bin/make" "cmTC_6386a/fast"
/usr/bin/make -f CMakeFiles/cmTC_6386a.dir/build.make CMakeFiles/cmTC_6386a.dir/build
make[1]: Entering directory '/home/mikroszolos/kcl/robotics/ros/ws_moveit/build/moveit_jog_arm/CMakeFiles/CMakeTmp'
Building C object CMakeFiles/cmTC_6386a.dir/CheckSymbolExists.c.o
/usr/bin/cc    -o CMakeFiles/cmTC_6386a.dir/CheckSymbolExists.c.o   -c /home/mikroszolos/kcl/robotics/ros/ws_moveit/build/moveit_jog_arm/CMakeFiles/CMakeTmp/CheckSymbolExists.c
Linking C executable cmTC_6386a
/usr/bin/cmake -E cmake_link_script CMakeFiles/cmTC_6386a.dir/link.txt --verbose=1
/usr/bin/cc      -rdynamic CMakeFiles/cmTC_6386a.dir/CheckSymbolExists.c.o  -o cmTC_6386a 
CMakeFiles/cmTC_6386a.dir/CheckSymbolExists.c.o: In function `main':
CheckSymbolExists.c:(.text+0x1b): undefined reference to `pthread_create'
collect2: error: ld returned 1 exit status
CMakeFiles/cmTC_6386a.dir/build.make:97: recipe for target 'cmTC_6386a' failed
make[1]: *** [cmTC_6386a] Error 1
make[1]: Leaving directory '/home/mikroszolos/kcl/robotics/ros/ws_moveit/build/moveit_jog_arm/CMakeFiles/CMakeTmp'
Makefile:126: recipe for target 'cmTC_6386a/fast' failed
make: *** [cmTC_6386a/fast] Error 2

File /home/mikroszolos/kcl/robotics/ros/ws_moveit/build/moveit_jog_arm/CMakeFiles/CMakeTmp/CheckSymbolExists.c:
/* */
#include <pthread.h>

int main(int argc, char** argv)
{
  (void)argv;
#ifndef pthread_create
  return ((int*)(&pthread_create))[argc];
#else
  (void)argc;
  return 0;
#endif
}

Determining if the function pthread_create exists in the pthreads failed with the following output:
Change Dir: /home/mikroszolos/kcl/robotics/ros/ws_moveit/build/moveit_jog_arm/CMakeFiles/CMakeTmp

Run Build Command:"/usr/bin/make" "cmTC_75b34/fast"
/usr/bin/make -f CMakeFiles/cmTC_75b34.dir/build.make CMakeFiles/cmTC_75b34.dir/build
make[1]: Entering directory '/home/mikroszolos/kcl/robotics/ros/ws_moveit/build/moveit_jog_arm/CMakeFiles/CMakeTmp'
Building C object CMakeFiles/cmTC_75b34.dir/CheckFunctionExists.c.o
/usr/bin/cc   -DCHECK_FUNCTION_EXISTS=pthread_create   -o CMakeFiles/cmTC_75b34.dir/CheckFunctionExists.c.o   -c /usr/share/cmake-3.10/Modules/CheckFunctionExists.c
Linking C executable cmTC_75b34
/usr/bin/cmake -E cmake_link_script CMakeFiles/cmTC_75b34.dir/link.txt --verbose=1
/usr/bin/cc  -DCHECK_FUNCTION_EXISTS=pthread_create    -rdynamic CMakeFiles/cmTC_75b34.dir/CheckFunctionExists.c.o  -o cmTC_75b34 -lpthreads 
/usr/bin/ld: cannot find -lpthreads
collect2: error: ld returned 1 exit status
CMakeFiles/cmTC_75b34.dir/build.make:97: recipe for target 'cmTC_75b34' failed
make[1]: *** [cmTC_75b34] Error 1
make[1]: Leaving directory '/home/mikroszolos/kcl/robotics/ros/ws_moveit/build/moveit_jog_arm/CMakeFiles/CMakeTmp'
Makefile:126: recipe for target 'cmTC_75b34/fast' failed
make: *** [cmTC_75b34/fast] Error 2


