[1.000s] Invoking command in 'C:\kcl\robotics\ros\assignment2\src\py_pubsub': PUBLIC=%PUBLIC%
PyCharm Community Edition=C:\Program Files\JetBrains\PyCharm Community Edition 2019.2.3\bin; PYTHONPATH=C:\kcl\robotics\ros\assignment2\install\Lib\site-packages;%PYTHONPATH% c:\python37\python.exe setup.py egg_info --egg-base C:\kcl\robotics\ros\assignment2\build\py_pubsub build --build-base C:\kcl\robotics\ros\assignment2\build\py_pubsub\build install --prefix C:\kcl\robotics\ros\assignment2\install --record C:\kcl\robotics\ros\assignment2\build\py_pubsub\install.log --single-version-externally-managed
[1.391s] running egg_info
[1.391s] creating C:\kcl\robotics\ros\assignment2\build\py_pubsub\py_pubsub.egg-info
[1.391s] writing C:\kcl\robotics\ros\assignment2\build\py_pubsub\py_pubsub.egg-info\PKG-INFO
[1.391s] writing dependency_links to C:\kcl\robotics\ros\assignment2\build\py_pubsub\py_pubsub.egg-info\dependency_links.txt
[1.391s] writing entry points to C:\kcl\robotics\ros\assignment2\build\py_pubsub\py_pubsub.egg-info\entry_points.txt
[1.391s] writing requirements to C:\kcl\robotics\ros\assignment2\build\py_pubsub\py_pubsub.egg-info\requires.txt
[1.391s] writing top-level names to C:\kcl\robotics\ros\assignment2\build\py_pubsub\py_pubsub.egg-info\top_level.txt
[1.391s] writing manifest file 'C:\kcl\robotics\ros\assignment2\build\py_pubsub\py_pubsub.egg-info\SOURCES.txt'
[1.422s] reading manifest file 'C:\kcl\robotics\ros\assignment2\build\py_pubsub\py_pubsub.egg-info\SOURCES.txt'
[1.422s] writing manifest file 'C:\kcl\robotics\ros\assignment2\build\py_pubsub\py_pubsub.egg-info\SOURCES.txt'
[1.422s] running build
[1.422s] running build_py
[1.422s] creating C:\kcl\robotics\ros\assignment2\build\py_pubsub\build
[1.422s] creating C:\kcl\robotics\ros\assignment2\build\py_pubsub\build\lib
[1.422s] creating C:\kcl\robotics\ros\assignment2\build\py_pubsub\build\lib\py_pubsub
[1.422s] copying py_pubsub\publisher_member_function.py -> C:\kcl\robotics\ros\assignment2\build\py_pubsub\build\lib\py_pubsub
[1.422s] copying py_pubsub\subscriber_member_function.py -> C:\kcl\robotics\ros\assignment2\build\py_pubsub\build\lib\py_pubsub
[1.422s] copying py_pubsub\__init__.py -> C:\kcl\robotics\ros\assignment2\build\py_pubsub\build\lib\py_pubsub
[1.422s] running install
[1.422s] running install_lib
[1.422s] creating C:\kcl\robotics\ros\assignment2\install\Lib\site-packages\py_pubsub
[1.438s] copying C:\kcl\robotics\ros\assignment2\build\py_pubsub\build\lib\py_pubsub\publisher_member_function.py -> C:\kcl\robotics\ros\assignment2\install\Lib\site-packages\py_pubsub
[1.438s] copying C:\kcl\robotics\ros\assignment2\build\py_pubsub\build\lib\py_pubsub\subscriber_member_function.py -> C:\kcl\robotics\ros\assignment2\install\Lib\site-packages\py_pubsub
[1.438s] copying C:\kcl\robotics\ros\assignment2\build\py_pubsub\build\lib\py_pubsub\__init__.py -> C:\kcl\robotics\ros\assignment2\install\Lib\site-packages\py_pubsub
[1.438s] byte-compiling C:\kcl\robotics\ros\assignment2\install\Lib\site-packages\py_pubsub\publisher_member_function.py to publisher_member_function.cpython-37.pyc
[1.438s] byte-compiling C:\kcl\robotics\ros\assignment2\install\Lib\site-packages\py_pubsub\subscriber_member_function.py to subscriber_member_function.cpython-37.pyc
[1.438s] byte-compiling C:\kcl\robotics\ros\assignment2\install\Lib\site-packages\py_pubsub\__init__.py to __init__.cpython-37.pyc
[1.438s] running install_data
[1.438s] copying resource\py_pubsub -> C:\kcl\robotics\ros\assignment2\install\share\ament_index\resource_index\packages
[1.438s] copying package.xml -> C:\kcl\robotics\ros\assignment2\install\share\py_pubsub
[1.438s] running install_egg_info
[1.453s] Copying C:\kcl\robotics\ros\assignment2\build\py_pubsub\py_pubsub.egg-info to C:\kcl\robotics\ros\assignment2\install\Lib\site-packages\py_pubsub-0.0.0-py3.7.egg-info
[1.469s] running install_scripts
[1.500s] Installing listener-script.py script to C:\kcl\robotics\ros\assignment2\install\lib\py_pubsub
[1.500s] Installing listener.exe script to C:\kcl\robotics\ros\assignment2\install\lib\py_pubsub
[1.500s] Installing talker-script.py script to C:\kcl\robotics\ros\assignment2\install\lib\py_pubsub
[1.500s] Installing talker.exe script to C:\kcl\robotics\ros\assignment2\install\lib\py_pubsub
[1.500s] writing list of installed files to 'C:\kcl\robotics\ros\assignment2\build\py_pubsub\install.log'
[1.531s] Invoked command in 'C:\kcl\robotics\ros\assignment2\src\py_pubsub' returned '0': PUBLIC=%PUBLIC%
PyCharm Community Edition=C:\Program Files\JetBrains\PyCharm Community Edition 2019.2.3\bin; PYTHONPATH=C:\kcl\robotics\ros\assignment2\install\Lib\site-packages;%PYTHONPATH% c:\python37\python.exe setup.py egg_info --egg-base C:\kcl\robotics\ros\assignment2\build\py_pubsub build --build-base C:\kcl\robotics\ros\assignment2\build\py_pubsub\build install --prefix C:\kcl\robotics\ros\assignment2\install --record C:\kcl\robotics\ros\assignment2\build\py_pubsub\install.log --single-version-externally-managed
