[3.609s] -- The C compiler identification is MSVC 19.24.28316.0
[5.625s] -- The CXX compiler identification is MSVC 19.24.28316.0
[5.781s] -- Check for working C compiler: C:/Program Files (x86)/Microsoft Visual Studio/2019/Community/VC/Tools/MSVC/14.24.28314/bin/Hostx64/x64/cl.exe
[7.546s] -- Check for working C compiler: C:/Program Files (x86)/Microsoft Visual Studio/2019/Community/VC/Tools/MSVC/14.24.28314/bin/Hostx64/x64/cl.exe -- works
[7.578s] -- Detecting C compiler ABI info
[9.343s] -- Detecting C compiler ABI info - done
[9.390s] -- Detecting C compile features
[9.390s] -- Detecting C compile features - done
[9.421s] -- Check for working CXX compiler: C:/Program Files (x86)/Microsoft Visual Studio/2019/Community/VC/Tools/MSVC/14.24.28314/bin/Hostx64/x64/cl.exe
[11.062s] -- Check for working CXX compiler: C:/Program Files (x86)/Microsoft Visual Studio/2019/Community/VC/Tools/MSVC/14.24.28314/bin/Hostx64/x64/cl.exe -- works
[11.062s] -- Detecting CXX compiler ABI info
[12.875s] -- Detecting CXX compiler ABI info - done
[12.906s] -- Detecting CXX compile features
[12.921s] -- Detecting CXX compile features - done
[12.953s] -- Found ament_cmake: 0.8.2 (C:/dev/ros2_eloquent/share/ament_cmake/cmake)
[13.312s] -- Found PythonInterp: C:/Python37/python.exe (found suitable version "3.7.5", minimum required is "3") 
[13.312s] -- Using PYTHON_EXECUTABLE: C:/Python37/python.exe
[14.062s] -- Override CMake install command with custom implementation using symlinks instead of copying resources
[15.671s] -- Found rclcpp: 0.8.4 (C:/dev/ros2_eloquent/share/rclcpp/cmake)
[16.453s] -- Found rosidl_adapter: 0.8.2 (C:/dev/ros2_eloquent/share/rosidl_adapter/cmake)
[17.640s] -- Found rmw_implementation_cmake: 0.8.1 (C:/dev/ros2_eloquent/share/rmw_implementation_cmake/cmake)
[17.671s] -- Using RMW implementation 'rmw_fastrtps_cpp' as default
[17.718s] -- Looking for pthread.h
[18.796s] -- Looking for pthread.h - not found
[18.796s] -- Found Threads: TRUE  
[19.921s] -- Configuring done
[20.203s] -- Generating done
[20.296s] -- Build files have been written to: C:/kcl/robotics/ros/ros2_example_ws/build/examples_rclcpp_minimal_timer
[20.750s] Microsoft (R) Build Engine version 16.4.0+e901037fe for .NET Framework
[20.750s] Copyright (C) Microsoft Corporation. All rights reserved.
[20.750s] 
[21.531s]   Checking Build System
[22.031s]   Building Custom Rule C:/kcl/robotics/ros/ros2_example_ws/src/examples/rclcpp/minimal_timer/CMakeLists.txt
[22.593s]   lambda.cpp
[27.828s]   timer_lambda.vcxproj -> C:\kcl\robotics\ros\ros2_example_ws\build\examples_rclcpp_minimal_timer\Release\timer_lambda.exe
[29.015s]   Building Custom Rule C:/kcl/robotics/ros/ros2_example_ws/src/examples/rclcpp/minimal_timer/CMakeLists.txt
[30.250s]   member_function.cpp
[34.703s]   timer_member_function.vcxproj -> C:\kcl\robotics\ros\ros2_example_ws\build\examples_rclcpp_minimal_timer\Release\timer_member_function.exe
[35.296s]   Building Custom Rule C:/kcl/robotics/ros/ros2_example_ws/src/examples/rclcpp/minimal_timer/CMakeLists.txt
[37.437s] Microsoft (R) Build Engine version 16.4.0+e901037fe for .NET Framework
[37.437s] Copyright (C) Microsoft Corporation. All rights reserved.
[37.437s] 
[37.531s]   timer_lambda.vcxproj -> C:\kcl\robotics\ros\ros2_example_ws\build\examples_rclcpp_minimal_timer\Release\timer_lambda.exe
[38.562s]   timer_member_function.vcxproj -> C:\kcl\robotics\ros\ros2_example_ws\build\examples_rclcpp_minimal_timer\Release\timer_member_function.exe
[38.562s]   -- Install configuration: "Release"
[38.562s]   -- Execute custom install script
[38.562s]   -- Symlinking: C:/kcl/robotics/ros/ros2_example_ws/install/examples_rclcpp_minimal_timer/lib/examples_rclcpp_minimal_timer/timer_lambda.exe
[38.562s]   -- Symlinking: C:/kcl/robotics/ros/ros2_example_ws/install/examples_rclcpp_minimal_timer/lib/examples_rclcpp_minimal_timer/timer_member_function.exe
[38.593s]   -- Symlinking: C:/kcl/robotics/ros/ros2_example_ws/install/examples_rclcpp_minimal_timer/share/ament_index/resource_index/package_run_dependencies/examples_rclcpp_minimal_timer
[38.750s]   -- Symlinking: C:/kcl/robotics/ros/ros2_example_ws/install/examples_rclcpp_minimal_timer/share/ament_index/resource_index/parent_prefix_path/examples_rclcpp_minimal_timer
[38.906s]   -- Symlinking: C:/kcl/robotics/ros/ros2_example_ws/install/examples_rclcpp_minimal_timer/share/examples_rclcpp_minimal_timer/environment/ament_prefix_path.bat
[39.093s]   -- Symlinking: C:/kcl/robotics/ros/ros2_example_ws/install/examples_rclcpp_minimal_timer/share/examples_rclcpp_minimal_timer/environment/ament_prefix_path.dsv
[39.250s]   -- Symlinking: C:/kcl/robotics/ros/ros2_example_ws/install/examples_rclcpp_minimal_timer/share/examples_rclcpp_minimal_timer/environment/path.bat
[39.406s]   -- Symlinking: C:/kcl/robotics/ros/ros2_example_ws/install/examples_rclcpp_minimal_timer/share/examples_rclcpp_minimal_timer/environment/path.dsv
[39.625s]   -- Symlinking: C:/kcl/robotics/ros/ros2_example_ws/install/examples_rclcpp_minimal_timer/share/examples_rclcpp_minimal_timer/local_setup.bat
[39.843s]   -- Symlinking: C:/kcl/robotics/ros/ros2_example_ws/install/examples_rclcpp_minimal_timer/share/examples_rclcpp_minimal_timer/local_setup.dsv
[40.015s]   -- Symlinking: C:/kcl/robotics/ros/ros2_example_ws/install/examples_rclcpp_minimal_timer/share/examples_rclcpp_minimal_timer/package.dsv
[40.187s]   -- Symlinking: C:/kcl/robotics/ros/ros2_example_ws/install/examples_rclcpp_minimal_timer/share/ament_index/resource_index/packages/examples_rclcpp_minimal_timer
[40.765s]   -- Symlinking: C:/kcl/robotics/ros/ros2_example_ws/install/examples_rclcpp_minimal_timer/share/examples_rclcpp_minimal_timer/cmake/examples_rclcpp_minimal_timerConfig.cmake
[41.296s]   -- Symlinking: C:/kcl/robotics/ros/ros2_example_ws/install/examples_rclcpp_minimal_timer/share/examples_rclcpp_minimal_timer/cmake/examples_rclcpp_minimal_timerConfig-version.cmake
[42.890s]   -- Symlinking: C:/kcl/robotics/ros/ros2_example_ws/install/examples_rclcpp_minimal_timer/share/examples_rclcpp_minimal_timer/package.xml
