[0.515s] Invoking command in 'C:\kcl\robotics\ros\ros2_example_ws\build\joint_state_publisher': PUBLIC=%PUBLIC%
PyCharm Community Edition=C:\Program Files\JetBrains\PyCharm Community Edition 2019.2.3\bin; C:\Program Files\CMake\bin\cmake.EXE C:\kcl\robotics\ros\ros2_example_ws\src\examples\joint_state_publisher\joint_state_publisher -DCATKIN_INSTALL_INTO_PREFIX_ROOT=0 -DCMAKE_INSTALL_PREFIX=C:\kcl\robotics\ros\ros2_example_ws\install\joint_state_publisher -G Visual Studio 16 2019
[3.234s] -- The C compiler identification is MSVC 19.24.28316.0
[5.281s] -- The CXX compiler identification is MSVC 19.24.28316.0
[5.406s] -- Check for working C compiler: C:/Program Files (x86)/Microsoft Visual Studio/2019/Community/VC/Tools/MSVC/14.24.28314/bin/Hostx64/x64/cl.exe
[7.375s] -- Check for working C compiler: C:/Program Files (x86)/Microsoft Visual Studio/2019/Community/VC/Tools/MSVC/14.24.28314/bin/Hostx64/x64/cl.exe -- works
[7.375s] -- Detecting C compiler ABI info
[9.281s] -- Detecting C compiler ABI info - done
[9.328s] -- Detecting C compile features
[9.343s] -- Detecting C compile features - done
[9.390s] -- Check for working CXX compiler: C:/Program Files (x86)/Microsoft Visual Studio/2019/Community/VC/Tools/MSVC/14.24.28314/bin/Hostx64/x64/cl.exe
[11.343s] -- Check for working CXX compiler: C:/Program Files (x86)/Microsoft Visual Studio/2019/Community/VC/Tools/MSVC/14.24.28314/bin/Hostx64/x64/cl.exe -- works
[11.343s] -- Detecting CXX compiler ABI info
[13.750s] -- Detecting CXX compiler ABI info - done
[13.750s] -- Detecting CXX compile features
[13.750s] -- Detecting CXX compile features - done
[13.750s] -- Configuring incomplete, errors occurred!
[13.750s] See also "C:/kcl/robotics/ros/ros2_example_ws/build/joint_state_publisher/CMakeFiles/CMakeOutput.log".
[13.750s] CMake Error at CMakeLists.txt:4 (find_package):
[13.750s]   By not providing "Findcatkin.cmake" in CMAKE_MODULE_PATH this project has
[13.750s]   asked CMake to find a package configuration file provided by "catkin", but
[13.765s]   CMake did not find one.
[13.765s] 
[13.765s]   Could not find a package configuration file provided by "catkin" with any
[13.765s]   of the following names:
[13.765s] 
[13.765s]     catkinConfig.cmake
[13.765s]     catkin-config.cmake
[13.765s] 
[13.765s]   Add the installation prefix of "catkin" to CMAKE_PREFIX_PATH or set
[13.765s]   "catkin_DIR" to a directory containing one of the above files.  If "catkin"
[13.765s]   provides a separate development package or SDK, be sure it has been
[13.781s]   installed.
[13.781s] 
[13.781s] 
[13.875s] Invoked command in 'C:\kcl\robotics\ros\ros2_example_ws\build\joint_state_publisher' returned '1': PUBLIC=%PUBLIC%
PyCharm Community Edition=C:\Program Files\JetBrains\PyCharm Community Edition 2019.2.3\bin; C:\Program Files\CMake\bin\cmake.EXE C:\kcl\robotics\ros\ros2_example_ws\src\examples\joint_state_publisher\joint_state_publisher -DCATKIN_INSTALL_INTO_PREFIX_ROOT=0 -DCMAKE_INSTALL_PREFIX=C:\kcl\robotics\ros\ros2_example_ws\install\joint_state_publisher -G Visual Studio 16 2019
