[0.375s] Invoking command in 'C:\kcl\robotics\ros\ros2_example_ws\build\examples_rclcpp_minimal_client': CMAKE_PREFIX_PATH=%CMAKE_PREFIX_PATH%;C:\kcl\robotics\ros\ros2_example_ws\install\examples_rclpy_minimal_subscriber;C:\kcl\robotics\ros\ros2_example_ws\install\examples_rclpy_minimal_service;C:\kcl\robotics\ros\ros2_example_ws\install\examples_rclpy_minimal_publisher;C:\kcl\robotics\ros\ros2_example_ws\install\examples_rclpy_minimal_client;C:\kcl\robotics\ros\ros2_example_ws\install\examples_rclpy_minimal_action_server;C:\kcl\robotics\ros\ros2_example_ws\install\examples_rclpy_minimal_action_client;C:\kcl\robotics\ros\ros2_example_ws\install\examples_rclpy_executors PUBLIC=%PUBLIC%
PyCharm Community Edition=C:\Program Files\JetBrains\PyCharm Community Edition 2019.2.3\bin; C:\Program Files\CMake\bin\cmake.EXE C:\kcl\robotics\ros\ros2_example_ws\src\examples\rclcpp\minimal_client -DAMENT_CMAKE_SYMLINK_INSTALL=1 -DCMAKE_INSTALL_PREFIX=C:\kcl\robotics\ros\ros2_example_ws\install\examples_rclcpp_minimal_client
[0.625s] -- Found ament_cmake: 0.8.2 (C:/dev/ros2_eloquent/share/ament_cmake/cmake)
[0.641s] -- Using PYTHON_EXECUTABLE: C:/Python37/python.exe
[1.360s] -- Override CMake install command with custom implementation using symlinks instead of copying resources
[1.469s] -- Found example_interfaces: 0.7.1 (C:/dev/ros2_eloquent/share/example_interfaces/cmake)
[1.547s] -- Found rosidl_adapter: 0.8.2 (C:/dev/ros2_eloquent/share/rosidl_adapter/cmake)
[1.719s] -- Found rclcpp: 0.8.4 (C:/dev/ros2_eloquent/share/rclcpp/cmake)
[1.797s] -- Found rmw_implementation_cmake: 0.8.1 (C:/dev/ros2_eloquent/share/rmw_implementation_cmake/cmake)
[1.813s] -- Using RMW implementation 'rmw_fastrtps_cpp' as default
[2.578s] -- Configuring done
[3.031s] -- Generating done
[3.047s] -- Build files have been written to: C:/kcl/robotics/ros/ros2_example_ws/build/examples_rclcpp_minimal_client
[3.078s] Invoked command in 'C:\kcl\robotics\ros\ros2_example_ws\build\examples_rclcpp_minimal_client' returned '0': CMAKE_PREFIX_PATH=%CMAKE_PREFIX_PATH%;C:\kcl\robotics\ros\ros2_example_ws\install\examples_rclpy_minimal_subscriber;C:\kcl\robotics\ros\ros2_example_ws\install\examples_rclpy_minimal_service;C:\kcl\robotics\ros\ros2_example_ws\install\examples_rclpy_minimal_publisher;C:\kcl\robotics\ros\ros2_example_ws\install\examples_rclpy_minimal_client;C:\kcl\robotics\ros\ros2_example_ws\install\examples_rclpy_minimal_action_server;C:\kcl\robotics\ros\ros2_example_ws\install\examples_rclpy_minimal_action_client;C:\kcl\robotics\ros\ros2_example_ws\install\examples_rclpy_executors PUBLIC=%PUBLIC%
PyCharm Community Edition=C:\Program Files\JetBrains\PyCharm Community Edition 2019.2.3\bin; C:\Program Files\CMake\bin\cmake.EXE C:\kcl\robotics\ros\ros2_example_ws\src\examples\rclcpp\minimal_client -DAMENT_CMAKE_SYMLINK_INSTALL=1 -DCMAKE_INSTALL_PREFIX=C:\kcl\robotics\ros\ros2_example_ws\install\examples_rclcpp_minimal_client
[3.078s] Invoking command in 'C:\kcl\robotics\ros\ros2_example_ws\build\examples_rclcpp_minimal_client': CL=/MP CMAKE_PREFIX_PATH=%CMAKE_PREFIX_PATH%;C:\kcl\robotics\ros\ros2_example_ws\install\examples_rclpy_minimal_subscriber;C:\kcl\robotics\ros\ros2_example_ws\install\examples_rclpy_minimal_service;C:\kcl\robotics\ros\ros2_example_ws\install\examples_rclpy_minimal_publisher;C:\kcl\robotics\ros\ros2_example_ws\install\examples_rclpy_minimal_client;C:\kcl\robotics\ros\ros2_example_ws\install\examples_rclpy_minimal_action_server;C:\kcl\robotics\ros\ros2_example_ws\install\examples_rclpy_minimal_action_client;C:\kcl\robotics\ros\ros2_example_ws\install\examples_rclpy_executors PUBLIC=%PUBLIC%
PyCharm Community Edition=C:\Program Files\JetBrains\PyCharm Community Edition 2019.2.3\bin; C:\Program Files\CMake\bin\cmake.EXE --build C:\kcl\robotics\ros\ros2_example_ws\build\examples_rclcpp_minimal_client --config Release
[3.375s] Microsoft (R) Build Engine version 16.4.0+e901037fe for .NET Framework
[3.375s] Copyright (C) Microsoft Corporation. All rights reserved.
[3.375s] 
[4.188s]   Checking Build System
[5.031s]   Building Custom Rule C:/kcl/robotics/ros/ros2_example_ws/src/examples/rclcpp/minimal_client/CMakeLists.txt
[5.453s]   client_main.vcxproj -> C:\kcl\robotics\ros\ros2_example_ws\build\examples_rclcpp_minimal_client\Release\client_main.exe
[5.656s]   Building Custom Rule C:/kcl/robotics/ros/ros2_example_ws/src/examples/rclcpp/minimal_client/CMakeLists.txt
[5.953s] Invoked command in 'C:\kcl\robotics\ros\ros2_example_ws\build\examples_rclcpp_minimal_client' returned '0': CL=/MP CMAKE_PREFIX_PATH=%CMAKE_PREFIX_PATH%;C:\kcl\robotics\ros\ros2_example_ws\install\examples_rclpy_minimal_subscriber;C:\kcl\robotics\ros\ros2_example_ws\install\examples_rclpy_minimal_service;C:\kcl\robotics\ros\ros2_example_ws\install\examples_rclpy_minimal_publisher;C:\kcl\robotics\ros\ros2_example_ws\install\examples_rclpy_minimal_client;C:\kcl\robotics\ros\ros2_example_ws\install\examples_rclpy_minimal_action_server;C:\kcl\robotics\ros\ros2_example_ws\install\examples_rclpy_minimal_action_client;C:\kcl\robotics\ros\ros2_example_ws\install\examples_rclpy_executors PUBLIC=%PUBLIC%
PyCharm Community Edition=C:\Program Files\JetBrains\PyCharm Community Edition 2019.2.3\bin; C:\Program Files\CMake\bin\cmake.EXE --build C:\kcl\robotics\ros\ros2_example_ws\build\examples_rclcpp_minimal_client --config Release
[5.953s] Invoking command in 'C:\kcl\robotics\ros\ros2_example_ws\build\examples_rclcpp_minimal_client': CMAKE_PREFIX_PATH=%CMAKE_PREFIX_PATH%;C:\kcl\robotics\ros\ros2_example_ws\install\examples_rclpy_minimal_subscriber;C:\kcl\robotics\ros\ros2_example_ws\install\examples_rclpy_minimal_service;C:\kcl\robotics\ros\ros2_example_ws\install\examples_rclpy_minimal_publisher;C:\kcl\robotics\ros\ros2_example_ws\install\examples_rclpy_minimal_client;C:\kcl\robotics\ros\ros2_example_ws\install\examples_rclpy_minimal_action_server;C:\kcl\robotics\ros\ros2_example_ws\install\examples_rclpy_minimal_action_client;C:\kcl\robotics\ros\ros2_example_ws\install\examples_rclpy_executors PUBLIC=%PUBLIC%
PyCharm Community Edition=C:\Program Files\JetBrains\PyCharm Community Edition 2019.2.3\bin; C:\Program Files\CMake\bin\cmake.EXE --build C:\kcl\robotics\ros\ros2_example_ws\build\examples_rclcpp_minimal_client --target install --config Release
[6.250s] Microsoft (R) Build Engine version 16.4.0+e901037fe for .NET Framework
[6.250s] Copyright (C) Microsoft Corporation. All rights reserved.
[6.250s] 
[7.188s]   client_main.vcxproj -> C:\kcl\robotics\ros\ros2_example_ws\build\examples_rclcpp_minimal_client\Release\client_main.exe
[7.735s]   -- Install configuration: "Release"
[7.750s]   -- Execute custom install script
[7.750s]   -- Symlinking: C:/kcl/robotics/ros/ros2_example_ws/install/examples_rclcpp_minimal_client/lib/examples_rclcpp_minimal_client/client_main.exe
[7.922s]   -- Symlinking: C:/kcl/robotics/ros/ros2_example_ws/install/examples_rclcpp_minimal_client/share/ament_index/resource_index/package_run_dependencies/examples_rclcpp_minimal_client
[8.125s]   -- Symlinking: C:/kcl/robotics/ros/ros2_example_ws/install/examples_rclcpp_minimal_client/share/ament_index/resource_index/parent_prefix_path/examples_rclcpp_minimal_client
[8.360s]   -- Symlinking: C:/kcl/robotics/ros/ros2_example_ws/install/examples_rclcpp_minimal_client/share/examples_rclcpp_minimal_client/environment/ament_prefix_path.bat
[8.547s]   -- Symlinking: C:/kcl/robotics/ros/ros2_example_ws/install/examples_rclcpp_minimal_client/share/examples_rclcpp_minimal_client/environment/ament_prefix_path.dsv
[8.750s]   -- Symlinking: C:/kcl/robotics/ros/ros2_example_ws/install/examples_rclcpp_minimal_client/share/examples_rclcpp_minimal_client/environment/path.bat
[8.922s]   -- Symlinking: C:/kcl/robotics/ros/ros2_example_ws/install/examples_rclcpp_minimal_client/share/examples_rclcpp_minimal_client/environment/path.dsv
[9.156s]   -- Symlinking: C:/kcl/robotics/ros/ros2_example_ws/install/examples_rclcpp_minimal_client/share/examples_rclcpp_minimal_client/local_setup.bat
[9.360s]   -- Symlinking: C:/kcl/robotics/ros/ros2_example_ws/install/examples_rclcpp_minimal_client/share/examples_rclcpp_minimal_client/local_setup.dsv
[9.531s]   -- Symlinking: C:/kcl/robotics/ros/ros2_example_ws/install/examples_rclcpp_minimal_client/share/examples_rclcpp_minimal_client/package.dsv
[9.719s]   -- Symlinking: C:/kcl/robotics/ros/ros2_example_ws/install/examples_rclcpp_minimal_client/share/ament_index/resource_index/packages/examples_rclcpp_minimal_client
[9.906s]   -- Symlinking: C:/kcl/robotics/ros/ros2_example_ws/install/examples_rclcpp_minimal_client/share/examples_rclcpp_minimal_client/cmake/examples_rclcpp_minimal_clientConfig.cmake
[10.078s]   -- Symlinking: C:/kcl/robotics/ros/ros2_example_ws/install/examples_rclcpp_minimal_client/share/examples_rclcpp_minimal_client/cmake/examples_rclcpp_minimal_clientConfig-version.cmake
[10.281s]   -- Symlinking: C:/kcl/robotics/ros/ros2_example_ws/install/examples_rclcpp_minimal_client/share/examples_rclcpp_minimal_client/package.xml
[10.547s] Invoked command in 'C:\kcl\robotics\ros\ros2_example_ws\build\examples_rclcpp_minimal_client' returned '0': CMAKE_PREFIX_PATH=%CMAKE_PREFIX_PATH%;C:\kcl\robotics\ros\ros2_example_ws\install\examples_rclpy_minimal_subscriber;C:\kcl\robotics\ros\ros2_example_ws\install\examples_rclpy_minimal_service;C:\kcl\robotics\ros\ros2_example_ws\install\examples_rclpy_minimal_publisher;C:\kcl\robotics\ros\ros2_example_ws\install\examples_rclpy_minimal_client;C:\kcl\robotics\ros\ros2_example_ws\install\examples_rclpy_minimal_action_server;C:\kcl\robotics\ros\ros2_example_ws\install\examples_rclpy_minimal_action_client;C:\kcl\robotics\ros\ros2_example_ws\install\examples_rclpy_executors PUBLIC=%PUBLIC%
PyCharm Community Edition=C:\Program Files\JetBrains\PyCharm Community Edition 2019.2.3\bin; C:\Program Files\CMake\bin\cmake.EXE --build C:\kcl\robotics\ros\ros2_example_ws\build\examples_rclcpp_minimal_client --target install --config Release
