[0.844s] Invoking command in 'C:\kcl\robotics\ros\ros2_example_ws\build\examples_rclcpp_minimal_composition': PUBLIC=%PUBLIC%
PyCharm Community Edition=C:\Program Files\JetBrains\PyCharm Community Edition 2019.2.3\bin; C:\Program Files\CMake\bin\cmake.EXE C:\kcl\robotics\ros\ros2_example_ws\src\examples\rclcpp\minimal_composition -DAMENT_CMAKE_SYMLINK_INSTALL=1 -DCMAKE_INSTALL_PREFIX=C:\kcl\robotics\ros\ros2_example_ws\install\examples_rclcpp_minimal_composition -G Visual Studio 16 2019
[3.813s] -- The C compiler identification is MSVC 19.24.28316.0
[5.813s] -- The CXX compiler identification is MSVC 19.24.28316.0
[5.985s] -- Check for working C compiler: C:/Program Files (x86)/Microsoft Visual Studio/2019/Community/VC/Tools/MSVC/14.24.28314/bin/Hostx64/x64/cl.exe
[7.891s] -- Check for working C compiler: C:/Program Files (x86)/Microsoft Visual Studio/2019/Community/VC/Tools/MSVC/14.24.28314/bin/Hostx64/x64/cl.exe -- works
[7.907s] -- Detecting C compiler ABI info
[9.672s] -- Detecting C compiler ABI info - done
[9.704s] -- Detecting C compile features
[9.704s] -- Detecting C compile features - done
[9.735s] -- Check for working CXX compiler: C:/Program Files (x86)/Microsoft Visual Studio/2019/Community/VC/Tools/MSVC/14.24.28314/bin/Hostx64/x64/cl.exe
[11.360s] -- Check for working CXX compiler: C:/Program Files (x86)/Microsoft Visual Studio/2019/Community/VC/Tools/MSVC/14.24.28314/bin/Hostx64/x64/cl.exe -- works
[11.375s] -- Detecting CXX compiler ABI info
[13.266s] -- Detecting CXX compiler ABI info - done
[13.282s] -- Detecting CXX compile features
[13.282s] -- Detecting CXX compile features - done
[13.360s] -- Found ament_cmake: 0.8.2 (C:/dev/ros2_eloquent/share/ament_cmake/cmake)
[13.625s] -- Found PythonInterp: C:/Python37/python.exe (found suitable version "3.7.5", minimum required is "3") 
[13.625s] -- Using PYTHON_EXECUTABLE: C:/Python37/python.exe
[14.266s] -- Override CMake install command with custom implementation using symlinks instead of copying resources
[15.875s] -- Found rclcpp: 0.8.4 (C:/dev/ros2_eloquent/share/rclcpp/cmake)
[16.657s] -- Found rosidl_adapter: 0.8.2 (C:/dev/ros2_eloquent/share/rosidl_adapter/cmake)
[17.844s] -- Found rmw_implementation_cmake: 0.8.1 (C:/dev/ros2_eloquent/share/rmw_implementation_cmake/cmake)
[17.875s] -- Using RMW implementation 'rmw_fastrtps_cpp' as default
[17.922s] -- Looking for pthread.h
[18.907s] -- Looking for pthread.h - not found
[18.907s] -- Found Threads: TRUE  
[19.797s] -- Found rclcpp_components: 0.8.4 (C:/dev/ros2_eloquent/share/rclcpp_components/cmake)
[19.907s] -- Found poco_vendor:  (C:/dev/ros2_eloquent/share/poco_vendor/cmake)
[20.063s] -- Found std_msgs: 0.8.1 (C:/dev/ros2_eloquent/share/std_msgs/cmake)
[20.719s] -- Configuring done
[21.250s] -- Generating done
[21.250s] -- Build files have been written to: C:/kcl/robotics/ros/ros2_example_ws/build/examples_rclcpp_minimal_composition
[21.250s] Invoked command in 'C:\kcl\robotics\ros\ros2_example_ws\build\examples_rclcpp_minimal_composition' returned '0': PUBLIC=%PUBLIC%
PyCharm Community Edition=C:\Program Files\JetBrains\PyCharm Community Edition 2019.2.3\bin; C:\Program Files\CMake\bin\cmake.EXE C:\kcl\robotics\ros\ros2_example_ws\src\examples\rclcpp\minimal_composition -DAMENT_CMAKE_SYMLINK_INSTALL=1 -DCMAKE_INSTALL_PREFIX=C:\kcl\robotics\ros\ros2_example_ws\install\examples_rclcpp_minimal_composition -G Visual Studio 16 2019
[21.266s] Invoking command in 'C:\kcl\robotics\ros\ros2_example_ws\build\examples_rclcpp_minimal_composition': CL=/MP PUBLIC=%PUBLIC%
PyCharm Community Edition=C:\Program Files\JetBrains\PyCharm Community Edition 2019.2.3\bin; C:\Program Files\CMake\bin\cmake.EXE --build C:\kcl\robotics\ros\ros2_example_ws\build\examples_rclcpp_minimal_composition --config Release
[21.610s] Microsoft (R) Build Engine version 16.4.0+e901037fe for .NET Framework
[21.610s] Copyright (C) Microsoft Corporation. All rights reserved.
[21.610s] 
[22.297s]   Checking Build System
[22.875s]   Building Custom Rule C:/kcl/robotics/ros/ros2_example_ws/src/examples/rclcpp/minimal_composition/CMakeLists.txt
[23.641s]   publisher_node.cpp
[23.672s]   subscriber_node.cpp
[30.407s]      Creating library C:/kcl/robotics/ros/ros2_example_ws/build/examples_rclcpp_minimal_composition/Release/composition_nodes.lib and object C:/kcl/robotics/ros/ros2_example_ws/build/examples_rclcpp_minimal_composition/Release/composition_nodes.exp
[30.704s]   composition_nodes.vcxproj -> C:\kcl\robotics\ros\ros2_example_ws\build\examples_rclcpp_minimal_composition\Release\composition_nodes.dll
[30.860s]   Building Custom Rule C:/kcl/robotics/ros/ros2_example_ws/src/examples/rclcpp/minimal_composition/CMakeLists.txt
[31.329s]   composed.cpp
[36.172s]   composition_composed.vcxproj -> C:\kcl\robotics\ros\ros2_example_ws\build\examples_rclcpp_minimal_composition\Release\composition_composed.exe
[36.563s]   Building Custom Rule C:/kcl/robotics/ros/ros2_example_ws/src/examples/rclcpp/minimal_composition/CMakeLists.txt
[37.641s]   standalone_publisher.cpp
[43.125s]   composition_publisher.vcxproj -> C:\kcl\robotics\ros\ros2_example_ws\build\examples_rclcpp_minimal_composition\Release\composition_publisher.exe
[43.125s]   Building Custom Rule C:/kcl/robotics/ros/ros2_example_ws/src/examples/rclcpp/minimal_composition/CMakeLists.txt
[43.125s]   standalone_subscriber.cpp
[46.391s]   composition_subscriber.vcxproj -> C:\kcl\robotics\ros\ros2_example_ws\build\examples_rclcpp_minimal_composition\Release\composition_subscriber.exe
[46.532s]   Building Custom Rule C:/kcl/robotics/ros/ros2_example_ws/src/examples/rclcpp/minimal_composition/CMakeLists.txt
[48.032s] Invoked command in 'C:\kcl\robotics\ros\ros2_example_ws\build\examples_rclcpp_minimal_composition' returned '0': CL=/MP PUBLIC=%PUBLIC%
PyCharm Community Edition=C:\Program Files\JetBrains\PyCharm Community Edition 2019.2.3\bin; C:\Program Files\CMake\bin\cmake.EXE --build C:\kcl\robotics\ros\ros2_example_ws\build\examples_rclcpp_minimal_composition --config Release
[48.032s] Invoking command in 'C:\kcl\robotics\ros\ros2_example_ws\build\examples_rclcpp_minimal_composition': PUBLIC=%PUBLIC%
PyCharm Community Edition=C:\Program Files\JetBrains\PyCharm Community Edition 2019.2.3\bin; C:\Program Files\CMake\bin\cmake.EXE --build C:\kcl\robotics\ros\ros2_example_ws\build\examples_rclcpp_minimal_composition --target install --config Release
[49.282s] Microsoft (R) Build Engine version 16.4.0+e901037fe for .NET Framework
[49.282s] Copyright (C) Microsoft Corporation. All rights reserved.
[49.282s] 
[49.297s]   composition_nodes.vcxproj -> C:\kcl\robotics\ros\ros2_example_ws\build\examples_rclcpp_minimal_composition\Release\composition_nodes.dll
[49.297s]   composition_composed.vcxproj -> C:\kcl\robotics\ros\ros2_example_ws\build\examples_rclcpp_minimal_composition\Release\composition_composed.exe
[49.375s]   composition_publisher.vcxproj -> C:\kcl\robotics\ros\ros2_example_ws\build\examples_rclcpp_minimal_composition\Release\composition_publisher.exe
[50.532s]   composition_subscriber.vcxproj -> C:\kcl\robotics\ros\ros2_example_ws\build\examples_rclcpp_minimal_composition\Release\composition_subscriber.exe
[50.532s]   -- Install configuration: "Release"
[50.532s]   -- Execute custom install script
[50.532s]   -- Symlinking: C:/kcl/robotics/ros/ros2_example_ws/install/examples_rclcpp_minimal_composition/bin/composition_nodes.dll
[50.532s]   -- Symlinking: C:/kcl/robotics/ros/ros2_example_ws/install/examples_rclcpp_minimal_composition/lib/examples_rclcpp_minimal_composition/composition_publisher.exe
[50.532s]   -- Symlinking: C:/kcl/robotics/ros/ros2_example_ws/install/examples_rclcpp_minimal_composition/lib/examples_rclcpp_minimal_composition/composition_subscriber.exe
[50.594s]   -- Symlinking: C:/kcl/robotics/ros/ros2_example_ws/install/examples_rclcpp_minimal_composition/lib/examples_rclcpp_minimal_composition/composition_composed.exe
[50.594s]   -- Symlinking: C:/kcl/robotics/ros/ros2_example_ws/install/examples_rclcpp_minimal_composition/share/ament_index/resource_index/package_run_dependencies/examples_rclcpp_minimal_composition
[50.610s]   -- Symlinking: C:/kcl/robotics/ros/ros2_example_ws/install/examples_rclcpp_minimal_composition/share/ament_index/resource_index/parent_prefix_path/examples_rclcpp_minimal_composition
[50.610s]   -- Symlinking: C:/kcl/robotics/ros/ros2_example_ws/install/examples_rclcpp_minimal_composition/share/examples_rclcpp_minimal_composition/environment/ament_prefix_path.bat
[50.610s]   -- Symlinking: C:/kcl/robotics/ros/ros2_example_ws/install/examples_rclcpp_minimal_composition/share/examples_rclcpp_minimal_composition/environment/ament_prefix_path.dsv
[51.266s]   -- Symlinking: C:/kcl/robotics/ros/ros2_example_ws/install/examples_rclcpp_minimal_composition/share/examples_rclcpp_minimal_composition/environment/path.bat
[51.266s]   -- Symlinking: C:/kcl/robotics/ros/ros2_example_ws/install/examples_rclcpp_minimal_composition/share/examples_rclcpp_minimal_composition/environment/path.dsv
[51.266s]   -- Symlinking: C:/kcl/robotics/ros/ros2_example_ws/install/examples_rclcpp_minimal_composition/share/examples_rclcpp_minimal_composition/local_setup.bat
[51.266s]   -- Symlinking: C:/kcl/robotics/ros/ros2_example_ws/install/examples_rclcpp_minimal_composition/share/examples_rclcpp_minimal_composition/local_setup.dsv
[51.266s]   -- Symlinking: C:/kcl/robotics/ros/ros2_example_ws/install/examples_rclcpp_minimal_composition/share/examples_rclcpp_minimal_composition/package.dsv
[51.266s]   -- Symlinking: C:/kcl/robotics/ros/ros2_example_ws/install/examples_rclcpp_minimal_composition/share/ament_index/resource_index/packages/examples_rclcpp_minimal_composition
[51.266s]   -- Symlinking: C:/kcl/robotics/ros/ros2_example_ws/install/examples_rclcpp_minimal_composition/share/examples_rclcpp_minimal_composition/cmake/examples_rclcpp_minimal_compositionConfig.cmake
[51.266s]   -- Symlinking: C:/kcl/robotics/ros/ros2_example_ws/install/examples_rclcpp_minimal_composition/share/examples_rclcpp_minimal_composition/cmake/examples_rclcpp_minimal_compositionConfig-version.cmake
[51.938s]   -- Symlinking: C:/kcl/robotics/ros/ros2_example_ws/install/examples_rclcpp_minimal_composition/share/examples_rclcpp_minimal_composition/package.xml
[51.954s] Invoked command in 'C:\kcl\robotics\ros\ros2_example_ws\build\examples_rclcpp_minimal_composition' returned '0': PUBLIC=%PUBLIC%
PyCharm Community Edition=C:\Program Files\JetBrains\PyCharm Community Edition 2019.2.3\bin; C:\Program Files\CMake\bin\cmake.EXE --build C:\kcl\robotics\ros\ros2_example_ws\build\examples_rclcpp_minimal_composition --target install --config Release
