[35m[1mScanning dependencies of target ros_api_tutorial[0m
[  3%] [32mBuilding CXX object doc/kinematics/CMakeFiles/ros_api_tutorial.dir/src/ros_api_tutorial.cpp.o[0m
[  7%] [32m[1mLinking CXX executable /home/mikroszolos/kcl/robotics/ros/ws_moveit/devel/.private/moveit_tutorials/lib/moveit_tutorials/ros_api_tutorial[0m
[  7%] Built target ros_api_tutorial
[35m[1mScanning dependencies of target robot_model_and_robot_state_tutorial[0m
[ 10%] [32mBuilding CXX object doc/robot_model_and_robot_state/CMakeFiles/robot_model_and_robot_state_tutorial.dir/src/robot_model_and_robot_state_tutorial.cpp.o[0m
[ 14%] [32m[1mLinking CXX executable /home/mikroszolos/kcl/robotics/ros/ws_moveit/devel/.private/moveit_tutorials/lib/moveit_tutorials/robot_model_and_robot_state_tutorial[0m
[ 14%] Built target robot_model_and_robot_state_tutorial
[35m[1mScanning dependencies of target planning_scene_tutorial[0m
[ 17%] [32mBuilding CXX object doc/planning_scene/CMakeFiles/planning_scene_tutorial.dir/src/planning_scene_tutorial.cpp.o[0m
[ 21%] [32m[1mLinking CXX executable /home/mikroszolos/kcl/robotics/ros/ws_moveit/devel/.private/moveit_tutorials/lib/moveit_tutorials/planning_scene_tutorial[0m
[ 21%] Built target planning_scene_tutorial
[35m[1mScanning dependencies of target planning_scene_ros_api_tutorial[0m
[ 25%] [32mBuilding CXX object doc/planning_scene_ros_api/CMakeFiles/planning_scene_ros_api_tutorial.dir/src/planning_scene_ros_api_tutorial.cpp.o[0m
[ 28%] [32m[1mLinking CXX executable /home/mikroszolos/kcl/robotics/ros/ws_moveit/devel/.private/moveit_tutorials/lib/moveit_tutorials/planning_scene_ros_api_tutorial[0m
[ 28%] Built target planning_scene_ros_api_tutorial
[35m[1mScanning dependencies of target motion_planning_api_tutorial[0m
[ 32%] [32mBuilding CXX object doc/motion_planning_api/CMakeFiles/motion_planning_api_tutorial.dir/src/motion_planning_api_tutorial.cpp.o[0m
[ 35%] [32m[1mLinking CXX executable /home/mikroszolos/kcl/robotics/ros/ws_moveit/devel/.private/moveit_tutorials/lib/moveit_tutorials/motion_planning_api_tutorial[0m
[ 35%] Built target motion_planning_api_tutorial
[35m[1mScanning dependencies of target motion_planning_pipeline_tutorial[0m
[ 39%] [32mBuilding CXX object doc/motion_planning_pipeline/CMakeFiles/motion_planning_pipeline_tutorial.dir/src/motion_planning_pipeline_tutorial.cpp.o[0m
[ 42%] [32m[1mLinking CXX executable /home/mikroszolos/kcl/robotics/ros/ws_moveit/devel/.private/moveit_tutorials/lib/moveit_tutorials/motion_planning_pipeline_tutorial[0m
[ 42%] Built target motion_planning_pipeline_tutorial
[35m[1mScanning dependencies of target interactivity_utils[0m
[ 46%] [32mBuilding CXX object doc/interactivity/CMakeFiles/interactivity_utils.dir/src/interactive_robot.cpp.o[0m
[01m[K/home/mikroszolos/kcl/robotics/ros/ws_moveit/src/moveit_tutorials/doc/interactivity/src/interactive_robot.cpp:[m[K In member function ‘[01m[Kvoid InteractiveRobot::updateAll()[m[K’:
[01m[K/home/mikroszolos/kcl/robotics/ros/ws_moveit/src/moveit_tutorials/doc/interactivity/src/interactive_robot.cpp:235:76:[m[K [01;35m[Kwarning: [m[K‘[01m[Kbool moveit::core::RobotState::setFromIK(const moveit::core::JointModelGroup*, const Isometry3d&, unsigned int, double, const GroupStateValidityCallbackFn&, const kinematics::KinematicsQueryOptions&)[m[K’ is deprecated: The attempts argument is not supported anymore. [[01;35m[K-Wdeprecated-declarations[m[K]
   if (robot_state_->setFromIK(group_, desired_group_end_link_pose_, 10, 0.1[01;35m[K)[m[K)
                                                                            [01;35m[K^[m[K
In file included from [01m[K/home/mikroszolos/kcl/robotics/ros/ws_moveit/src/moveit_tutorials/doc/interactivity/include/interactivity/interactive_robot.h:45:0[m[K,
                 from [01m[K/home/mikroszolos/kcl/robotics/ros/ws_moveit/src/moveit_tutorials/doc/interactivity/src/interactive_robot.cpp:39[m[K:
[01m[K/opt/ros/melodic/include/moveit/robot_state/robot_state.h:995:3:[m[K [01;36m[Knote: [m[Kdeclared here
   [01;36m[KsetFromIK[m[K(const JointModelGroup* group, const Eigen::Isometry3d& pose, unsigned int attempts, double timeout = 0.0,
   [01;36m[K^~~~~~~~~[m[K
[ 50%] [32mBuilding CXX object doc/interactivity/CMakeFiles/interactivity_utils.dir/src/imarker.cpp.o[0m
[ 53%] [32mBuilding CXX object doc/interactivity/CMakeFiles/interactivity_utils.dir/src/pose_string.cpp.o[0m
[ 57%] [32m[1mLinking CXX shared library /home/mikroszolos/kcl/robotics/ros/ws_moveit/devel/.private/moveit_tutorials/lib/libinteractivity_utils.so[0m
[ 57%] Built target interactivity_utils
[35m[1mScanning dependencies of target move_group_interface_tutorial[0m
[ 60%] [32mBuilding CXX object doc/move_group_interface/CMakeFiles/move_group_interface_tutorial.dir/src/move_group_interface_tutorial.cpp.o[0m
[ 64%] [32m[1mLinking CXX executable /home/mikroszolos/kcl/robotics/ros/ws_moveit/devel/.private/moveit_tutorials/lib/moveit_tutorials/move_group_interface_tutorial[0m
[ 64%] Built target move_group_interface_tutorial
[35m[1mScanning dependencies of target state_display_tutorial[0m
[ 67%] [32mBuilding CXX object doc/state_display/CMakeFiles/state_display_tutorial.dir/src/state_display_tutorial.cpp.o[0m
[01m[K/home/mikroszolos/kcl/robotics/ros/ws_moveit/src/moveit_tutorials/doc/state_display/src/state_display_tutorial.cpp:[m[K In function ‘[01m[Kint main(int, char**)[m[K’:
[01m[K/home/mikroszolos/kcl/robotics/ros/ws_moveit/src/moveit_tutorials/doc/state_display/src/state_display_tutorial.cpp:115:93:[m[K [01;35m[Kwarning: [m[K‘[01m[Kbool moveit::core::RobotState::setFromIK(const moveit::core::JointModelGroup*, const Isometry3d&, unsigned int, double, const GroupStateValidityCallbackFn&, const kinematics::KinematicsQueryOptions&)[m[K’ is deprecated: The attempts argument is not supported anymore. [[01;35m[K-Wdeprecated-declarations[m[K]
     bool found_ik = kinematic_state->setFromIK(joint_model_group, end_effector_pose, 10, 0.1[01;35m[K)[m[K;
                                                                                             [01;35m[K^[m[K
In file included from [01m[K/home/mikroszolos/kcl/robotics/ros/ws_moveit/src/moveit_tutorials/doc/state_display/src/state_display_tutorial.cpp:42:0[m[K:
[01m[K/opt/ros/melodic/include/moveit/robot_state/robot_state.h:995:3:[m[K [01;36m[Knote: [m[Kdeclared here
   [01;36m[KsetFromIK[m[K(const JointModelGroup* group, const Eigen::Isometry3d& pose, unsigned int attempts, double timeout = 0.0,
   [01;36m[K^~~~~~~~~[m[K
[ 71%] [32m[1mLinking CXX executable /home/mikroszolos/kcl/robotics/ros/ws_moveit/devel/.private/moveit_tutorials/lib/moveit_tutorials/state_display_tutorial[0m
[ 71%] Built target state_display_tutorial
[35m[1mScanning dependencies of target pick_place_tutorial[0m
[ 75%] [32mBuilding CXX object doc/pick_place/CMakeFiles/pick_place_tutorial.dir/src/pick_place_tutorial.cpp.o[0m
[ 78%] [32m[1mLinking CXX executable /home/mikroszolos/kcl/robotics/ros/ws_moveit/devel/.private/moveit_tutorials/lib/moveit_tutorials/pick_place_tutorial[0m
[ 78%] Built target pick_place_tutorial
[35m[1mScanning dependencies of target cylinder_segment[0m
[ 82%] [32mBuilding CXX object doc/perception_pipeline/CMakeFiles/cylinder_segment.dir/src/cylinder_segment.cpp.o[0m
In file included from [01m[K/usr/include/pcl-1.8/pcl/sample_consensus/sac_model.h:52:0[m[K,
                 from [01m[K/usr/include/pcl-1.8/pcl/sample_consensus/sac.h:45[m[K,
                 from [01m[K/usr/include/pcl-1.8/pcl/segmentation/sac_segmentation.h:49[m[K,
                 from [01m[K/home/mikroszolos/kcl/robotics/ros/ws_moveit/src/moveit_tutorials/doc/perception_pipeline/src/cylinder_segment.cpp:43[m[K:
[01m[K/usr/include/pcl-1.8/pcl/sample_consensus/model_types.h:[m[K In function ‘[01m[Kvoid __static_initialization_and_destruction_0(int, int)[m[K’:
[01m[K/usr/include/pcl-1.8/pcl/sample_consensus/model_types.h:99:3:[m[K [01;35m[Kwarning: [m[K‘[01m[Kpcl::SAC_SAMPLE_SIZE[m[K’ is deprecated: This map is deprecated and is kept only to prevent breaking existing user code. Starting from PCL 1.8.0 model sample size is a protected member of the SampleConsensusModel class [[01;35m[K-Wdeprecated-declarations[m[K]
   [01;35m[KSAC_SAMPLE_SIZE[m[K (sample_size_pairs, sample_size_pairs + sizeof (sample_size_pairs) / sizeof (SampleSizeModel));
   [01;35m[K^~~~~~~~~~~~~~~[m[K
[01m[K/usr/include/pcl-1.8/pcl/sample_consensus/model_types.h:99:3:[m[K [01;36m[Knote: [m[Kdeclared here
[ 85%] [32m[1mLinking CXX executable /home/mikroszolos/kcl/robotics/ros/ws_moveit/devel/.private/moveit_tutorials/lib/moveit_tutorials/cylinder_segment[0m
[ 85%] Built target cylinder_segment
[35m[1mScanning dependencies of target bag_publisher_maintain_time[0m
[ 89%] [32mBuilding CXX object doc/perception_pipeline/CMakeFiles/bag_publisher_maintain_time.dir/src/bag_publisher_maintain_time.cpp.o[0m
[ 92%] [32m[1mLinking CXX executable /home/mikroszolos/kcl/robotics/ros/ws_moveit/devel/.private/moveit_tutorials/lib/moveit_tutorials/bag_publisher_maintain_time[0m
[ 92%] Built target bag_publisher_maintain_time
[35m[1mScanning dependencies of target visualizing_collisions_tutorial[0m
[ 96%] [32mBuilding CXX object doc/visualizing_collisions/CMakeFiles/visualizing_collisions_tutorial.dir/src/visualizing_collisions_tutorial.cpp.o[0m
[100%] [32m[1mLinking CXX executable /home/mikroszolos/kcl/robotics/ros/ws_moveit/devel/.private/moveit_tutorials/lib/moveit_tutorials/visualizing_collisions_tutorial[0m
[100%] Built target visualizing_collisions_tutorial
