[35m[1mScanning dependencies of target ros_api_tutorial[0m
[  2%] [32mBuilding CXX object doc/kinematics/CMakeFiles/ros_api_tutorial.dir/src/ros_api_tutorial.cpp.o[0m
[  4%] [32m[1mLinking CXX executable /home/mikroszolos/kcl/robotics/ros/ws_moveit/devel/.private/moveit_tutorials/lib/moveit_tutorials/ros_api_tutorial[0m
[  4%] Built target ros_api_tutorial
[35m[1mScanning dependencies of target robot_model_and_robot_state_tutorial[0m
[  6%] [32mBuilding CXX object doc/robot_model_and_robot_state/CMakeFiles/robot_model_and_robot_state_tutorial.dir/src/robot_model_and_robot_state_tutorial.cpp.o[0m
[  9%] [32m[1mLinking CXX executable /home/mikroszolos/kcl/robotics/ros/ws_moveit/devel/.private/moveit_tutorials/lib/moveit_tutorials/robot_model_and_robot_state_tutorial[0m
[  9%] Built target robot_model_and_robot_state_tutorial
[35m[1mScanning dependencies of target planning_scene_tutorial[0m
[ 11%] [32mBuilding CXX object doc/planning_scene/CMakeFiles/planning_scene_tutorial.dir/src/planning_scene_tutorial.cpp.o[0m
[ 13%] [32m[1mLinking CXX executable /home/mikroszolos/kcl/robotics/ros/ws_moveit/devel/.private/moveit_tutorials/lib/moveit_tutorials/planning_scene_tutorial[0m
[ 13%] Built target planning_scene_tutorial
[35m[1mScanning dependencies of target planning_scene_ros_api_tutorial[0m
[ 15%] [32mBuilding CXX object doc/planning_scene_ros_api/CMakeFiles/planning_scene_ros_api_tutorial.dir/src/planning_scene_ros_api_tutorial.cpp.o[0m
[ 18%] [32m[1mLinking CXX executable /home/mikroszolos/kcl/robotics/ros/ws_moveit/devel/.private/moveit_tutorials/lib/moveit_tutorials/planning_scene_ros_api_tutorial[0m
[ 18%] Built target planning_scene_ros_api_tutorial
[35m[1mScanning dependencies of target motion_planning_api_tutorial[0m
[ 20%] [32mBuilding CXX object doc/motion_planning_api/CMakeFiles/motion_planning_api_tutorial.dir/src/motion_planning_api_tutorial.cpp.o[0m
[ 22%] [32m[1mLinking CXX executable /home/mikroszolos/kcl/robotics/ros/ws_moveit/devel/.private/moveit_tutorials/lib/moveit_tutorials/motion_planning_api_tutorial[0m
[ 22%] Built target motion_planning_api_tutorial
[35m[1mScanning dependencies of target motion_planning_pipeline_tutorial[0m
[ 25%] [32mBuilding CXX object doc/motion_planning_pipeline/CMakeFiles/motion_planning_pipeline_tutorial.dir/src/motion_planning_pipeline_tutorial.cpp.o[0m
[ 27%] [32m[1mLinking CXX executable /home/mikroszolos/kcl/robotics/ros/ws_moveit/devel/.private/moveit_tutorials/lib/moveit_tutorials/motion_planning_pipeline_tutorial[0m
[ 27%] Built target motion_planning_pipeline_tutorial
[35m[1mScanning dependencies of target interactivity_utils[0m
[ 29%] [32mBuilding CXX object doc/interactivity/CMakeFiles/interactivity_utils.dir/src/interactive_robot.cpp.o[0m
[ 31%] [32mBuilding CXX object doc/interactivity/CMakeFiles/interactivity_utils.dir/src/imarker.cpp.o[0m
[ 34%] [32mBuilding CXX object doc/interactivity/CMakeFiles/interactivity_utils.dir/src/pose_string.cpp.o[0m
[ 36%] [32m[1mLinking CXX shared library /home/mikroszolos/kcl/robotics/ros/ws_moveit/devel/.private/moveit_tutorials/lib/libinteractivity_utils.so[0m
[ 36%] Built target interactivity_utils
[35m[1mScanning dependencies of target move_group_interface_tutorial[0m
[ 38%] [32mBuilding CXX object doc/move_group_interface/CMakeFiles/move_group_interface_tutorial.dir/src/move_group_interface_tutorial.cpp.o[0m
[ 40%] [32m[1mLinking CXX executable /home/mikroszolos/kcl/robotics/ros/ws_moveit/devel/.private/moveit_tutorials/lib/moveit_tutorials/move_group_interface_tutorial[0m
[ 40%] Built target move_group_interface_tutorial
[35m[1mScanning dependencies of target state_display_tutorial[0m
[ 43%] [32mBuilding CXX object doc/state_display/CMakeFiles/state_display_tutorial.dir/src/state_display_tutorial.cpp.o[0m
[ 45%] [32m[1mLinking CXX executable /home/mikroszolos/kcl/robotics/ros/ws_moveit/devel/.private/moveit_tutorials/lib/moveit_tutorials/state_display_tutorial[0m
[ 45%] Built target state_display_tutorial
[35m[1mScanning dependencies of target pick_place_tutorial[0m
[ 47%] [32mBuilding CXX object doc/pick_place/CMakeFiles/pick_place_tutorial.dir/src/pick_place_tutorial.cpp.o[0m
[ 50%] [32m[1mLinking CXX executable /home/mikroszolos/kcl/robotics/ros/ws_moveit/devel/.private/moveit_tutorials/lib/moveit_tutorials/pick_place_tutorial[0m
[ 50%] Built target pick_place_tutorial
[35m[1mScanning dependencies of target subframes_tutorial[0m
[ 52%] [32mBuilding CXX object doc/subframes/CMakeFiles/subframes_tutorial.dir/src/subframes_tutorial.cpp.o[0m
[ 54%] [32m[1mLinking CXX executable /home/mikroszolos/kcl/robotics/ros/ws_moveit/devel/.private/moveit_tutorials/lib/moveit_tutorials/subframes_tutorial[0m
[ 54%] Built target subframes_tutorial
[35m[1mScanning dependencies of target cylinder_segment[0m
[ 56%] [32mBuilding CXX object doc/perception_pipeline/CMakeFiles/cylinder_segment.dir/src/cylinder_segment.cpp.o[0m
In file included from [01m[K/usr/include/pcl-1.8/pcl/sample_consensus/sac_model.h:52:0[m[K,
                 from [01m[K/usr/include/pcl-1.8/pcl/sample_consensus/sac.h:45[m[K,
                 from [01m[K/usr/include/pcl-1.8/pcl/segmentation/sac_segmentation.h:49[m[K,
                 from [01m[K/home/mikroszolos/kcl/robotics/ros/ws_moveit/src/moveit_tutorials/doc/perception_pipeline/src/cylinder_segment.cpp:43[m[K:
[01m[K/usr/include/pcl-1.8/pcl/sample_consensus/model_types.h:[m[K In function ‘[01m[Kvoid __static_initialization_and_destruction_0(int, int)[m[K’:
[01m[K/usr/include/pcl-1.8/pcl/sample_consensus/model_types.h:99:3:[m[K [01;35m[Kwarning: [m[K‘[01m[Kpcl::SAC_SAMPLE_SIZE[m[K’ is deprecated: This map is deprecated and is kept only to prevent breaking existing user code. Starting from PCL 1.8.0 model sample size is a protected member of the SampleConsensusModel class [[01;35m[K-Wdeprecated-declarations[m[K]
   [01;35m[KSAC_SAMPLE_SIZE[m[K (sample_size_pairs, sample_size_pairs + sizeof (sample_size_pairs) / sizeof (SampleSizeModel));
   [01;35m[K^~~~~~~~~~~~~~~[m[K
[01m[K/usr/include/pcl-1.8/pcl/sample_consensus/model_types.h:99:3:[m[K [01;36m[Knote: [m[Kdeclared here
[ 59%] [32m[1mLinking CXX executable /home/mikroszolos/kcl/robotics/ros/ws_moveit/devel/.private/moveit_tutorials/lib/moveit_tutorials/cylinder_segment[0m
[ 59%] Built target cylinder_segment
[35m[1mScanning dependencies of target bag_publisher_maintain_time[0m
[ 61%] [32mBuilding CXX object doc/perception_pipeline/CMakeFiles/bag_publisher_maintain_time.dir/src/bag_publisher_maintain_time.cpp.o[0m
[ 63%] [32m[1mLinking CXX executable /home/mikroszolos/kcl/robotics/ros/ws_moveit/devel/.private/moveit_tutorials/lib/moveit_tutorials/bag_publisher_maintain_time[0m
[ 63%] Built target bag_publisher_maintain_time
[35m[1mScanning dependencies of target controller_manager_example[0m
[ 65%] [32mBuilding CXX object doc/controller_configuration/CMakeFiles/controller_manager_example.dir/src/moveit_controller_manager_example.cpp.o[0m
[ 68%] [32m[1mLinking CXX shared library /home/mikroszolos/kcl/robotics/ros/ws_moveit/devel/.private/moveit_tutorials/lib/libcontroller_manager_example.so[0m
[ 68%] Built target controller_manager_example
[35m[1mScanning dependencies of target trajopt_example[0m
[ 70%] [32mBuilding CXX object doc/trajopt_planner/CMakeFiles/trajopt_example.dir/src/trajopt_example.cpp.o[0m
[ 72%] [32m[1mLinking CXX executable /home/mikroszolos/kcl/robotics/ros/ws_moveit/devel/.private/moveit_tutorials/lib/moveit_tutorials/trajopt_example[0m
[ 72%] Built target trajopt_example
[35m[1mScanning dependencies of target moveit_tutorials[0m
[ 75%] [32mBuilding CXX object doc/creating_moveit_plugins/lerp_motion_planner/CMakeFiles/moveit_tutorials.dir/src/lerp_interface.cpp.o[0m
[ 77%] [32mBuilding CXX object doc/creating_moveit_plugins/lerp_motion_planner/CMakeFiles/moveit_tutorials.dir/src/lerp_planning_context.cpp.o[0m
[ 79%] [32mBuilding CXX object doc/creating_moveit_plugins/lerp_motion_planner/CMakeFiles/moveit_tutorials.dir/src/lerp_planner_manager.cpp.o[0m
[ 81%] [32m[1mLinking CXX shared library /home/mikroszolos/kcl/robotics/ros/ws_moveit/devel/.private/moveit_tutorials/lib/libmoveit_tutorials.so[0m
[ 81%] Built target moveit_tutorials
[35m[1mScanning dependencies of target moveit_cpp_tutorial[0m
[ 84%] [32mBuilding CXX object doc/moveit_cpp/CMakeFiles/moveit_cpp_tutorial.dir/src/moveit_cpp_tutorial.cpp.o[0m
[ 86%] [32m[1mLinking CXX executable /home/mikroszolos/kcl/robotics/ros/ws_moveit/devel/.private/moveit_tutorials/lib/moveit_tutorials/moveit_cpp_tutorial[0m
[ 86%] Built target moveit_cpp_tutorial
[35m[1mScanning dependencies of target visualizing_collisions_tutorial[0m
[ 88%] [32mBuilding CXX object doc/visualizing_collisions/CMakeFiles/visualizing_collisions_tutorial.dir/src/visualizing_collisions_tutorial.cpp.o[0m
[ 90%] [32m[1mLinking CXX executable /home/mikroszolos/kcl/robotics/ros/ws_moveit/devel/.private/moveit_tutorials/lib/moveit_tutorials/visualizing_collisions_tutorial[0m
[ 90%] Built target visualizing_collisions_tutorial
[35m[1mScanning dependencies of target lerp_example[0m
[ 93%] [32mBuilding CXX object doc/creating_moveit_plugins/lerp_motion_planner/CMakeFiles/lerp_example.dir/src/lerp_example.cpp.o[0m
[ 95%] [32m[1mLinking CXX executable /home/mikroszolos/kcl/robotics/ros/ws_moveit/devel/.private/moveit_tutorials/lib/moveit_tutorials/lerp_example[0m
[ 95%] Built target lerp_example
[35m[1mScanning dependencies of target moveit_lerp_planner_plugin[0m
[ 97%] [32mBuilding CXX object doc/creating_moveit_plugins/lerp_motion_planner/CMakeFiles/moveit_lerp_planner_plugin.dir/src/lerp_planner_manager.cpp.o[0m
[100%] [32m[1mLinking CXX shared library /home/mikroszolos/kcl/robotics/ros/ws_moveit/devel/.private/moveit_tutorials/lib/libmoveit_lerp_planner_plugin.so[0m
[100%] Built target moveit_lerp_planner_plugin
