[0.000000] (-) TimerEvent: {}
[0.000000] (kokos) JobQueued: {'identifier': 'kokos', 'dependencies': OrderedDict()}
[0.015000] (kokos) JobStarted: {'identifier': 'kokos'}
[0.109000] (-) TimerEvent: {}
[0.219000] (-) TimerEvent: {}
[0.328000] (-) TimerEvent: {}
[0.437000] (-) TimerEvent: {}
[0.547000] (-) TimerEvent: {}
[0.656000] (-) TimerEvent: {}
[0.765000] (-) TimerEvent: {}
[0.875000] (-) TimerEvent: {}
[0.984000] (-) TimerEvent: {}
[0.984000] (kokos) Command: {'cmd': ['c:\\python37\\python.exe', 'setup.py', 'egg_info', '--egg-base', 'C:\\kcl\\robotics\\ros\\assignment2\\build\\kokos', 'build', '--build-base', 'C:\\kcl\\robotics\\ros\\assignment2\\build\\kokos\\build', 'install', '--prefix', 'C:\\kcl\\robotics\\ros\\assignment2\\install', '--record', 'C:\\kcl\\robotics\\ros\\assignment2\\build\\kokos\\install.log', '--single-version-externally-managed'], 'cwd': 'C:\\kcl\\robotics\\ros\\assignment2\\src\\kokos', 'env': {'ALLUSERSPROFILE': 'C:\\ProgramData', 'AMENT_PREFIX_PATH': 'C:\\dev\\ros2_eloquent', 'APPDATA': 'C:\\Users\\dorit\\AppData\\Roaming', 'APR_ICONV_PATH': 'C:\\Program Files (x86)\\Subversion\\iconv', 'ChocolateyInstall': 'C:\\ProgramData\\chocolatey', 'ChocolateyLastPathUpdate': '132257638063502046', 'CLion': 'C:\\Program Files\\JetBrains\\CLion 2019.3.3\\bin;', 'CMAKE_PREFIX_PATH': 'C:\\dev\\ros2_eloquent', 'COLCON_PREFIX_PATH': 'C:\\dev\\ros2_eloquent\\', 'CommandPromptType': 'Native', 'CommonProgramFiles': 'C:\\Program Files\\Common Files', 'CommonProgramFiles(x86)': 'C:\\Program Files (x86)\\Common Files', 'CommonProgramW6432': 'C:\\Program Files\\Common Files', 'COMPUTERNAME': 'DESKTOP-9EMOT3D', 'ComSpec': 'C:\\WINDOWS\\system32\\cmd.exe', 'DevEnvDir': 'C:\\Program Files (x86)\\Microsoft Visual Studio\\2019\\Community\\Common7\\IDE\\', 'DriverData': 'C:\\Windows\\System32\\Drivers\\DriverData', 'ExtensionSdkDir': 'C:\\Program Files (x86)\\Microsoft SDKs\\Windows Kits\\10\\ExtensionSDKs', 'Framework40Version': 'v4.0', 'FrameworkDir': 'C:\\Windows\\Microsoft.NET\\Framework64\\', 'FrameworkDir64': 'C:\\Windows\\Microsoft.NET\\Framework64\\', 'FrameworkVersion': 'v4.0.30319', 'FrameworkVersion64': 'v4.0.30319', 'HOMEDRIVE': 'C:', 'HOMEPATH': '\\Users\\dorit', 'INCLUDE': 'C:\\Program Files (x86)\\Microsoft Visual Studio\\2019\\Community\\VC\\Tools\\MSVC\\14.24.28314\\ATLMFC\\include;C:\\Program Files (x86)\\Microsoft Visual Studio\\2019\\Community\\VC\\Tools\\MSVC\\14.24.28314\\include;C:\\Program Files (x86)\\Windows Kits\\10\\include\\10.0.18362.0\\ucrt;C:\\Program Files (x86)\\Windows Kits\\10\\include\\10.0.18362.0\\shared;C:\\Program Files (x86)\\Windows Kits\\10\\include\\10.0.18362.0\\um;C:\\Program Files (x86)\\Windows Kits\\10\\include\\10.0.18362.0\\winrt;C:\\Program Files (x86)\\Windows Kits\\10\\include\\10.0.18362.0\\cppwinrt', 'LIB': 'C:\\Program Files (x86)\\Microsoft Visual Studio\\2019\\Community\\VC\\Tools\\MSVC\\14.24.28314\\ATLMFC\\lib\\x64;C:\\Program Files (x86)\\Microsoft Visual Studio\\2019\\Community\\VC\\Tools\\MSVC\\14.24.28314\\lib\\x64;C:\\Program Files (x86)\\Windows Kits\\10\\lib\\10.0.18362.0\\ucrt\\x64;C:\\Program Files (x86)\\Windows Kits\\10\\lib\\10.0.18362.0\\um\\x64;', 'LIBPATH': 'C:\\Program Files (x86)\\Microsoft Visual Studio\\2019\\Community\\VC\\Tools\\MSVC\\14.24.28314\\ATLMFC\\lib\\x64;C:\\Program Files (x86)\\Microsoft Visual Studio\\2019\\Community\\VC\\Tools\\MSVC\\14.24.28314\\lib\\x64;C:\\Program Files (x86)\\Microsoft Visual Studio\\2019\\Community\\VC\\Tools\\MSVC\\14.24.28314\\lib\\x86\\store\\references;C:\\Program Files (x86)\\Windows Kits\\10\\UnionMetadata\\10.0.18362.0;C:\\Program Files (x86)\\Windows Kits\\10\\References\\10.0.18362.0;C:\\Windows\\Microsoft.NET\\Framework64\\v4.0.30319;', 'LOCALAPPDATA': 'C:\\Users\\dorit\\AppData\\Local', 'LOGONSERVER': '\\\\DESKTOP-9EMOT3D', 'M2_HOME': 'C:\\Users\\dorit\\apache-maven-3.5.3', 'MAVEN_HOME': 'C:\\Users\\dorit\\apache-maven-3.5.3', 'NUMBER_OF_PROCESSORS': '8', 'OneDrive': "C:\\Users\\dorit\\OneDrive - King's College London", 'OneDriveCommercial': "C:\\Users\\dorit\\OneDrive - King's College London", 'OneDriveConsumer': 'C:\\Users\\dorit\\OneDrive', 'OpenCV_DIR': 'C:\\opencv', 'OPENSSL_CONF': 'C:\\OpenSSL-Win64\\bin\\openssl.cfg', 'OS': 'Windows_NT', 'Path': 'c:\\python37\\lib\\site-packages\\pywin32_system32;C:\\dev\\ros2_eloquent\\opt\\yaml_cpp_vendor\\bin;C:\\dev\\ros2_eloquent\\opt\\rviz_ogre_vendor\\bin;C:\\dev\\ros2_eloquent\\opt\\rviz_assimp_vendor\\bin;C:\\dev\\ros2_eloquent\\opt\\libcurl_vendor\\bin;C:\\dev\\ros2_eloquent\\Scripts;C:\\dev\\ros2_eloquent\\bin;C:\\Program Files (x86)\\Microsoft Visual Studio\\2019\\Community\\VC\\Tools\\MSVC\\14.24.28314\\bin\\HostX64\\x64;C:\\Program Files (x86)\\Microsoft Visual Studio\\2019\\Community\\Common7\\IDE\\VC\\VCPackages;C:\\Program Files (x86)\\Microsoft Visual Studio\\2019\\Community\\Common7\\IDE\\CommonExtensions\\Microsoft\\TestWindow;C:\\Program Files (x86)\\Microsoft Visual Studio\\2019\\Community\\Common7\\IDE\\CommonExtensions\\Microsoft\\TeamFoundation\\Team Explorer;C:\\Program Files (x86)\\Microsoft Visual Studio\\2019\\Community\\MSBuild\\Current\\bin\\Roslyn;C:\\Program Files (x86)\\Microsoft Visual Studio\\2019\\Community\\Team Tools\\Performance Tools\\x64;C:\\Program Files (x86)\\Microsoft Visual Studio\\2019\\Community\\Team Tools\\Performance Tools;C:\\Program Files (x86)\\Microsoft Visual Studio\\Shared\\Common\\VSPerfCollectionTools\\vs2019\\\\x64;C:\\Program Files (x86)\\Microsoft Visual Studio\\Shared\\Common\\VSPerfCollectionTools\\vs2019\\;C:\\Program Files (x86)\\Windows Kits\\10\\bin\\10.0.18362.0\\x64;C:\\Program Files (x86)\\Windows Kits\\10\\bin\\x64;C:\\Program Files (x86)\\Microsoft Visual Studio\\2019\\Community\\\\MSBuild\\Current\\Bin;C:\\Windows\\Microsoft.NET\\Framework64\\v4.0.30319;C:\\Program Files (x86)\\Microsoft Visual Studio\\2019\\Community\\Common7\\IDE\\;C:\\Program Files (x86)\\Microsoft Visual Studio\\2019\\Community\\Common7\\Tools\\;C:\\Python37\\Scripts\\;C:\\Python37\\;C:\\Program Files (x86)\\Common Files\\Oracle\\Java\\javapath;C:\\ProgramData\\Oracle\\Java\\javapath;C:\\Windows\\system32;C:\\Windows;C:\\Windows\\System32\\Wbem;C:\\Windows\\System32\\WindowsPowerShell\\v1.0\\;C:\\Program Files (x86)\\NVIDIA Corporation\\PhysX\\Common;F:\\Program Files\\uTorrent;F:\\Program Files\\Origin\\origin;C:\\WINDOWS\\system32;C:\\WINDOWS;C:\\WINDOWS\\System32\\Wbem;C:\\WINDOWS\\System32\\WindowsPowerShell\\v1.0\\;C:\\Users\\dorit\\apache-maven-3.5.3\\bin;C:\\Program Files\\NVIDIA Corporation\\NVIDIA NvDLISR;C:\\WINDOWS\\system32;C:\\WINDOWS;C:\\WINDOWS\\System32\\Wbem;C:\\WINDOWS\\System32\\WindowsPowerShell\\v1.0\\;C:\\WINDOWS\\System32\\OpenSSH\\;C:\\Program Files\\Cppcheck;C:\\OpenSSL-Win64\\bin\\;C:\\opencv\\x64\\vc16\\bin;C:\\Program Files\\CMake\\bin;C:\\Program Files\\Git\\cmd;C:\\ProgramData\\chocolatey\\bin;C:\\ProgramData\\chocolatey\\lib\\cunit\\lib;C:\\ProgramData\\chocolatey\\lib\\tinyxml2\\lib;C:\\ProgramData\\chocolatey\\lib\\log4cxx\\lib;C:\\Program Files (x86)\\Subversion\\bin;C:\\Users\\dorit\\AppData\\Local\\Microsoft\\WindowsApps;;C:\\Program Files\\JetBrains\\PyCharm Community Edition 2019.2.3\\bin;;C:\\Program Files\\Mercurial\\;C:\\Program Files\\JetBrains\\CLion 2019.3.3\\bin;;C:\\Program Files (x86)\\Microsoft Visual Studio\\2019\\Community\\Common7\\IDE\\CommonExtensions\\Microsoft\\CMake\\CMake\\bin;C:\\Program Files (x86)\\Microsoft Visual Studio\\2019\\Community\\Common7\\IDE\\CommonExtensions\\Microsoft\\CMake\\Ninja', 'PATHEXT': '.COM;.EXE;.BAT;.CMD;.VBS;.VBE;.JS;.JSE;.WSF;.WSH;.MSC;.PY;.PYW', 'PKG_CONFIG_PATH': 'C:\\dev\\ros2_eloquent\\lib\\pkgconfig', 'Platform': 'x64', 'PROCESSOR_ARCHITECTURE': 'AMD64', 'PROCESSOR_IDENTIFIER': 'Intel64 Family 6 Model 60 Stepping 3, GenuineIntel', 'PROCESSOR_LEVEL': '6', 'PROCESSOR_REVISION': '3c03', 'ProgramData': 'C:\\ProgramData', 'ProgramFiles': 'C:\\Program Files', 'ProgramFiles(x86)': 'C:\\Program Files (x86)', 'ProgramW6432': 'C:\\Program Files', 'PROMPT': '$P$G', 'PSModulePath': 'C:\\Program Files\\WindowsPowerShell\\Modules;C:\\WINDOWS\\system32\\WindowsPowerShell\\v1.0\\Modules', 'PUBLIC': 'C:\\Users\\Public\nPyCharm Community Edition=C:\\Program Files\\JetBrains\\PyCharm Community Edition 2019.2.3\\bin;', 'PYTHONPATH': 'C:\\kcl\\robotics\\ros\\assignment2\\install\\Lib\\site-packages;C:\\dev\\ros2_eloquent\\Lib\\site-packages', 'ROS_DISTRO': 'eloquent', 'ROS_LOCALHOST_ONLY': '0', 'ROS_PYTHON_VERSION': '3', 'ROS_VERSION': '2', 'SESSIONNAME': 'Console', 'SystemDrive': 'C:', 'SystemRoot': 'C:\\WINDOWS', 'TEMP': 'C:\\Users\\dorit\\AppData\\Local\\Temp', 'TMP': 'C:\\Users\\dorit\\AppData\\Local\\Temp', 'UCRTVersion': '10.0.18362.0', 'UniversalCRTSdkDir': 'C:\\Program Files (x86)\\Windows Kits\\10\\', 'USERDOMAIN': 'DESKTOP-9EMOT3D', 'USERDOMAIN_ROAMINGPROFILE': 'DESKTOP-9EMOT3D', 'USERNAME': 'dorit', 'USERPROFILE': 'C:\\Users\\dorit', 'VCIDEInstallDir': 'C:\\Program Files (x86)\\Microsoft Visual Studio\\2019\\Community\\Common7\\IDE\\VC\\', 'VCINSTALLDIR': 'C:\\Program Files (x86)\\Microsoft Visual Studio\\2019\\Community\\VC\\', 'VCToolsInstallDir': 'C:\\Program Files (x86)\\Microsoft Visual Studio\\2019\\Community\\VC\\Tools\\MSVC\\14.24.28314\\', 'VCToolsRedistDir': 'C:\\Program Files (x86)\\Microsoft Visual Studio\\2019\\Community\\VC\\Redist\\MSVC\\14.24.28127\\', 'VCToolsVersion': '14.24.28314', 'VisualStudioVersion': '16.0', 'VS160COMNTOOLS': 'C:\\Program Files (x86)\\Microsoft Visual Studio\\2019\\Community\\Common7\\Tools\\', 'VSCMD_ARG_app_plat': 'Desktop', 'VSCMD_ARG_HOST_ARCH': 'x64', 'VSCMD_ARG_TGT_ARCH': 'x64', 'VSCMD_VER': '16.4.4', 'VSINSTALLDIR': 'C:\\Program Files (x86)\\Microsoft Visual Studio\\2019\\Community\\', 'windir': 'C:\\WINDOWS', 'WindowsLibPath': 'C:\\Program Files (x86)\\Windows Kits\\10\\UnionMetadata\\10.0.18362.0;C:\\Program Files (x86)\\Windows Kits\\10\\References\\10.0.18362.0', 'WindowsSdkBinPath': 'C:\\Program Files (x86)\\Windows Kits\\10\\bin\\', 'WindowsSdkDir': 'C:\\Program Files (x86)\\Windows Kits\\10\\', 'WindowsSDKLibVersion': '10.0.18362.0\\', 'WindowsSdkVerBinPath': 'C:\\Program Files (x86)\\Windows Kits\\10\\bin\\10.0.18362.0\\', 'WindowsSDKVersion': '10.0.18362.0\\', '__DOTNET_ADD_64BIT': '1', '__DOTNET_PREFERRED_BITNESS': '64', '__VSCMD_PREINIT_PATH': 'C:\\Python37\\Scripts\\;C:\\Python37\\;C:\\Program Files (x86)\\Common Files\\Oracle\\Java\\javapath;C:\\ProgramData\\Oracle\\Java\\javapath;C:\\Windows\\system32;C:\\Windows;C:\\Windows\\System32\\Wbem;C:\\Windows\\System32\\WindowsPowerShell\\v1.0\\;C:\\Program Files (x86)\\NVIDIA Corporation\\PhysX\\Common;F:\\Program Files\\uTorrent;F:\\Program Files\\Origin\\origin;C:\\WINDOWS\\system32;C:\\WINDOWS;C:\\WINDOWS\\System32\\Wbem;C:\\WINDOWS\\System32\\WindowsPowerShell\\v1.0\\;C:\\Users\\dorit\\apache-maven-3.5.3\\bin;C:\\Program Files\\NVIDIA Corporation\\NVIDIA NvDLISR;C:\\WINDOWS\\system32;C:\\WINDOWS;C:\\WINDOWS\\System32\\Wbem;C:\\WINDOWS\\System32\\WindowsPowerShell\\v1.0\\;C:\\WINDOWS\\System32\\OpenSSH\\;C:\\Program Files\\Cppcheck;C:\\OpenSSL-Win64\\bin\\;C:\\opencv\\x64\\vc16\\bin;C:\\Program Files\\CMake\\bin;C:\\Program Files\\Git\\cmd;C:\\ProgramData\\chocolatey\\bin;C:\\ProgramData\\chocolatey\\lib\\cunit\\lib;C:\\ProgramData\\chocolatey\\lib\\tinyxml2\\lib;C:\\ProgramData\\chocolatey\\lib\\log4cxx\\lib;C:\\Program Files (x86)\\Subversion\\bin;C:\\Users\\dorit\\AppData\\Local\\Microsoft\\WindowsApps;;C:\\Program Files\\JetBrains\\PyCharm Community Edition 2019.2.3\\bin;;C:\\Program Files\\Mercurial\\;C:\\Program Files\\JetBrains\\CLion 2019.3.3\\bin;'}, 'shell': False}
[1.094000] (-) TimerEvent: {}
[1.203000] (-) TimerEvent: {}
[1.312000] (-) TimerEvent: {}
[1.406000] (kokos) StdoutLine: {'line': b'running egg_info\r\n'}
[1.406000] (kokos) StdoutLine: {'line': b'creating C:\\kcl\\robotics\\ros\\assignment2\\build\\kokos\\kokos.egg-info\r\n'}
[1.406000] (kokos) StdoutLine: {'line': b'writing C:\\kcl\\robotics\\ros\\assignment2\\build\\kokos\\kokos.egg-info\\PKG-INFO\r\n'}
[1.406000] (kokos) StdoutLine: {'line': b'writing dependency_links to C:\\kcl\\robotics\\ros\\assignment2\\build\\kokos\\kokos.egg-info\\dependency_links.txt\r\n'}
[1.406000] (kokos) StdoutLine: {'line': b'writing entry points to C:\\kcl\\robotics\\ros\\assignment2\\build\\kokos\\kokos.egg-info\\entry_points.txt\r\n'}
[1.406000] (kokos) StdoutLine: {'line': b'writing requirements to C:\\kcl\\robotics\\ros\\assignment2\\build\\kokos\\kokos.egg-info\\requires.txt\r\n'}
[1.406000] (kokos) StdoutLine: {'line': b'writing top-level names to C:\\kcl\\robotics\\ros\\assignment2\\build\\kokos\\kokos.egg-info\\top_level.txt\r\n'}
[1.406000] (kokos) StdoutLine: {'line': b"writing manifest file 'C:\\kcl\\robotics\\ros\\assignment2\\build\\kokos\\kokos.egg-info\\SOURCES.txt'\r\n"}
[1.422000] (-) TimerEvent: {}
[1.437000] (kokos) StdoutLine: {'line': b"reading manifest file 'C:\\kcl\\robotics\\ros\\assignment2\\build\\kokos\\kokos.egg-info\\SOURCES.txt'\r\n"}
[1.437000] (kokos) StdoutLine: {'line': b"writing manifest file 'C:\\kcl\\robotics\\ros\\assignment2\\build\\kokos\\kokos.egg-info\\SOURCES.txt'\r\n"}
[1.437000] (kokos) StdoutLine: {'line': b'running build\r\n'}
[1.437000] (kokos) StdoutLine: {'line': b'running build_py\r\n'}
[1.437000] (kokos) StdoutLine: {'line': b'creating C:\\kcl\\robotics\\ros\\assignment2\\build\\kokos\\build\r\n'}
[1.437000] (kokos) StdoutLine: {'line': b'creating C:\\kcl\\robotics\\ros\\assignment2\\build\\kokos\\build\\lib\r\n'}
[1.437000] (kokos) StdoutLine: {'line': b'creating C:\\kcl\\robotics\\ros\\assignment2\\build\\kokos\\build\\lib\\kokos\r\n'}
[1.437000] (kokos) StdoutLine: {'line': b'copying kokos\\my_node.py -> C:\\kcl\\robotics\\ros\\assignment2\\build\\kokos\\build\\lib\\kokos\r\n'}
[1.453000] (kokos) StdoutLine: {'line': b'copying kokos\\__init__.py -> C:\\kcl\\robotics\\ros\\assignment2\\build\\kokos\\build\\lib\\kokos\r\n'}
[1.453000] (kokos) StdoutLine: {'line': b'running install\r\n'}
[1.453000] (kokos) StdoutLine: {'line': b'running install_lib\r\n'}
[1.453000] (kokos) StdoutLine: {'line': b'creating C:\\kcl\\robotics\\ros\\assignment2\\install\\Lib\\site-packages\\kokos\r\n'}
[1.453000] (kokos) StdoutLine: {'line': b'copying C:\\kcl\\robotics\\ros\\assignment2\\build\\kokos\\build\\lib\\kokos\\my_node.py -> C:\\kcl\\robotics\\ros\\assignment2\\install\\Lib\\site-packages\\kokos\r\n'}
[1.453000] (kokos) StdoutLine: {'line': b'copying C:\\kcl\\robotics\\ros\\assignment2\\build\\kokos\\build\\lib\\kokos\\__init__.py -> C:\\kcl\\robotics\\ros\\assignment2\\install\\Lib\\site-packages\\kokos\r\n'}
[1.453000] (kokos) StdoutLine: {'line': b'byte-compiling C:\\kcl\\robotics\\ros\\assignment2\\install\\Lib\\site-packages\\kokos\\my_node.py to my_node.cpython-37.pyc\r\n'}
[1.453000] (kokos) StdoutLine: {'line': b'byte-compiling C:\\kcl\\robotics\\ros\\assignment2\\install\\Lib\\site-packages\\kokos\\__init__.py to __init__.cpython-37.pyc\r\n'}
[1.453000] (kokos) StdoutLine: {'line': b'running install_data\r\n'}
[1.453000] (kokos) StdoutLine: {'line': b'creating C:\\kcl\\robotics\\ros\\assignment2\\install\\share\\ament_index\r\n'}
[1.469000] (kokos) StdoutLine: {'line': b'creating C:\\kcl\\robotics\\ros\\assignment2\\install\\share\\ament_index\\resource_index\r\n'}
[1.469000] (kokos) StdoutLine: {'line': b'creating C:\\kcl\\robotics\\ros\\assignment2\\install\\share\\ament_index\\resource_index\\packages\r\n'}
[1.469000] (kokos) StdoutLine: {'line': b'copying resource\\kokos -> C:\\kcl\\robotics\\ros\\assignment2\\install\\share\\ament_index\\resource_index\\packages\r\n'}
[1.469000] (kokos) StdoutLine: {'line': b'copying package.xml -> C:\\kcl\\robotics\\ros\\assignment2\\install\\share\\kokos\r\n'}
[1.469000] (kokos) StdoutLine: {'line': b'running install_egg_info\r\n'}
[1.469000] (kokos) StdoutLine: {'line': b'Copying C:\\kcl\\robotics\\ros\\assignment2\\build\\kokos\\kokos.egg-info to C:\\kcl\\robotics\\ros\\assignment2\\install\\Lib\\site-packages\\kokos-0.0.0-py3.7.egg-info\r\n'}
[1.500000] (kokos) StdoutLine: {'line': b'running install_scripts\r\n'}
[1.531000] (-) TimerEvent: {}
[1.531000] (kokos) StdoutLine: {'line': b'Installing my_node-script.py script to C:\\kcl\\robotics\\ros\\assignment2\\install\\lib\\kokos\r\n'}
[1.531000] (kokos) StdoutLine: {'line': b'Installing my_node.exe script to C:\\kcl\\robotics\\ros\\assignment2\\install\\lib\\kokos\r\n'}
[1.531000] (kokos) StdoutLine: {'line': b"writing list of installed files to 'C:\\kcl\\robotics\\ros\\assignment2\\build\\kokos\\install.log'\r\n"}
[1.562000] (kokos) CommandEnded: {'returncode': 0}
[1.609000] (kokos) JobEnded: {'identifier': 'kokos', 'rc': 0}
[1.609000] (-) EventReactorShutdown: {}
