[0.642s] [34mcolcon[0m [30mDEBUG[0m [32mCommand line arguments: ['C:\\Python37\\Scripts\\colcon', 'build', '--merge-install'][0m
[0.642s] [34mcolcon[0m [30mDEBUG[0m [32mParsed command line arguments: Namespace(ament_cmake_args=None, base_paths=['.'], build_base='build', catkin_cmake_args=None, catkin_skip_building_tests=False, cmake_args=None, cmake_clean_cache=False, cmake_clean_first=False, cmake_force_configure=False, cmake_target=None, cmake_target_skip_unavailable=False, continue_on_error=False, event_handlers=None, executor='parallel', ignore_user_meta=False, install_base='install', log_base=None, log_level=None, main=<bound method BuildVerb.main of <colcon_core.verb.build.BuildVerb object at 0x00000166C4535B08>>, merge_install=True, metas=['./colcon.meta'], packages_above=None, packages_above_depth=None, packages_end=None, packages_ignore=None, packages_ignore_regex=None, packages_select=None, packages_select_build_failed=False, packages_select_by_dep=None, packages_select_regex=None, packages_select_test_failures=False, packages_skip=None, packages_skip_build_finished=False, packages_skip_by_dep=None, packages_skip_regex=None, packages_skip_test_passed=False, packages_skip_up_to=None, packages_start=None, packages_up_to=None, parallel_workers=8, paths=None, symlink_install=False, test_result_base=None, verb_extension=<colcon_core.verb.build.BuildVerb object at 0x00000166C4535B08>, verb_name='build', verb_parser=<colcon_defaults.argument_parser.defaults.DefaultArgumentsDecorator object at 0x00000166C453A148>)[0m
[0.727s] [34mcolcon.colcon_core.package_discovery[0m [30mLevel 1[0m discover_packages(colcon_meta) check parameters
[0.727s] [34mcolcon.colcon_core.package_discovery[0m [30mLevel 1[0m discover_packages(recursive) check parameters
[0.727s] [34mcolcon.colcon_core.package_discovery[0m [30mLevel 1[0m discover_packages(ignore) check parameters
[0.727s] [34mcolcon.colcon_core.package_discovery[0m [30mLevel 1[0m discover_packages(path) check parameters
[0.727s] [34mcolcon.colcon_core.package_discovery[0m [30mLevel 1[0m discover_packages(colcon_meta) discover
[0.727s] [34mcolcon.colcon_core.package_discovery[0m [30mLevel 1[0m discover_packages(recursive) discover
[0.727s] [34mcolcon.colcon_core.package_discovery[0m [30mINFO[0m Crawling recursively for packages in 'C:\kcl\robotics\ros\assignment2'
[0.728s] [34mcolcon.colcon_core.package_identification[0m [30mLevel 1[0m _identify(.) by extensions ['ignore', 'ignore_ament_install']
[0.728s] [34mcolcon.colcon_core.package_identification[0m [30mLevel 1[0m _identify(.) by extension 'ignore'
[0.728s] [34mcolcon.colcon_core.package_identification[0m [30mLevel 1[0m _identify(.) by extension 'ignore_ament_install'
[0.728s] [34mcolcon.colcon_core.package_identification[0m [30mLevel 1[0m _identify(.) by extensions ['colcon_pkg']
[0.728s] [34mcolcon.colcon_core.package_identification[0m [30mLevel 1[0m _identify(.) by extension 'colcon_pkg'
[0.728s] [34mcolcon.colcon_core.package_identification[0m [30mLevel 1[0m _identify(.) by extensions ['colcon_meta']
[0.728s] [34mcolcon.colcon_core.package_identification[0m [30mLevel 1[0m _identify(.) by extension 'colcon_meta'
[0.728s] [34mcolcon.colcon_core.package_identification[0m [30mLevel 1[0m _identify(.) by extensions ['ros']
[0.728s] [34mcolcon.colcon_core.package_identification[0m [30mLevel 1[0m _identify(.) by extension 'ros'
[0.745s] [34mcolcon.colcon_core.package_identification[0m [30mLevel 1[0m _identify(.) by extensions ['cmake', 'python']
[0.745s] [34mcolcon.colcon_core.package_identification[0m [30mLevel 1[0m _identify(.) by extension 'cmake'
[0.745s] [34mcolcon.colcon_core.package_identification[0m [30mLevel 1[0m _identify(.) by extension 'python'
[0.745s] [34mcolcon.colcon_core.package_identification[0m [30mLevel 1[0m _identify(.) by extensions ['python_setup_py']
[0.745s] [34mcolcon.colcon_core.package_identification[0m [30mLevel 1[0m _identify(.) by extension 'python_setup_py'
[0.746s] [34mcolcon.colcon_core.package_identification[0m [30mLevel 1[0m _identify(build) by extensions ['ignore', 'ignore_ament_install']
[0.746s] [34mcolcon.colcon_core.package_identification[0m [30mLevel 1[0m _identify(build) by extension 'ignore'
[0.746s] [34mcolcon.colcon_core.package_identification[0m [30mLevel 1[0m _identify(build) ignored
[0.746s] [34mcolcon.colcon_core.package_identification[0m [30mLevel 1[0m _identify(install) by extensions ['ignore', 'ignore_ament_install']
[0.746s] [34mcolcon.colcon_core.package_identification[0m [30mLevel 1[0m _identify(install) by extension 'ignore'
[0.746s] [34mcolcon.colcon_core.package_identification[0m [30mLevel 1[0m _identify(install) ignored
[0.747s] [34mcolcon.colcon_core.package_identification[0m [30mLevel 1[0m _identify(log) by extensions ['ignore', 'ignore_ament_install']
[0.747s] [34mcolcon.colcon_core.package_identification[0m [30mLevel 1[0m _identify(log) by extension 'ignore'
[0.747s] [34mcolcon.colcon_core.package_identification[0m [30mLevel 1[0m _identify(log) ignored
[0.748s] [34mcolcon.colcon_core.package_identification[0m [30mLevel 1[0m _identify(src) by extensions ['ignore', 'ignore_ament_install']
[0.748s] [34mcolcon.colcon_core.package_identification[0m [30mLevel 1[0m _identify(src) by extension 'ignore'
[0.748s] [34mcolcon.colcon_core.package_identification[0m [30mLevel 1[0m _identify(src) by extension 'ignore_ament_install'
[0.748s] [34mcolcon.colcon_core.package_identification[0m [30mLevel 1[0m _identify(src) by extensions ['colcon_pkg']
[0.748s] [34mcolcon.colcon_core.package_identification[0m [30mLevel 1[0m _identify(src) by extension 'colcon_pkg'
[0.748s] [34mcolcon.colcon_core.package_identification[0m [30mLevel 1[0m _identify(src) by extensions ['colcon_meta']
[0.748s] [34mcolcon.colcon_core.package_identification[0m [30mLevel 1[0m _identify(src) by extension 'colcon_meta'
[0.748s] [34mcolcon.colcon_core.package_identification[0m [30mLevel 1[0m _identify(src) by extensions ['ros']
[0.748s] [34mcolcon.colcon_core.package_identification[0m [30mLevel 1[0m _identify(src) by extension 'ros'
[0.749s] [34mcolcon.colcon_core.package_identification[0m [30mLevel 1[0m _identify(src) by extensions ['cmake', 'python']
[0.749s] [34mcolcon.colcon_core.package_identification[0m [30mLevel 1[0m _identify(src) by extension 'cmake'
[0.749s] [34mcolcon.colcon_core.package_identification[0m [30mLevel 1[0m _identify(src) by extension 'python'
[0.749s] [34mcolcon.colcon_core.package_identification[0m [30mLevel 1[0m _identify(src) by extensions ['python_setup_py']
[0.749s] [34mcolcon.colcon_core.package_identification[0m [30mLevel 1[0m _identify(src) by extension 'python_setup_py'
[0.749s] [34mcolcon.colcon_core.package_identification[0m [30mLevel 1[0m _identify(src\kokos) by extensions ['ignore', 'ignore_ament_install']
[0.749s] [34mcolcon.colcon_core.package_identification[0m [30mLevel 1[0m _identify(src\kokos) by extension 'ignore'
[0.749s] [34mcolcon.colcon_core.package_identification[0m [30mLevel 1[0m _identify(src\kokos) by extension 'ignore_ament_install'
[0.749s] [34mcolcon.colcon_core.package_identification[0m [30mLevel 1[0m _identify(src\kokos) by extensions ['colcon_pkg']
[0.750s] [34mcolcon.colcon_core.package_identification[0m [30mLevel 1[0m _identify(src\kokos) by extension 'colcon_pkg'
[0.750s] [34mcolcon.colcon_core.package_identification[0m [30mLevel 1[0m _identify(src\kokos) by extensions ['colcon_meta']
[0.750s] [34mcolcon.colcon_core.package_identification[0m [30mLevel 1[0m _identify(src\kokos) by extension 'colcon_meta'
[0.750s] [34mcolcon.colcon_core.package_identification[0m [30mLevel 1[0m _identify(src\kokos) by extensions ['ros']
[0.750s] [34mcolcon.colcon_core.package_identification[0m [30mLevel 1[0m _identify(src\kokos) by extension 'ros'
[0.760s] [34mcolcon.colcon_core.package_identification[0m [30mDEBUG[0m [32mPackage 'src\kokos' with type 'ros.ament_python' and name 'kokos'[0m
[0.760s] [34mcolcon.colcon_core.package_discovery[0m [30mLevel 1[0m discover_packages(recursive) using defaults
[0.761s] [34mcolcon.colcon_core.package_discovery[0m [30mLevel 1[0m discover_packages(ignore) discover
[0.761s] [34mcolcon.colcon_core.package_discovery[0m [30mLevel 1[0m discover_packages(ignore) using defaults
[0.761s] [34mcolcon.colcon_core.package_discovery[0m [30mLevel 1[0m discover_packages(path) discover
[0.761s] [34mcolcon.colcon_core.package_discovery[0m [30mLevel 1[0m discover_packages(path) using defaults
[0.796s] [34mcolcon.colcon_core.verb[0m [30mLevel 5[0m set package 'kokos' build argument 'cmake_args' from command line to 'None'
[0.796s] [34mcolcon.colcon_core.verb[0m [30mLevel 5[0m set package 'kokos' build argument 'cmake_target' from command line to 'None'
[0.796s] [34mcolcon.colcon_core.verb[0m [30mLevel 5[0m set package 'kokos' build argument 'cmake_target_skip_unavailable' from command line to 'False'
[0.796s] [34mcolcon.colcon_core.verb[0m [30mLevel 5[0m set package 'kokos' build argument 'cmake_clean_cache' from command line to 'False'
[0.796s] [34mcolcon.colcon_core.verb[0m [30mLevel 5[0m set package 'kokos' build argument 'cmake_clean_first' from command line to 'False'
[0.796s] [34mcolcon.colcon_core.verb[0m [30mLevel 5[0m set package 'kokos' build argument 'cmake_force_configure' from command line to 'False'
[0.796s] [34mcolcon.colcon_core.verb[0m [30mLevel 5[0m set package 'kokos' build argument 'ament_cmake_args' from command line to 'None'
[0.796s] [34mcolcon.colcon_core.verb[0m [30mLevel 5[0m set package 'kokos' build argument 'catkin_cmake_args' from command line to 'None'
[0.796s] [34mcolcon.colcon_core.verb[0m [30mLevel 5[0m set package 'kokos' build argument 'catkin_skip_building_tests' from command line to 'False'
[0.797s] [34mcolcon.colcon_core.verb[0m [30mDEBUG[0m [32mBuilding package 'kokos' with the following arguments: {'ament_cmake_args': None, 'build_base': 'C:\\kcl\\robotics\\ros\\assignment2\\build\\kokos', 'catkin_cmake_args': None, 'catkin_skip_building_tests': False, 'cmake_args': None, 'cmake_clean_cache': False, 'cmake_clean_first': False, 'cmake_force_configure': False, 'cmake_target': None, 'cmake_target_skip_unavailable': False, 'install_base': 'C:\\kcl\\robotics\\ros\\assignment2\\install', 'merge_install': True, 'path': 'C:\\kcl\\robotics\\ros\\assignment2\\src\\kokos', 'symlink_install': False, 'test_result_base': None}[0m
[0.800s] [34mcolcon.colcon_core.executor[0m [30mINFO[0m Executing jobs using 'parallel' executor
[0.822s] [34mcolcon.colcon_parallel_executor.executor.parallel[0m [30mDEBUG[0m [32mrun_until_complete[0m
[0.822s] [34mcolcon.colcon_ros.task.ament_python.build[0m [30mINFO[0m Building ROS package in 'C:\kcl\robotics\ros\assignment2\src\kokos' with build type 'ament_python'
[0.822s] [34mcolcon.colcon_core.shell[0m [30mLevel 1[0m create_environment_hook('kokos', 'ament_prefix_path')
[0.831s] [34mcolcon.colcon_core.plugin_system[0m [30mINFO[0m Skipping extension 'colcon_core.shell.sh': Not used on Windows systems
[0.831s] [34mcolcon.colcon_core.shell[0m [30mINFO[0m Creating environment hook 'C:\kcl\robotics\ros\assignment2\install\share\kokos\hook\ament_prefix_path.ps1'
[0.832s] [34mcolcon.colcon_core.shell[0m [30mINFO[0m Creating environment hook 'C:\kcl\robotics\ros\assignment2\install\share\kokos\hook\ament_prefix_path.bat'
[0.834s] [34mcolcon.colcon_core.shell[0m [30mINFO[0m Creating environment descriptor 'C:\kcl\robotics\ros\assignment2\install\share\kokos\hook\ament_prefix_path.dsv'
[0.843s] [34mcolcon.colcon_core.shell[0m [30mINFO[0m Skip shell extension 'powershell' for command environment: Not usable outside of PowerShell
[1.319s] [34mcolcon.colcon_core.task.python.build[0m [30mINFO[0m Building Python package in 'C:\kcl\robotics\ros\assignment2\src\kokos'
[1.325s] [34mcolcon.colcon_core.shell[0m [30mINFO[0m Skip shell extension 'powershell' for command environment: Not usable outside of PowerShell
[1.807s] [34mcolcon.colcon_core.event_handler.log_command[0m [30mDEBUG[0m [32mInvoking command in 'C:\kcl\robotics\ros\assignment2\src\kokos': PUBLIC=%PUBLIC%
PyCharm Community Edition=C:\Program Files\JetBrains\PyCharm Community Edition 2019.2.3\bin; PYTHONPATH=C:\kcl\robotics\ros\assignment2\install\Lib\site-packages;%PYTHONPATH% c:\python37\python.exe setup.py egg_info --egg-base C:\kcl\robotics\ros\assignment2\build\kokos build --build-base C:\kcl\robotics\ros\assignment2\build\kokos\build install --prefix C:\kcl\robotics\ros\assignment2\install --record C:\kcl\robotics\ros\assignment2\build\kokos\install.log --single-version-externally-managed[0m
[2.375s] [34mcolcon.colcon_core.event_handler.log_command[0m [30mDEBUG[0m [32mInvoked command in 'C:\kcl\robotics\ros\assignment2\src\kokos' returned '0': PUBLIC=%PUBLIC%
PyCharm Community Edition=C:\Program Files\JetBrains\PyCharm Community Edition 2019.2.3\bin; PYTHONPATH=C:\kcl\robotics\ros\assignment2\install\Lib\site-packages;%PYTHONPATH% c:\python37\python.exe setup.py egg_info --egg-base C:\kcl\robotics\ros\assignment2\build\kokos build --build-base C:\kcl\robotics\ros\assignment2\build\kokos\build install --prefix C:\kcl\robotics\ros\assignment2\install --record C:\kcl\robotics\ros\assignment2\build\kokos\install.log --single-version-externally-managed[0m
[2.394s] [34mcolcon.colcon_core.environment[0m [30mLevel 1[0m checking 'C:\kcl\robotics\ros\assignment2\install' for CMake module files
[2.395s] [34mcolcon.colcon_core.environment[0m [30mLevel 1[0m checking 'C:\kcl\robotics\ros\assignment2\install' for CMake config files
[2.396s] [34mcolcon.colcon_core.environment[0m [30mLevel 1[0m checking 'C:\kcl\robotics\ros\assignment2\install\bin'
[2.397s] [34mcolcon.colcon_core.environment[0m [30mLevel 1[0m checking 'C:\kcl\robotics\ros\assignment2\install\bin'
[2.397s] [34mcolcon.colcon_core.environment[0m [30mLevel 1[0m checking 'C:\kcl\robotics\ros\assignment2\install\Scripts'
[2.397s] [34mcolcon.colcon_core.environment[0m [30mLevel 1[0m checking 'C:\kcl\robotics\ros\assignment2\install\lib\pkgconfig\kokos.pc'
[2.397s] [34mcolcon.colcon_core.environment[0m [30mLevel 1[0m checking 'C:\kcl\robotics\ros\assignment2\install\Lib\site-packages'
[2.397s] [34mcolcon.colcon_core.shell[0m [30mLevel 1[0m create_environment_hook('kokos', 'pythonpath')
[2.403s] [34mcolcon.colcon_core.shell[0m [30mINFO[0m Creating environment hook 'C:\kcl\robotics\ros\assignment2\install\share\kokos\hook\pythonpath.ps1'
[2.405s] [34mcolcon.colcon_core.shell[0m [30mINFO[0m Creating environment hook 'C:\kcl\robotics\ros\assignment2\install\share\kokos\hook\pythonpath.bat'
[2.406s] [34mcolcon.colcon_core.shell[0m [30mINFO[0m Creating environment descriptor 'C:\kcl\robotics\ros\assignment2\install\share\kokos\hook\pythonpath.dsv'
[2.407s] [34mcolcon.colcon_core.environment[0m [30mLevel 1[0m create_environment_scripts_only(kokos)
[2.413s] [34mcolcon.colcon_core.shell[0m [30mINFO[0m Creating package script 'C:\kcl\robotics\ros\assignment2\install\share\kokos\package.ps1'
[2.415s] [34mcolcon.colcon_core.shell[0m [30mINFO[0m Creating package script 'C:\kcl\robotics\ros\assignment2\install\share\kokos\package.bat'
[2.416s] [34mcolcon.colcon_core.shell[0m [30mINFO[0m Creating package descriptor 'C:\kcl\robotics\ros\assignment2\install\share\kokos\package.dsv'
[2.418s] [34mcolcon.colcon_core.environment[0m [30mLevel 1[0m create_file_with_runtime_dependencies(C:\kcl\robotics\ros\assignment2\install\share\colcon-core\packages\kokos)
[2.419s] [34mcolcon.colcon_parallel_executor.executor.parallel[0m [30mDEBUG[0m [32mrun_until_complete finished with '0'[0m
[2.419s] [34mcolcon.colcon_core.event_reactor[0m [30mDEBUG[0m [32mjoining thread[0m
[2.431s] [34mcolcon.colcon_core.plugin_system[0m [30mINFO[0m Skipping extension 'colcon_notification.desktop_notification.notify2': 'notify2' not found
[2.431s] [34mcolcon.colcon_core.plugin_system[0m [30mINFO[0m Skipping extension 'colcon_notification.desktop_notification.notify_send': Not used on non-Linux systems
[2.432s] [34mcolcon.colcon_core.plugin_system[0m [30mINFO[0m Skipping extension 'colcon_notification.desktop_notification.terminal_notifier': Not used on non-Darwin systems
[2.432s] [34mcolcon.colcon_notification.desktop_notification[0m [30mINFO[0m Sending desktop notification using 'win32'
[7.459s] [34mcolcon.colcon_core.event_reactor[0m [30mDEBUG[0m [32mjoined thread[0m
[7.471s] [34mcolcon.colcon_core.shell[0m [30mINFO[0m Creating prefix script 'C:\kcl\robotics\ros\assignment2\install\local_setup.ps1'
[7.474s] [34mcolcon.colcon_core.shell[0m [30mINFO[0m Creating prefix util module 'C:\kcl\robotics\ros\assignment2\install\_local_setup_util_ps1.py'
[7.477s] [34mcolcon.colcon_core.shell[0m [30mINFO[0m Creating prefix chain script 'C:\kcl\robotics\ros\assignment2\install\setup.ps1'
[7.485s] [34mcolcon.colcon_core.shell[0m [30mINFO[0m Creating prefix script 'C:\kcl\robotics\ros\assignment2\install\local_setup.bat'
[7.487s] [34mcolcon.colcon_core.shell[0m [30mINFO[0m Creating prefix util module 'C:\kcl\robotics\ros\assignment2\install\_local_setup_util_bat.py'
[7.488s] [34mcolcon.colcon_core.shell[0m [30mINFO[0m Creating prefix chain script 'C:\kcl\robotics\ros\assignment2\install\setup.bat'
