Determining if the pthread_create exist failed with the following output:
Change Dir: /home/mikroszolos/catkin_ws/build/CMakeFiles/CMakeTmp

Run Build Command:"/usr/bin/make" "cmTC_d4c12/fast"
/usr/bin/make -f CMakeFiles/cmTC_d4c12.dir/build.make CMakeFiles/cmTC_d4c12.dir/build
make[1]: Entering directory '/home/mikroszolos/catkin_ws/build/CMakeFiles/CMakeTmp'
Building C object CMakeFiles/cmTC_d4c12.dir/CheckSymbolExists.c.o
/usr/bin/cc    -o CMakeFiles/cmTC_d4c12.dir/CheckSymbolExists.c.o   -c /home/mikroszolos/catkin_ws/build/CMakeFiles/CMakeTmp/CheckSymbolExists.c
Linking C executable cmTC_d4c12
/usr/bin/cmake -E cmake_link_script CMakeFiles/cmTC_d4c12.dir/link.txt --verbose=1
/usr/bin/cc      -rdynamic CMakeFiles/cmTC_d4c12.dir/CheckSymbolExists.c.o  -o cmTC_d4c12 
CMakeFiles/cmTC_d4c12.dir/CheckSymbolExists.c.o: In function `main':
CheckSymbolExists.c:(.text+0x1b): undefined reference to `pthread_create'
collect2: error: ld returned 1 exit status
CMakeFiles/cmTC_d4c12.dir/build.make:97: recipe for target 'cmTC_d4c12' failed
make[1]: *** [cmTC_d4c12] Error 1
make[1]: Leaving directory '/home/mikroszolos/catkin_ws/build/CMakeFiles/CMakeTmp'
Makefile:126: recipe for target 'cmTC_d4c12/fast' failed
make: *** [cmTC_d4c12/fast] Error 2

File /home/mikroszolos/catkin_ws/build/CMakeFiles/CMakeTmp/CheckSymbolExists.c:
/* */
#include <pthread.h>

int main(int argc, char** argv)
{
  (void)argv;
#ifndef pthread_create
  return ((int*)(&pthread_create))[argc];
#else
  (void)argc;
  return 0;
#endif
}

Determining if the function pthread_create exists in the pthreads failed with the following output:
Change Dir: /home/mikroszolos/catkin_ws/build/CMakeFiles/CMakeTmp

Run Build Command:"/usr/bin/make" "cmTC_8b642/fast"
/usr/bin/make -f CMakeFiles/cmTC_8b642.dir/build.make CMakeFiles/cmTC_8b642.dir/build
make[1]: Entering directory '/home/mikroszolos/catkin_ws/build/CMakeFiles/CMakeTmp'
Building C object CMakeFiles/cmTC_8b642.dir/CheckFunctionExists.c.o
/usr/bin/cc   -DCHECK_FUNCTION_EXISTS=pthread_create   -o CMakeFiles/cmTC_8b642.dir/CheckFunctionExists.c.o   -c /usr/share/cmake-3.10/Modules/CheckFunctionExists.c
Linking C executable cmTC_8b642
/usr/bin/cmake -E cmake_link_script CMakeFiles/cmTC_8b642.dir/link.txt --verbose=1
/usr/bin/cc  -DCHECK_FUNCTION_EXISTS=pthread_create    -rdynamic CMakeFiles/cmTC_8b642.dir/CheckFunctionExists.c.o  -o cmTC_8b642 -lpthreads 
/usr/bin/ld: cannot find -lpthreads
collect2: error: ld returned 1 exit status
CMakeFiles/cmTC_8b642.dir/build.make:97: recipe for target 'cmTC_8b642' failed
make[1]: *** [cmTC_8b642] Error 1
make[1]: Leaving directory '/home/mikroszolos/catkin_ws/build/CMakeFiles/CMakeTmp'
Makefile:126: recipe for target 'cmTC_8b642/fast' failed
make: *** [cmTC_8b642/fast] Error 2


