[35m[1mScanning dependencies of target moveit_kdl_kinematics_plugin[0m
[  5%] [32mBuilding CXX object kdl_kinematics_plugin/CMakeFiles/moveit_kdl_kinematics_plugin.dir/src/kdl_kinematics_plugin.cpp.o[0m
[ 11%] [32mBuilding CXX object kdl_kinematics_plugin/CMakeFiles/moveit_kdl_kinematics_plugin.dir/src/chainiksolver_vel_mimic_svd.cpp.o[0m
[ 17%] [32m[1mLinking CXX shared library /home/mikroszolos/kcl/robotics/ros/ws_moveit/devel/.private/moveit_kinematics/lib/libmoveit_kdl_kinematics_plugin.so[0m
[ 17%] Built target moveit_kdl_kinematics_plugin
[35m[1mScanning dependencies of target moveit_lma_kinematics_plugin[0m
[ 23%] [32mBuilding CXX object lma_kinematics_plugin/CMakeFiles/moveit_lma_kinematics_plugin.dir/src/lma_kinematics_plugin.cpp.o[0m
[ 29%] [32m[1mLinking CXX shared library /home/mikroszolos/kcl/robotics/ros/ws_moveit/devel/.private/moveit_kinematics/lib/libmoveit_lma_kinematics_plugin.so[0m
[ 29%] Built target moveit_lma_kinematics_plugin
[35m[1mScanning dependencies of target moveit_srv_kinematics_plugin[0m
[ 35%] [32mBuilding CXX object srv_kinematics_plugin/CMakeFiles/moveit_srv_kinematics_plugin.dir/src/srv_kinematics_plugin.cpp.o[0m
[ 41%] [32m[1mLinking CXX shared library /home/mikroszolos/kcl/robotics/ros/ws_moveit/devel/.private/moveit_kinematics/lib/libmoveit_srv_kinematics_plugin.so[0m
[ 41%] Built target moveit_srv_kinematics_plugin
[35m[1mScanning dependencies of target moveit_cached_ik_kinematics_base[0m
[ 47%] [32mBuilding CXX object cached_ik_kinematics_plugin/CMakeFiles/moveit_cached_ik_kinematics_base.dir/src/ik_cache.cpp.o[0m
[ 52%] [32m[1mLinking CXX shared library /home/mikroszolos/kcl/robotics/ros/ws_moveit/devel/.private/moveit_kinematics/lib/libmoveit_cached_ik_kinematics_base.so[0m
[ 52%] Built target moveit_cached_ik_kinematics_base
[35m[1mScanning dependencies of target gtest[0m
[ 58%] [32mBuilding CXX object gtest/googlemock/gtest/CMakeFiles/gtest.dir/src/gtest-all.cc.o[0m
[ 64%] [32m[1mLinking CXX shared library libgtest.so[0m
[ 64%] Built target gtest
[35m[1mScanning dependencies of target benchmark_ik[0m
[ 70%] [32mBuilding CXX object test/CMakeFiles/benchmark_ik.dir/benchmark_ik.cpp.o[0m
[ 76%] [32m[1mLinking CXX executable /home/mikroszolos/kcl/robotics/ros/ws_moveit/devel/.private/moveit_kinematics/lib/moveit_kinematics/benchmark_ik[0m
[ 76%] Built target benchmark_ik
[35m[1mScanning dependencies of target moveit_cached_ik_kinematics_plugin[0m
[ 82%] [32mBuilding CXX object cached_ik_kinematics_plugin/CMakeFiles/moveit_cached_ik_kinematics_plugin.dir/src/cached_ik_kinematics_plugin.cpp.o[0m
[ 88%] [32m[1mLinking CXX shared library /home/mikroszolos/kcl/robotics/ros/ws_moveit/devel/.private/moveit_kinematics/lib/libmoveit_cached_ik_kinematics_plugin.so[0m
[ 88%] Built target moveit_cached_ik_kinematics_plugin
[35m[1mScanning dependencies of target test_kinematics_plugin[0m
[ 94%] [32mBuilding CXX object test/CMakeFiles/test_kinematics_plugin.dir/test_kinematics_plugin.cpp.o[0m
[100%] [32m[1mLinking CXX executable /home/mikroszolos/kcl/robotics/ros/ws_moveit/devel/.private/moveit_kinematics/lib/moveit_kinematics/test_kinematics_plugin[0m
[100%] Built target test_kinematics_plugin
