[3.078s] Invoking command in 'C:\kcl\robotics\ros\assignment2\src\py_pubsub': PUBLIC=%PUBLIC%
PyCharm Community Edition=C:\Program Files\JetBrains\PyCharm Community Edition 2019.2.3\bin; PYTHONPATH=C:\kcl\robotics\ros\assignment2\install\Lib\site-packages;%PYTHONPATH% c:\python37\python.exe setup.py egg_info --egg-base C:\kcl\robotics\ros\assignment2\build\py_pubsub build --build-base C:\kcl\robotics\ros\assignment2\build\py_pubsub\build install --prefix C:\kcl\robotics\ros\assignment2\install --record C:\kcl\robotics\ros\assignment2\build\py_pubsub\install.log --single-version-externally-managed
[3.797s] running egg_info
[3.797s] writing C:\kcl\robotics\ros\assignment2\build\py_pubsub\py_pubsub.egg-info\PKG-INFO
[3.797s] writing dependency_links to C:\kcl\robotics\ros\assignment2\build\py_pubsub\py_pubsub.egg-info\dependency_links.txt
[3.797s] writing entry points to C:\kcl\robotics\ros\assignment2\build\py_pubsub\py_pubsub.egg-info\entry_points.txt
[3.797s] writing requirements to C:\kcl\robotics\ros\assignment2\build\py_pubsub\py_pubsub.egg-info\requires.txt
[3.797s] writing top-level names to C:\kcl\robotics\ros\assignment2\build\py_pubsub\py_pubsub.egg-info\top_level.txt
[3.797s] reading manifest file 'C:\kcl\robotics\ros\assignment2\build\py_pubsub\py_pubsub.egg-info\SOURCES.txt'
[3.812s] writing manifest file 'C:\kcl\robotics\ros\assignment2\build\py_pubsub\py_pubsub.egg-info\SOURCES.txt'
[3.812s] running build
[3.812s] running build_py
[3.812s] running install
[3.812s] running install_lib
[3.812s] running install_data
[3.812s] running install_egg_info
[3.812s] removing 'C:\kcl\robotics\ros\assignment2\install\Lib\site-packages\py_pubsub-0.0.0-py3.7.egg-info' (and everything under it)
[3.812s] Copying C:\kcl\robotics\ros\assignment2\build\py_pubsub\py_pubsub.egg-info to C:\kcl\robotics\ros\assignment2\install\Lib\site-packages\py_pubsub-0.0.0-py3.7.egg-info
[3.859s] running install_scripts
[3.859s] Installing listener-script.py script to C:\kcl\robotics\ros\assignment2\install\lib\py_pubsub
[3.859s] Installing listener.exe script to C:\kcl\robotics\ros\assignment2\install\lib\py_pubsub
[3.859s] Installing talker-script.py script to C:\kcl\robotics\ros\assignment2\install\lib\py_pubsub
[3.859s] Installing talker.exe script to C:\kcl\robotics\ros\assignment2\install\lib\py_pubsub
[3.859s] writing list of installed files to 'C:\kcl\robotics\ros\assignment2\build\py_pubsub\install.log'
[3.891s] Invoked command in 'C:\kcl\robotics\ros\assignment2\src\py_pubsub' returned '0': PUBLIC=%PUBLIC%
PyCharm Community Edition=C:\Program Files\JetBrains\PyCharm Community Edition 2019.2.3\bin; PYTHONPATH=C:\kcl\robotics\ros\assignment2\install\Lib\site-packages;%PYTHONPATH% c:\python37\python.exe setup.py egg_info --egg-base C:\kcl\robotics\ros\assignment2\build\py_pubsub build --build-base C:\kcl\robotics\ros\assignment2\build\py_pubsub\build install --prefix C:\kcl\robotics\ros\assignment2\install --record C:\kcl\robotics\ros\assignment2\build\py_pubsub\install.log --single-version-externally-managed
