[0.766s] -- Found ament_cmake: 0.8.2 (C:/dev/ros2_eloquent/share/ament_cmake/cmake)
[1.047s] -- Using PYTHON_EXECUTABLE: C:/Python37/python.exe
[1.813s] -- Override CMake install command with custom implementation using symlinks instead of copying resources
[1.922s] -- Found example_interfaces: 0.7.1 (C:/dev/ros2_eloquent/share/example_interfaces/cmake)
[1.985s] -- Found rosidl_adapter: 0.8.2 (C:/dev/ros2_eloquent/share/rosidl_adapter/cmake)
[2.172s] -- Found rclcpp: 0.8.4 (C:/dev/ros2_eloquent/share/rclcpp/cmake)
[2.235s] -- Found rmw_implementation_cmake: 0.8.1 (C:/dev/ros2_eloquent/share/rmw_implementation_cmake/cmake)
[2.250s] -- Using RMW implementation 'rmw_fastrtps_cpp' as default
[2.391s] -- Found rclcpp_action: 0.8.4 (C:/dev/ros2_eloquent/share/rclcpp_action/cmake)
[3.656s] -- Configuring done
[4.469s] -- Generating done
[4.469s] -- Build files have been written to: C:/kcl/robotics/ros/ros2_example_ws/build/examples_rclcpp_minimal_action_client
[4.781s] Microsoft (R) Build Engine version 16.4.0+e901037fe for .NET Framework
[4.797s] Copyright (C) Microsoft Corporation. All rights reserved.
[4.797s] 
[5.453s]   Checking Build System
[5.985s]   Building Custom Rule C:/kcl/robotics/ros/ros2_example_ws/src/examples/rclcpp/minimal_action_client/CMakeLists.txt
[6.360s]   action_client_member_functions.vcxproj -> C:\kcl\robotics\ros\ros2_example_ws\build\examples_rclcpp_minimal_action_client\Release\action_client_member_functions.exe
[6.625s]   Building Custom Rule C:/kcl/robotics/ros/ros2_example_ws/src/examples/rclcpp/minimal_action_client/CMakeLists.txt
[6.938s]   action_client_not_composable.vcxproj -> C:\kcl\robotics\ros\ros2_example_ws\build\examples_rclcpp_minimal_action_client\Release\action_client_not_composable.exe
[7.141s]   Building Custom Rule C:/kcl/robotics/ros/ros2_example_ws/src/examples/rclcpp/minimal_action_client/CMakeLists.txt
[7.516s]   action_client_not_composable_with_cancel.vcxproj -> C:\kcl\robotics\ros\ros2_example_ws\build\examples_rclcpp_minimal_action_client\Release\action_client_not_composable_with_cancel.exe
[7.797s]   Building Custom Rule C:/kcl/robotics/ros/ros2_example_ws/src/examples/rclcpp/minimal_action_client/CMakeLists.txt
[8.094s]   action_client_not_composable_with_feedback.vcxproj -> C:\kcl\robotics\ros\ros2_example_ws\build\examples_rclcpp_minimal_action_client\Release\action_client_not_composable_with_feedback.exe
[8.344s]   Building Custom Rule C:/kcl/robotics/ros/ros2_example_ws/src/examples/rclcpp/minimal_action_client/CMakeLists.txt
[9.016s] Microsoft (R) Build Engine version 16.4.0+e901037fe for .NET Framework
[9.016s] Copyright (C) Microsoft Corporation. All rights reserved.
[9.016s] 
[9.969s]   action_client_member_functions.vcxproj -> C:\kcl\robotics\ros\ros2_example_ws\build\examples_rclcpp_minimal_action_client\Release\action_client_member_functions.exe
[10.110s]   action_client_not_composable.vcxproj -> C:\kcl\robotics\ros\ros2_example_ws\build\examples_rclcpp_minimal_action_client\Release\action_client_not_composable.exe
[10.250s]   action_client_not_composable_with_cancel.vcxproj -> C:\kcl\robotics\ros\ros2_example_ws\build\examples_rclcpp_minimal_action_client\Release\action_client_not_composable_with_cancel.exe
[10.391s]   action_client_not_composable_with_feedback.vcxproj -> C:\kcl\robotics\ros\ros2_example_ws\build\examples_rclcpp_minimal_action_client\Release\action_client_not_composable_with_feedback.exe
[11.063s]   -- Install configuration: "Release"
[11.063s]   -- Execute custom install script
[11.063s]   -- Symlinking: C:/kcl/robotics/ros/ros2_example_ws/install/examples_rclcpp_minimal_action_client/lib/examples_rclcpp_minimal_action_client/action_client_member_functions.exe
[11.281s]   -- Symlinking: C:/kcl/robotics/ros/ros2_example_ws/install/examples_rclcpp_minimal_action_client/lib/examples_rclcpp_minimal_action_client/action_client_not_composable.exe
[11.422s]   -- Symlinking: C:/kcl/robotics/ros/ros2_example_ws/install/examples_rclcpp_minimal_action_client/lib/examples_rclcpp_minimal_action_client/action_client_not_composable_with_cancel.exe
[11.516s]   -- Symlinking: C:/kcl/robotics/ros/ros2_example_ws/install/examples_rclcpp_minimal_action_client/lib/examples_rclcpp_minimal_action_client/action_client_not_composable_with_feedback.exe
[11.735s]   -- Symlinking: C:/kcl/robotics/ros/ros2_example_ws/install/examples_rclcpp_minimal_action_client/share/ament_index/resource_index/package_run_dependencies/examples_rclcpp_minimal_action_client
[11.922s]   -- Symlinking: C:/kcl/robotics/ros/ros2_example_ws/install/examples_rclcpp_minimal_action_client/share/ament_index/resource_index/parent_prefix_path/examples_rclcpp_minimal_action_client
[12.110s]   -- Symlinking: C:/kcl/robotics/ros/ros2_example_ws/install/examples_rclcpp_minimal_action_client/share/examples_rclcpp_minimal_action_client/environment/ament_prefix_path.bat
[12.344s]   -- Symlinking: C:/kcl/robotics/ros/ros2_example_ws/install/examples_rclcpp_minimal_action_client/share/examples_rclcpp_minimal_action_client/environment/ament_prefix_path.dsv
[12.578s]   -- Symlinking: C:/kcl/robotics/ros/ros2_example_ws/install/examples_rclcpp_minimal_action_client/share/examples_rclcpp_minimal_action_client/environment/path.bat
[13.688s]   -- Symlinking: C:/kcl/robotics/ros/ros2_example_ws/install/examples_rclcpp_minimal_action_client/share/examples_rclcpp_minimal_action_client/environment/path.dsv
[13.688s]   -- Symlinking: C:/kcl/robotics/ros/ros2_example_ws/install/examples_rclcpp_minimal_action_client/share/examples_rclcpp_minimal_action_client/local_setup.bat
[13.688s]   -- Symlinking: C:/kcl/robotics/ros/ros2_example_ws/install/examples_rclcpp_minimal_action_client/share/examples_rclcpp_minimal_action_client/local_setup.dsv
[13.688s]   -- Symlinking: C:/kcl/robotics/ros/ros2_example_ws/install/examples_rclcpp_minimal_action_client/share/examples_rclcpp_minimal_action_client/package.dsv
[13.688s]   -- Symlinking: C:/kcl/robotics/ros/ros2_example_ws/install/examples_rclcpp_minimal_action_client/share/ament_index/resource_index/packages/examples_rclcpp_minimal_action_client
[13.688s]   -- Symlinking: C:/kcl/robotics/ros/ros2_example_ws/install/examples_rclcpp_minimal_action_client/share/examples_rclcpp_minimal_action_client/cmake/examples_rclcpp_minimal_action_clientConfig.cmake
[13.688s]   -- Symlinking: C:/kcl/robotics/ros/ros2_example_ws/install/examples_rclcpp_minimal_action_client/share/examples_rclcpp_minimal_action_client/cmake/examples_rclcpp_minimal_action_clientConfig-version.cmake
[13.906s]   -- Symlinking: C:/kcl/robotics/ros/ros2_example_ws/install/examples_rclcpp_minimal_action_client/share/examples_rclcpp_minimal_action_client/package.xml
