[0.531s] Invoking command in 'C:\kcl\robotics\ros\ros2_example_ws\build\examples_rclcpp_minimal_client': PUBLIC=%PUBLIC%
PyCharm Community Edition=C:\Program Files\JetBrains\PyCharm Community Edition 2019.2.3\bin; C:\Program Files\CMake\bin\cmake.EXE C:\kcl\robotics\ros\ros2_example_ws\src\examples\rclcpp\minimal_client -DAMENT_CMAKE_SYMLINK_INSTALL=1 -DCMAKE_INSTALL_PREFIX=C:\kcl\robotics\ros\ros2_example_ws\install\examples_rclcpp_minimal_client -G Visual Studio 16 2019
[3.891s] -- The C compiler identification is MSVC 19.24.28316.0
[5.875s] -- The CXX compiler identification is MSVC 19.24.28316.0
[6.047s] -- Check for working C compiler: C:/Program Files (x86)/Microsoft Visual Studio/2019/Community/VC/Tools/MSVC/14.24.28314/bin/Hostx64/x64/cl.exe
[7.906s] -- Check for working C compiler: C:/Program Files (x86)/Microsoft Visual Studio/2019/Community/VC/Tools/MSVC/14.24.28314/bin/Hostx64/x64/cl.exe -- works
[7.906s] -- Detecting C compiler ABI info
[9.672s] -- Detecting C compiler ABI info - done
[9.703s] -- Detecting C compile features
[9.703s] -- Detecting C compile features - done
[9.719s] -- Check for working CXX compiler: C:/Program Files (x86)/Microsoft Visual Studio/2019/Community/VC/Tools/MSVC/14.24.28314/bin/Hostx64/x64/cl.exe
[11.359s] -- Check for working CXX compiler: C:/Program Files (x86)/Microsoft Visual Studio/2019/Community/VC/Tools/MSVC/14.24.28314/bin/Hostx64/x64/cl.exe -- works
[11.375s] -- Detecting CXX compiler ABI info
[13.266s] -- Detecting CXX compiler ABI info - done
[13.297s] -- Detecting CXX compile features
[13.297s] -- Detecting CXX compile features - done
[13.375s] -- Found ament_cmake: 0.8.2 (C:/dev/ros2_eloquent/share/ament_cmake/cmake)
[13.687s] -- Found PythonInterp: C:/Python37/python.exe (found suitable version "3.7.5", minimum required is "3") 
[13.687s] -- Using PYTHON_EXECUTABLE: C:/Python37/python.exe
[14.328s] -- Override CMake install command with custom implementation using symlinks instead of copying resources
[15.937s] -- Found example_interfaces: 0.7.1 (C:/dev/ros2_eloquent/share/example_interfaces/cmake)
[16.672s] -- Found rosidl_adapter: 0.8.2 (C:/dev/ros2_eloquent/share/rosidl_adapter/cmake)
[17.859s] -- Found rclcpp: 0.8.4 (C:/dev/ros2_eloquent/share/rclcpp/cmake)
[18.125s] -- Found rmw_implementation_cmake: 0.8.1 (C:/dev/ros2_eloquent/share/rmw_implementation_cmake/cmake)
[18.141s] -- Using RMW implementation 'rmw_fastrtps_cpp' as default
[18.156s] -- Looking for pthread.h
[19.141s] -- Looking for pthread.h - not found
[19.156s] -- Found Threads: TRUE  
[20.187s] -- Configuring done
[20.437s] -- Generating done
[20.469s] -- Build files have been written to: C:/kcl/robotics/ros/ros2_example_ws/build/examples_rclcpp_minimal_client
[20.562s] Invoked command in 'C:\kcl\robotics\ros\ros2_example_ws\build\examples_rclcpp_minimal_client' returned '0': PUBLIC=%PUBLIC%
PyCharm Community Edition=C:\Program Files\JetBrains\PyCharm Community Edition 2019.2.3\bin; C:\Program Files\CMake\bin\cmake.EXE C:\kcl\robotics\ros\ros2_example_ws\src\examples\rclcpp\minimal_client -DAMENT_CMAKE_SYMLINK_INSTALL=1 -DCMAKE_INSTALL_PREFIX=C:\kcl\robotics\ros\ros2_example_ws\install\examples_rclcpp_minimal_client -G Visual Studio 16 2019
[20.578s] Invoking command in 'C:\kcl\robotics\ros\ros2_example_ws\build\examples_rclcpp_minimal_client': CL=/MP PUBLIC=%PUBLIC%
PyCharm Community Edition=C:\Program Files\JetBrains\PyCharm Community Edition 2019.2.3\bin; C:\Program Files\CMake\bin\cmake.EXE --build C:\kcl\robotics\ros\ros2_example_ws\build\examples_rclcpp_minimal_client --config Release
[21.000s] Microsoft (R) Build Engine version 16.4.0+e901037fe for .NET Framework
[21.000s] Copyright (C) Microsoft Corporation. All rights reserved.
[21.000s] 
[21.797s]   Checking Build System
[22.344s]   Building Custom Rule C:/kcl/robotics/ros/ros2_example_ws/src/examples/rclcpp/minimal_client/CMakeLists.txt
[22.906s]   main.cpp
[28.781s]   client_main.vcxproj -> C:\kcl\robotics\ros\ros2_example_ws\build\examples_rclcpp_minimal_client\Release\client_main.exe
[29.266s]   Building Custom Rule C:/kcl/robotics/ros/ros2_example_ws/src/examples/rclcpp/minimal_client/CMakeLists.txt
[29.922s] Invoked command in 'C:\kcl\robotics\ros\ros2_example_ws\build\examples_rclcpp_minimal_client' returned '0': CL=/MP PUBLIC=%PUBLIC%
PyCharm Community Edition=C:\Program Files\JetBrains\PyCharm Community Edition 2019.2.3\bin; C:\Program Files\CMake\bin\cmake.EXE --build C:\kcl\robotics\ros\ros2_example_ws\build\examples_rclcpp_minimal_client --config Release
[29.922s] Invoking command in 'C:\kcl\robotics\ros\ros2_example_ws\build\examples_rclcpp_minimal_client': PUBLIC=%PUBLIC%
PyCharm Community Edition=C:\Program Files\JetBrains\PyCharm Community Edition 2019.2.3\bin; C:\Program Files\CMake\bin\cmake.EXE --build C:\kcl\robotics\ros\ros2_example_ws\build\examples_rclcpp_minimal_client --target install --config Release
[30.391s] Microsoft (R) Build Engine version 16.4.0+e901037fe for .NET Framework
[30.391s] Copyright (C) Microsoft Corporation. All rights reserved.
[30.391s] 
[31.312s]   client_main.vcxproj -> C:\kcl\robotics\ros\ros2_example_ws\build\examples_rclcpp_minimal_client\Release\client_main.exe
[31.859s]   -- Install configuration: "Release"
[31.875s]   -- Execute custom install script
[31.891s]   -- Symlinking: C:/kcl/robotics/ros/ros2_example_ws/install/examples_rclcpp_minimal_client/lib/examples_rclcpp_minimal_client/client_main.exe
[32.062s]   -- Symlinking: C:/kcl/robotics/ros/ros2_example_ws/install/examples_rclcpp_minimal_client/share/ament_index/resource_index/package_run_dependencies/examples_rclcpp_minimal_client
[32.250s]   -- Symlinking: C:/kcl/robotics/ros/ros2_example_ws/install/examples_rclcpp_minimal_client/share/ament_index/resource_index/parent_prefix_path/examples_rclcpp_minimal_client
[32.500s]   -- Symlinking: C:/kcl/robotics/ros/ros2_example_ws/install/examples_rclcpp_minimal_client/share/examples_rclcpp_minimal_client/environment/ament_prefix_path.bat
[32.641s]   -- Symlinking: C:/kcl/robotics/ros/ros2_example_ws/install/examples_rclcpp_minimal_client/share/examples_rclcpp_minimal_client/environment/ament_prefix_path.dsv
[32.812s]   -- Symlinking: C:/kcl/robotics/ros/ros2_example_ws/install/examples_rclcpp_minimal_client/share/examples_rclcpp_minimal_client/environment/path.bat
[33.125s]   -- Symlinking: C:/kcl/robotics/ros/ros2_example_ws/install/examples_rclcpp_minimal_client/share/examples_rclcpp_minimal_client/environment/path.dsv
[33.281s]   -- Symlinking: C:/kcl/robotics/ros/ros2_example_ws/install/examples_rclcpp_minimal_client/share/examples_rclcpp_minimal_client/local_setup.bat
[33.578s]   -- Symlinking: C:/kcl/robotics/ros/ros2_example_ws/install/examples_rclcpp_minimal_client/share/examples_rclcpp_minimal_client/local_setup.dsv
[33.766s]   -- Symlinking: C:/kcl/robotics/ros/ros2_example_ws/install/examples_rclcpp_minimal_client/share/examples_rclcpp_minimal_client/package.dsv
[34.016s]   -- Symlinking: C:/kcl/robotics/ros/ros2_example_ws/install/examples_rclcpp_minimal_client/share/ament_index/resource_index/packages/examples_rclcpp_minimal_client
[34.687s]   -- Symlinking: C:/kcl/robotics/ros/ros2_example_ws/install/examples_rclcpp_minimal_client/share/examples_rclcpp_minimal_client/cmake/examples_rclcpp_minimal_clientConfig.cmake
[35.047s]   -- Symlinking: C:/kcl/robotics/ros/ros2_example_ws/install/examples_rclcpp_minimal_client/share/examples_rclcpp_minimal_client/cmake/examples_rclcpp_minimal_clientConfig-version.cmake
[35.391s]   -- Symlinking: C:/kcl/robotics/ros/ros2_example_ws/install/examples_rclcpp_minimal_client/share/examples_rclcpp_minimal_client/package.xml
[35.750s] Invoked command in 'C:\kcl\robotics\ros\ros2_example_ws\build\examples_rclcpp_minimal_client' returned '0': PUBLIC=%PUBLIC%
PyCharm Community Edition=C:\Program Files\JetBrains\PyCharm Community Edition 2019.2.3\bin; C:\Program Files\CMake\bin\cmake.EXE --build C:\kcl\robotics\ros\ros2_example_ws\build\examples_rclcpp_minimal_client --target install --config Release
