[35m[1mScanning dependencies of target moveit_ros_planning_gencfg[0m
[  1%] [34m[1mGenerating dynamic reconfigure files from planning_scene_monitor/cfg/PlanningSceneMonitorDynamicReconfigure.cfg: /home/mikroszolos/kcl/robotics/ros/ws_moveit/devel/.private/moveit_ros_planning/include/moveit_ros_planning/PlanningSceneMonitorDynamicReconfigureConfig.h /home/mikroszolos/kcl/robotics/ros/ws_moveit/devel/.private/moveit_ros_planning/lib/python2.7/dist-packages/moveit_ros_planning/cfg/PlanningSceneMonitorDynamicReconfigureConfig.py[0m
Generating reconfiguration files for PlanningSceneMonitorDynamicReconfigure in moveit_ros_planning
Wrote header file in /home/mikroszolos/kcl/robotics/ros/ws_moveit/devel/.private/moveit_ros_planning/include/moveit_ros_planning/PlanningSceneMonitorDynamicReconfigureConfig.h
[  3%] [34m[1mGenerating dynamic reconfigure files from trajectory_execution_manager/cfg/TrajectoryExecutionDynamicReconfigure.cfg: /home/mikroszolos/kcl/robotics/ros/ws_moveit/devel/.private/moveit_ros_planning/include/moveit_ros_planning/TrajectoryExecutionDynamicReconfigureConfig.h /home/mikroszolos/kcl/robotics/ros/ws_moveit/devel/.private/moveit_ros_planning/lib/python2.7/dist-packages/moveit_ros_planning/cfg/TrajectoryExecutionDynamicReconfigureConfig.py[0m
Generating reconfiguration files for TrajectoryExecutionDynamicReconfigure in moveit_ros_planning
Wrote header file in /home/mikroszolos/kcl/robotics/ros/ws_moveit/devel/.private/moveit_ros_planning/include/moveit_ros_planning/TrajectoryExecutionDynamicReconfigureConfig.h
[  4%] [34m[1mGenerating dynamic reconfigure files from plan_execution/cfg/PlanExecutionDynamicReconfigure.cfg: /home/mikroszolos/kcl/robotics/ros/ws_moveit/devel/.private/moveit_ros_planning/include/moveit_ros_planning/PlanExecutionDynamicReconfigureConfig.h /home/mikroszolos/kcl/robotics/ros/ws_moveit/devel/.private/moveit_ros_planning/lib/python2.7/dist-packages/moveit_ros_planning/cfg/PlanExecutionDynamicReconfigureConfig.py[0m
Generating reconfiguration files for PlanExecutionDynamicReconfigure in moveit_ros_planning
Wrote header file in /home/mikroszolos/kcl/robotics/ros/ws_moveit/devel/.private/moveit_ros_planning/include/moveit_ros_planning/PlanExecutionDynamicReconfigureConfig.h
[  6%] [34m[1mGenerating dynamic reconfigure files from plan_execution/cfg/SenseForPlanDynamicReconfigure.cfg: /home/mikroszolos/kcl/robotics/ros/ws_moveit/devel/.private/moveit_ros_planning/include/moveit_ros_planning/SenseForPlanDynamicReconfigureConfig.h /home/mikroszolos/kcl/robotics/ros/ws_moveit/devel/.private/moveit_ros_planning/lib/python2.7/dist-packages/moveit_ros_planning/cfg/SenseForPlanDynamicReconfigureConfig.py[0m
Generating reconfiguration files for SenseForPlanDynamicReconfigure in moveit_ros_planning
Wrote header file in /home/mikroszolos/kcl/robotics/ros/ws_moveit/devel/.private/moveit_ros_planning/include/moveit_ros_planning/SenseForPlanDynamicReconfigureConfig.h
[  6%] Built target moveit_ros_planning_gencfg
[35m[1mScanning dependencies of target moveit_rdf_loader[0m
[  8%] [32mBuilding CXX object rdf_loader/CMakeFiles/moveit_rdf_loader.dir/src/rdf_loader.cpp.o[0m
[  9%] [32m[1mLinking CXX shared library /home/mikroszolos/kcl/robotics/ros/ws_moveit/devel/.private/moveit_ros_planning/lib/libmoveit_rdf_loader.so[0m
[  9%] Built target moveit_rdf_loader
[35m[1mScanning dependencies of target moveit_collision_plugin_loader[0m
[ 11%] [32mBuilding CXX object collision_plugin_loader/CMakeFiles/moveit_collision_plugin_loader.dir/src/collision_plugin_loader.cpp.o[0m
[ 13%] [32m[1mLinking CXX shared library /home/mikroszolos/kcl/robotics/ros/ws_moveit/devel/.private/moveit_ros_planning/lib/libmoveit_collision_plugin_loader.so[0m
[ 13%] Built target moveit_collision_plugin_loader
[35m[1mScanning dependencies of target moveit_kinematics_plugin_loader[0m
[ 14%] [32mBuilding CXX object kinematics_plugin_loader/CMakeFiles/moveit_kinematics_plugin_loader.dir/src/kinematics_plugin_loader.cpp.o[0m
[ 16%] [32m[1mLinking CXX shared library /home/mikroszolos/kcl/robotics/ros/ws_moveit/devel/.private/moveit_ros_planning/lib/libmoveit_kinematics_plugin_loader.so[0m
[ 16%] Built target moveit_kinematics_plugin_loader
[35m[1mScanning dependencies of target moveit_constraint_sampler_manager_loader[0m
[ 18%] [32mBuilding CXX object constraint_sampler_manager_loader/CMakeFiles/moveit_constraint_sampler_manager_loader.dir/src/constraint_sampler_manager_loader.cpp.o[0m
[ 19%] [32m[1mLinking CXX shared library /home/mikroszolos/kcl/robotics/ros/ws_moveit/devel/.private/moveit_ros_planning/lib/libmoveit_constraint_sampler_manager_loader.so[0m
[ 19%] Built target moveit_constraint_sampler_manager_loader
[35m[1mScanning dependencies of target moveit_planning_pipeline[0m
[ 21%] [32mBuilding CXX object planning_pipeline/CMakeFiles/moveit_planning_pipeline.dir/src/planning_pipeline.cpp.o[0m
[ 22%] [32m[1mLinking CXX shared library /home/mikroszolos/kcl/robotics/ros/ws_moveit/devel/.private/moveit_ros_planning/lib/libmoveit_planning_pipeline.so[0m
[ 22%] Built target moveit_planning_pipeline
[35m[1mScanning dependencies of target moveit_list_request_adapter_plugins[0m
[ 24%] [32mBuilding CXX object planning_request_adapter_plugins/CMakeFiles/moveit_list_request_adapter_plugins.dir/src/list.cpp.o[0m
[ 26%] [32m[1mLinking CXX executable /home/mikroszolos/kcl/robotics/ros/ws_moveit/devel/.private/moveit_ros_planning/lib/moveit_ros_planning/moveit_list_request_adapter_plugins[0m
[ 26%] Built target moveit_list_request_adapter_plugins
[35m[1mScanning dependencies of target moveit_default_planning_request_adapter_plugins[0m
[ 27%] [32mBuilding CXX object planning_request_adapter_plugins/CMakeFiles/moveit_default_planning_request_adapter_plugins.dir/src/empty.cpp.o[0m
[ 29%] [32mBuilding CXX object planning_request_adapter_plugins/CMakeFiles/moveit_default_planning_request_adapter_plugins.dir/src/fix_start_state_bounds.cpp.o[0m
[ 31%] [32mBuilding CXX object planning_request_adapter_plugins/CMakeFiles/moveit_default_planning_request_adapter_plugins.dir/src/fix_start_state_collision.cpp.o[0m
[ 32%] [32mBuilding CXX object planning_request_adapter_plugins/CMakeFiles/moveit_default_planning_request_adapter_plugins.dir/src/fix_start_state_path_constraints.cpp.o[0m
[ 34%] [32mBuilding CXX object planning_request_adapter_plugins/CMakeFiles/moveit_default_planning_request_adapter_plugins.dir/src/fix_workspace_bounds.cpp.o[0m
[ 36%] [32mBuilding CXX object planning_request_adapter_plugins/CMakeFiles/moveit_default_planning_request_adapter_plugins.dir/src/add_time_parameterization.cpp.o[0m
[ 37%] [32mBuilding CXX object planning_request_adapter_plugins/CMakeFiles/moveit_default_planning_request_adapter_plugins.dir/src/add_iterative_spline_parameterization.cpp.o[0m
[ 39%] [32mBuilding CXX object planning_request_adapter_plugins/CMakeFiles/moveit_default_planning_request_adapter_plugins.dir/src/add_time_optimal_parameterization.cpp.o[0m
[ 40%] [32mBuilding CXX object planning_request_adapter_plugins/CMakeFiles/moveit_default_planning_request_adapter_plugins.dir/src/resolve_constraint_frames.cpp.o[0m
[ 42%] [32m[1mLinking CXX shared library /home/mikroszolos/kcl/robotics/ros/ws_moveit/devel/.private/moveit_ros_planning/lib/libmoveit_default_planning_request_adapter_plugins.so[0m
[ 42%] Built target moveit_default_planning_request_adapter_plugins
[35m[1mScanning dependencies of target moveit_robot_model_loader[0m
[ 44%] [32mBuilding CXX object robot_model_loader/CMakeFiles/moveit_robot_model_loader.dir/src/robot_model_loader.cpp.o[0m
[ 45%] [32m[1mLinking CXX shared library /home/mikroszolos/kcl/robotics/ros/ws_moveit/devel/.private/moveit_ros_planning/lib/libmoveit_robot_model_loader.so[0m
[ 45%] Built target moveit_robot_model_loader
[35m[1mScanning dependencies of target moveit_planning_scene_monitor[0m
[ 47%] [32mBuilding CXX object planning_scene_monitor/CMakeFiles/moveit_planning_scene_monitor.dir/src/planning_scene_monitor.cpp.o[0m
[ 49%] [32mBuilding CXX object planning_scene_monitor/CMakeFiles/moveit_planning_scene_monitor.dir/src/current_state_monitor.cpp.o[0m
[ 50%] [32mBuilding CXX object planning_scene_monitor/CMakeFiles/moveit_planning_scene_monitor.dir/src/trajectory_monitor.cpp.o[0m
[ 52%] [32m[1mLinking CXX shared library /home/mikroszolos/kcl/robotics/ros/ws_moveit/devel/.private/moveit_ros_planning/lib/libmoveit_planning_scene_monitor.so[0m
[ 52%] Built target moveit_planning_scene_monitor
[35m[1mScanning dependencies of target moveit_evaluate_state_operations_speed[0m
[ 54%] [32mBuilding CXX object planning_components_tools/CMakeFiles/moveit_evaluate_state_operations_speed.dir/src/evaluate_state_operations_speed.cpp.o[0m
[ 55%] [32m[1mLinking CXX executable /home/mikroszolos/kcl/robotics/ros/ws_moveit/devel/.private/moveit_ros_planning/lib/moveit_ros_planning/moveit_evaluate_state_operations_speed[0m
[ 55%] Built target moveit_evaluate_state_operations_speed
[35m[1mScanning dependencies of target moveit_kinematics_speed_and_validity_evaluator[0m
[ 57%] [32mBuilding CXX object planning_components_tools/CMakeFiles/moveit_kinematics_speed_and_validity_evaluator.dir/src/kinematics_speed_and_validity_evaluator.cpp.o[0m
[ 59%] [32m[1mLinking CXX executable /home/mikroszolos/kcl/robotics/ros/ws_moveit/devel/.private/moveit_ros_planning/lib/moveit_ros_planning/moveit_kinematics_speed_and_validity_evaluator[0m
[ 59%] Built target moveit_kinematics_speed_and_validity_evaluator
[35m[1mScanning dependencies of target moveit_print_planning_scene_info[0m
[ 60%] [32mBuilding CXX object planning_components_tools/CMakeFiles/moveit_print_planning_scene_info.dir/src/print_planning_scene_info.cpp.o[0m
[ 62%] [32m[1mLinking CXX executable /home/mikroszolos/kcl/robotics/ros/ws_moveit/devel/.private/moveit_ros_planning/lib/moveit_ros_planning/moveit_print_planning_scene_info[0m
[ 62%] Built target moveit_print_planning_scene_info
[35m[1mScanning dependencies of target moveit_evaluate_collision_checking_speed[0m
[ 63%] [32mBuilding CXX object planning_components_tools/CMakeFiles/moveit_evaluate_collision_checking_speed.dir/src/evaluate_collision_checking_speed.cpp.o[0m
[ 65%] [32m[1mLinking CXX executable /home/mikroszolos/kcl/robotics/ros/ws_moveit/devel/.private/moveit_ros_planning/lib/moveit_ros_planning/moveit_evaluate_collision_checking_speed[0m
[ 65%] Built target moveit_evaluate_collision_checking_speed
[35m[1mScanning dependencies of target moveit_publish_scene_from_text[0m
[ 67%] [32mBuilding CXX object planning_components_tools/CMakeFiles/moveit_publish_scene_from_text.dir/src/publish_scene_from_text.cpp.o[0m
[ 68%] [32m[1mLinking CXX executable /home/mikroszolos/kcl/robotics/ros/ws_moveit/devel/.private/moveit_ros_planning/lib/moveit_ros_planning/moveit_publish_scene_from_text[0m
[ 68%] Built target moveit_publish_scene_from_text
[35m[1mScanning dependencies of target moveit_print_planning_model_info[0m
[ 70%] [32mBuilding CXX object planning_components_tools/CMakeFiles/moveit_print_planning_model_info.dir/src/print_planning_model_info.cpp.o[0m
[ 72%] [32m[1mLinking CXX executable /home/mikroszolos/kcl/robotics/ros/ws_moveit/devel/.private/moveit_ros_planning/lib/moveit_ros_planning/moveit_print_planning_model_info[0m
[ 72%] Built target moveit_print_planning_model_info
[35m[1mScanning dependencies of target moveit_display_random_state[0m
[ 73%] [32mBuilding CXX object planning_components_tools/CMakeFiles/moveit_display_random_state.dir/src/display_random_state.cpp.o[0m
[ 75%] [32m[1mLinking CXX executable /home/mikroszolos/kcl/robotics/ros/ws_moveit/devel/.private/moveit_ros_planning/lib/moveit_ros_planning/moveit_display_random_state[0m
[ 75%] Built target moveit_display_random_state
[35m[1mScanning dependencies of target moveit_visualize_robot_collision_volume[0m
[ 77%] [32mBuilding CXX object planning_components_tools/CMakeFiles/moveit_visualize_robot_collision_volume.dir/src/visualize_robot_collision_volume.cpp.o[0m
[ 78%] [32m[1mLinking CXX executable /home/mikroszolos/kcl/robotics/ros/ws_moveit/devel/.private/moveit_ros_planning/lib/moveit_ros_planning/moveit_visualize_robot_collision_volume[0m
[ 78%] Built target moveit_visualize_robot_collision_volume
[35m[1mScanning dependencies of target moveit_compare_collision_checking_speed_fcl_bullet[0m
[ 80%] [32mBuilding CXX object planning_components_tools/CMakeFiles/moveit_compare_collision_checking_speed_fcl_bullet.dir/src/compare_collision_speed_checking_fcl_bullet.cpp.o[0m
[ 81%] [32m[1mLinking CXX executable /home/mikroszolos/kcl/robotics/ros/ws_moveit/devel/.private/moveit_ros_planning/lib/moveit_ros_planning/moveit_compare_collision_checking_speed_fcl_bullet[0m
[ 81%] Built target moveit_compare_collision_checking_speed_fcl_bullet
[35m[1mScanning dependencies of target moveit_trajectory_execution_manager[0m
[ 83%] [32mBuilding CXX object trajectory_execution_manager/CMakeFiles/moveit_trajectory_execution_manager.dir/src/trajectory_execution_manager.cpp.o[0m
[ 85%] [32m[1mLinking CXX shared library /home/mikroszolos/kcl/robotics/ros/ws_moveit/devel/.private/moveit_ros_planning/lib/libmoveit_trajectory_execution_manager.so[0m
[ 85%] Built target moveit_trajectory_execution_manager
[35m[1mScanning dependencies of target demo_scene[0m
[ 86%] [32mBuilding CXX object planning_scene_monitor/CMakeFiles/demo_scene.dir/demos/demo_scene.cpp.o[0m
[ 88%] [32m[1mLinking CXX executable /home/mikroszolos/kcl/robotics/ros/ws_moveit/devel/.private/moveit_ros_planning/lib/moveit_ros_planning/demo_scene[0m
[ 88%] Built target demo_scene
[35m[1mScanning dependencies of target test_controller_manager_plugin[0m
[ 90%] [32mBuilding CXX object trajectory_execution_manager/CMakeFiles/test_controller_manager_plugin.dir/test/test_moveit_controller_manager_plugin.cpp.o[0m
[ 91%] [32m[1mLinking CXX shared library /home/mikroszolos/kcl/robotics/ros/ws_moveit/devel/.private/moveit_ros_planning/lib/libtest_controller_manager_plugin.so[0m
[ 91%] Built target test_controller_manager_plugin
[35m[1mScanning dependencies of target test_controller_manager[0m
[ 93%] [32mBuilding CXX object trajectory_execution_manager/CMakeFiles/test_controller_manager.dir/test/test_app.cpp.o[0m
[ 95%] [32m[1mLinking CXX executable /home/mikroszolos/kcl/robotics/ros/ws_moveit/devel/.private/moveit_ros_planning/lib/moveit_ros_planning/test_controller_manager[0m
[ 95%] Built target test_controller_manager
[35m[1mScanning dependencies of target moveit_plan_execution[0m
[ 96%] [32mBuilding CXX object plan_execution/CMakeFiles/moveit_plan_execution.dir/src/plan_with_sensing.cpp.o[0m
[ 98%] [32mBuilding CXX object plan_execution/CMakeFiles/moveit_plan_execution.dir/src/plan_execution.cpp.o[0m
[100%] [32m[1mLinking CXX shared library /home/mikroszolos/kcl/robotics/ros/ws_moveit/devel/.private/moveit_ros_planning/lib/libmoveit_plan_execution.so[0m
[100%] Built target moveit_plan_execution
